#
# There is insufficient memory for the Java Runtime Environment to continue.
# Native memory allocation (mmap) failed to map 170917888 bytes for Failed to commit area from 0x0000000753b00000 to 0x000000075de00000 of length 170917888.
# Possible reasons:
#   The system is out of physical RAM or swap space
#   The process is running with CompressedOops enabled, and the Java Heap may be blocking the growth of the native heap
# Possible solutions:
#   Reduce memory load on the system
#   Increase physical memory or swap space
#   Check if swap backing store is full
#   Decrease Java heap size (-Xmx/-Xms)
#   Decrease number of Java threads
#   Decrease Java thread stack sizes (-Xss)
#   Set larger code cache with -XX:ReservedCodeCacheSize=
#   JVM is running with Zero Based Compressed Oops mode in which the Java heap is
#     placed in the first 32GB address space. The Java Heap base address is the
#     maximum limit for the native heap growth. Please use -XX:HeapBaseMinAddress
#     to set the Java Heap base and to place the Java Heap above 32GB virtual address.
# This output file may be truncated or incomplete.
#
#  Out of Memory Error (./src/hotspot/os/windows/os_windows.cpp:3386), pid=2452, tid=21260
#
# JRE version: OpenJDK Runtime Environment Microsoft-40648 (11.0.16.1+1) (build 11.0.16.1+1-LTS)
# Java VM: OpenJDK 64-Bit Server VM Microsoft-40648 (11.0.16.1+1-LTS, mixed mode, tiered, compressed oops, g1 gc, windows-amd64)
# No core dump will be written. Minidumps are not enabled by default on client versions of Windows
#

---------------  S U M M A R Y ------------

Command Line: -Dapplication.home=C:\Program Files\Microsoft\jdk-11.0.16.101-hotspot --add-modules=ALL-DEFAULT -Xms8m -Dfile.encoding=UTF8 -Djdk.module.main=jdk.compiler jdk.compiler/com.sun.tools.javac.Main @C:\Users\Luis F\AppData\Local\Temp\tmpDCF.tmp -target 1.8 -source 1.8

Host: 11th Gen Intel(R) Core(TM) i7-1165G7 @ 2.80GHz, 8 cores, 11G,  Windows 11 , 64 bit Build 22621 (10.0.22621.2070)
Time: Wed Feb  7 22:41:43 2024 SA Western Standard Time elapsed time: 6.019698 seconds (0d 0h 0m 6s)

---------------  T H R E A D  ---------------

Current thread (0x000002e47f654000):  VMThread "VM Thread" [stack: 0x000000fb6fd00000,0x000000fb6fe00000] [id=21260]

Stack: [0x000000fb6fd00000,0x000000fb6fe00000]
[error occurred during error reporting (printing stack bounds), id 0xc0000005, EXCEPTION_ACCESS_VIOLATION (0xc0000005) at pc=0x000002e4682312e7]

Native frames: (J=compiled Java code, j=interpreted, Vv=VM code, C=native code)
V  [jvm.dll+0x62652a]
V  [jvm.dll+0x7b3249]
V  [jvm.dll+0x7b4938]
V  [jvm.dll+0x7b4f75]
V  [jvm.dll+0x7b4f2b]
V  [jvm.dll+0x6258b7]
V  [jvm.dll+0x625fc8]
C  [ntdll.dll+0xa3dff]
C  [ntdll.dll+0x1e456]
C  [ntdll.dll+0xa2dee]
C  0x000002e4682312e7

VM_Operation (0x000000fb6f7fcf40): G1CollectForAllocation, mode: safepoint, requested by thread 0x000002e45e2ca000


---------------  P R O C E S S  ---------------

Threads class SMR info:
_java_thread_list=0x000002e4027eb600, length=12, elements={
0x000002e45e2ca000, 0x000002e47f67a000, 0x000002e47f67c800, 0x000002e402043800,
0x000002e47f699000, 0x000002e47f69b800, 0x000002e47f69e800, 0x000002e47f6a1800,
0x000002e47f6a8000, 0x000002e402180000, 0x000002e4027b8000, 0x000002e402852000
}

Java Threads: ( => current thread )
  0x000002e45e2ca000 JavaThread "main" [_thread_blocked, id=23236, stack(0x000000fb6f700000,0x000000fb6f800000)]
  0x000002e47f67a000 JavaThread "Reference Handler" daemon [_thread_blocked, id=14816, stack(0x000000fb6fe00000,0x000000fb6ff00000)]
  0x000002e47f67c800 JavaThread "Finalizer" daemon [_thread_blocked, id=9024, stack(0x000000fb6ff00000,0x000000fb70000000)]
  0x000002e402043800 JavaThread "Signal Dispatcher" daemon [_thread_blocked, id=21724, stack(0x000000fb70000000,0x000000fb70100000)]
  0x000002e47f699000 JavaThread "Attach Listener" daemon [_thread_blocked, id=20660, stack(0x000000fb70100000,0x000000fb70200000)]
  0x000002e47f69b800 JavaThread "Service Thread" daemon [_thread_blocked, id=6424, stack(0x000000fb70200000,0x000000fb70300000)]
  0x000002e47f69e800 JavaThread "C2 CompilerThread0" daemon [_thread_blocked, id=19044, stack(0x000000fb70300000,0x000000fb70400000)]
  0x000002e47f6a1800 JavaThread "C1 CompilerThread0" daemon [_thread_blocked, id=23204, stack(0x000000fb70400000,0x000000fb70500000)]
  0x000002e47f6a8000 JavaThread "Sweeper thread" daemon [_thread_blocked, id=20672, stack(0x000000fb70500000,0x000000fb70600000)]
  0x000002e402180000 JavaThread "Common-Cleaner" daemon [_thread_blocked, id=17832, stack(0x000000fb70600000,0x000000fb70700000)]
  0x000002e4027b8000 JavaThread "C2 CompilerThread1" daemon [_thread_blocked, id=20292, stack(0x000000fb70700000,0x000000fb70800000)]
  0x000002e402852000 JavaThread "C2 CompilerThread2" daemon [_thread_in_native, id=12144, stack(0x000000fb70a00000,0x000000fb70b00000)]

Other Threads:
=>0x000002e47f654000 VMThread "VM Thread" [stack: 0x000000fb6fd00000,0x000000fb6fe00000] [id=21260]
  0x000002e402252800 WatcherThread [stack: 0x000000fb70800000,0x000000fb70900000] [id=21416]
  0x000002e45e2e3800 GCTaskThread "GC Thread#0" [stack: 0x000000fb6f800000,0x000000fb6f900000] [id=20460]
  0x000002e4024ba000 GCTaskThread "GC Thread#1" [stack: 0x000000fb70900000,0x000000fb70a00000] [id=18532]
  0x000002e4065c3000 GCTaskThread "GC Thread#2" [stack: 0x000000fb70f00000,0x000000fb71000000] [id=22996]
  0x000002e405004000 GCTaskThread "GC Thread#3" [stack: 0x000000fb71000000,0x000000fb71100000] [id=23096]
  0x000002e405005000 GCTaskThread "GC Thread#4" [stack: 0x000000fb71100000,0x000000fb71200000] [id=23860]
  0x000002e45e32c000 ConcurrentGCThread "G1 Main Marker" [stack: 0x000000fb6f900000,0x000000fb6fa00000] [id=9980]
  0x000002e45e32e000 ConcurrentGCThread "G1 Conc#0" [stack: 0x000000fb6fa00000,0x000000fb6fb00000] [id=14920]
  0x000002e403967800 ConcurrentGCThread "G1 Conc#1" [stack: 0x000000fb70b00000,0x000000fb70c00000] [id=15604]
  0x000002e45e38a800 ConcurrentGCThread "G1 Refine#0" [stack: 0x000000fb6fb00000,0x000000fb6fc00000] [id=19748]
  0x000002e404013000 ConcurrentGCThread "G1 Refine#1" [stack: 0x000000fb70c00000,0x000000fb70d00000] [id=18456]
  0x000002e40294d000 ConcurrentGCThread "G1 Refine#2" [stack: 0x000000fb70d00000,0x000000fb70e00000] [id=24492]
  0x000002e40513a800 ConcurrentGCThread "G1 Refine#3" [stack: 0x000000fb70e00000,0x000000fb70f00000] [id=19588]
  0x000002e403904800 ConcurrentGCThread "G1 Refine#4" [stack: 0x000000fb71200000,0x000000fb71300000] [id=22348]
  0x000002e45e38c800 ConcurrentGCThread "G1 Young RemSet Sampling" [stack: 0x000000fb6fc00000,0x000000fb6fd00000] [id=22464]

Threads with active compile tasks:
C2 CompilerThread0     6032 4387       4       com.sun.tools.javac.code.Types::isSubtypeUncheckedInternal (163 bytes)
C2 CompilerThread1     6032 4401       4       com.sun.tools.javac.code.Types$4::visitClassType (10 bytes)
C2 CompilerThread2     6032 4389       4       com.sun.tools.javac.comp.Resolve::findField (316 bytes)

VM state:at safepoint (normal execution)

VM Mutex/Monitor currently owned by a thread:  ([mutex/lock_event])
[0x000002e45e2c5d20] Threads_lock - owner thread: 0x000002e47f654000
[0x000002e45e2c62c0] Heap_lock - owner thread: 0x000002e45e2ca000

Heap address: 0x0000000745800000, size: 2984 MB, Compressed Oops mode: Zero based, Oop shift amount: 3
Narrow klass base: 0x0000000800000000, Narrow klass shift: 0
Compressed class space size: 1073741824 Address: 0x0000000800000000

Heap:
 garbage-first heap   total 399360K, used 78286K [0x0000000745800000, 0x0000000800000000)
  region size 1024K, 7 young (7168K), 7 survivors (7168K)
 Metaspace       used 18248K, capacity 18545K, committed 18688K, reserved 1067008K
  class space    used 1657K, capacity 1785K, committed 1792K, reserved 1048576K
Heap Regions: E=young(eden), S=young(survivor), O=old, HS=humongous(starts), HC=humongous(continues), CS=collection set, F=free, A=archive, TAMS=top-at-mark-start (previous, next)
|   0|0x0000000745800000, 0x0000000745900000, 0x0000000745900000|100%| O|  |TAMS 0x0000000745900000, 0x0000000745800000| Untracked 
|   1|0x0000000745900000, 0x0000000745a00000, 0x0000000745a00000|100%| O|  |TAMS 0x0000000745a00000, 0x0000000745900000| Untracked 
|   2|0x0000000745a00000, 0x0000000745b00000, 0x0000000745b00000|100%| O|  |TAMS 0x0000000745b00000, 0x0000000745a00000| Untracked 
|   3|0x0000000745b00000, 0x0000000745c00000, 0x0000000745c00000|100%| O|  |TAMS 0x0000000745c00000, 0x0000000745b00000| Untracked 
|   4|0x0000000745c00000, 0x0000000745d00000, 0x0000000745d00000|100%| O|  |TAMS 0x0000000745d00000, 0x0000000745c00000| Untracked 
|   5|0x0000000745d00000, 0x0000000745e00000, 0x0000000745e00000|100%| O|  |TAMS 0x0000000745e00000, 0x0000000745d00000| Untracked 
|   6|0x0000000745e00000, 0x0000000745f00000, 0x0000000745f00000|100%| O|  |TAMS 0x0000000745f00000, 0x0000000745e00000| Untracked 
|   7|0x0000000745f00000, 0x0000000746000000, 0x0000000746000000|100%| O|  |TAMS 0x0000000746000000, 0x0000000745f00000| Untracked 
|   8|0x0000000746000000, 0x0000000746100000, 0x0000000746100000|100%| O|  |TAMS 0x0000000746100000, 0x0000000746000000| Untracked 
|   9|0x0000000746100000, 0x0000000746200000, 0x0000000746200000|100%|HS|  |TAMS 0x0000000746200000, 0x0000000746100000| Complete 
|  10|0x0000000746200000, 0x0000000746300000, 0x0000000746300000|100%|HC|  |TAMS 0x0000000746300000, 0x0000000746200000| Complete 
|  11|0x0000000746300000, 0x0000000746400000, 0x0000000746400000|100%|HC|  |TAMS 0x0000000746400000, 0x0000000746300000| Complete 
|  12|0x0000000746400000, 0x0000000746500000, 0x0000000746500000|100%|HS|  |TAMS 0x0000000746500000, 0x0000000746400000| Complete 
|  13|0x0000000746500000, 0x0000000746600000, 0x0000000746600000|100%|HC|  |TAMS 0x0000000746600000, 0x0000000746500000| Complete 
|  14|0x0000000746600000, 0x0000000746700000, 0x0000000746700000|100%|HC|  |TAMS 0x0000000746700000, 0x0000000746600000| Complete 
|  15|0x0000000746700000, 0x0000000746800000, 0x0000000746800000|100%|HC|  |TAMS 0x0000000746800000, 0x0000000746700000| Complete 
|  16|0x0000000746800000, 0x0000000746900000, 0x0000000746900000|100%|HC|  |TAMS 0x0000000746900000, 0x0000000746800000| Complete 
|  17|0x0000000746900000, 0x0000000746a00000, 0x0000000746a00000|100%|HS|  |TAMS 0x0000000746a00000, 0x0000000746900000| Complete 
|  18|0x0000000746a00000, 0x0000000746b00000, 0x0000000746b00000|100%|HS|  |TAMS 0x0000000746b00000, 0x0000000746a00000| Complete 
|  19|0x0000000746b00000, 0x0000000746c00000, 0x0000000746c00000|100%|HC|  |TAMS 0x0000000746c00000, 0x0000000746b00000| Complete 
|  20|0x0000000746c00000, 0x0000000746d00000, 0x0000000746d00000|100%| O|  |TAMS 0x0000000746c00000, 0x0000000746c00000| Untracked 
|  21|0x0000000746d00000, 0x0000000746e00000, 0x0000000746e00000|100%| O|  |TAMS 0x0000000746e00000, 0x0000000746d00000| Untracked 
|  22|0x0000000746e00000, 0x0000000746f00000, 0x0000000746f00000|100%| O|  |TAMS 0x0000000746f00000, 0x0000000746e00000| Untracked 
|  23|0x0000000746f00000, 0x0000000747000000, 0x0000000747000000|100%| O|  |TAMS 0x0000000747000000, 0x0000000746f00000| Untracked 
|  24|0x0000000747000000, 0x0000000747100000, 0x0000000747100000|100%| O|  |TAMS 0x0000000747100000, 0x0000000747000000| Untracked 
|  25|0x0000000747100000, 0x0000000747200000, 0x0000000747200000|100%| O|  |TAMS 0x0000000747200000, 0x0000000747100000| Untracked 
|  26|0x0000000747200000, 0x0000000747300000, 0x0000000747300000|100%| O|  |TAMS 0x0000000747300000, 0x0000000747200000| Untracked 
|  27|0x0000000747300000, 0x0000000747400000, 0x0000000747400000|100%| O|  |TAMS 0x0000000747400000, 0x0000000747300000| Untracked 
|  28|0x0000000747400000, 0x0000000747500000, 0x0000000747500000|100%| O|  |TAMS 0x0000000747500000, 0x0000000747400000| Untracked 
|  29|0x0000000747500000, 0x0000000747600000, 0x0000000747600000|100%| O|  |TAMS 0x0000000747600000, 0x0000000747500000| Untracked 
|  30|0x0000000747600000, 0x0000000747700000, 0x0000000747700000|100%| O|  |TAMS 0x0000000747700000, 0x0000000747600000| Untracked 
|  31|0x0000000747700000, 0x0000000747800000, 0x0000000747800000|100%| O|  |TAMS 0x0000000747800000, 0x0000000747700000| Untracked 
|  32|0x0000000747800000, 0x0000000747900000, 0x0000000747900000|100%| O|  |TAMS 0x0000000747900000, 0x0000000747800000| Untracked 
|  33|0x0000000747900000, 0x0000000747a00000, 0x0000000747a00000|100%| O|  |TAMS 0x0000000747a00000, 0x0000000747900000| Untracked 
|  34|0x0000000747a00000, 0x0000000747b00000, 0x0000000747b00000|100%| O|  |TAMS 0x0000000747b00000, 0x0000000747a00000| Untracked 
|  35|0x0000000747b00000, 0x0000000747c00000, 0x0000000747c00000|100%| O|  |TAMS 0x0000000747c00000, 0x0000000747b00000| Untracked 
|  36|0x0000000747c00000, 0x0000000747d00000, 0x0000000747d00000|100%| O|  |TAMS 0x0000000747d00000, 0x0000000747c00000| Untracked 
|  37|0x0000000747d00000, 0x0000000747e00000, 0x0000000747e00000|100%| O|  |TAMS 0x0000000747e00000, 0x0000000747d00000| Untracked 
|  38|0x0000000747e00000, 0x0000000747f00000, 0x0000000747f00000|100%| O|  |TAMS 0x0000000747f00000, 0x0000000747e00000| Untracked 
|  39|0x0000000747f00000, 0x0000000748000000, 0x0000000748000000|100%| O|  |TAMS 0x0000000748000000, 0x0000000747f00000| Untracked 
|  40|0x0000000748000000, 0x0000000748100000, 0x0000000748100000|100%| O|  |TAMS 0x0000000748100000, 0x0000000748000000| Untracked 
|  41|0x0000000748100000, 0x0000000748200000, 0x0000000748200000|100%| O|  |TAMS 0x0000000748200000, 0x0000000748100000| Untracked 
|  42|0x0000000748200000, 0x0000000748300000, 0x0000000748300000|100%| O|  |TAMS 0x0000000748300000, 0x0000000748200000| Untracked 
|  43|0x0000000748300000, 0x0000000748400000, 0x0000000748400000|100%| O|  |TAMS 0x0000000748400000, 0x0000000748300000| Untracked 
|  44|0x0000000748400000, 0x0000000748500000, 0x0000000748500000|100%| O|  |TAMS 0x0000000748500000, 0x0000000748400000| Untracked 
|  45|0x0000000748500000, 0x0000000748600000, 0x0000000748600000|100%| O|  |TAMS 0x0000000748600000, 0x0000000748500000| Untracked 
|  46|0x0000000748600000, 0x0000000748700000, 0x0000000748700000|100%| O|  |TAMS 0x0000000748700000, 0x0000000748600000| Untracked 
|  47|0x0000000748700000, 0x0000000748800000, 0x0000000748800000|100%| O|  |TAMS 0x0000000748800000, 0x0000000748700000| Untracked 
|  48|0x0000000748800000, 0x0000000748900000, 0x0000000748900000|100%| O|  |TAMS 0x0000000748900000, 0x0000000748800000| Untracked 
|  49|0x0000000748900000, 0x0000000748a00000, 0x0000000748a00000|100%| O|  |TAMS 0x0000000748a00000, 0x0000000748900000| Untracked 
|  50|0x0000000748a00000, 0x0000000748b00000, 0x0000000748b00000|100%| O|  |TAMS 0x0000000748b00000, 0x0000000748a00000| Untracked 
|  51|0x0000000748b00000, 0x0000000748c00000, 0x0000000748c00000|100%| O|  |TAMS 0x0000000748c00000, 0x0000000748b00000| Untracked 
|  52|0x0000000748c00000, 0x0000000748d00000, 0x0000000748d00000|100%| O|  |TAMS 0x0000000748d00000, 0x0000000748c00000| Untracked 
|  53|0x0000000748d00000, 0x0000000748e00000, 0x0000000748e00000|100%| O|  |TAMS 0x0000000748d80000, 0x0000000748d00000| Untracked 
|  54|0x0000000748e00000, 0x0000000748f00000, 0x0000000748f00000|100%|HS|  |TAMS 0x0000000748e00000, 0x0000000748e00000| Complete 
|  55|0x0000000748f00000, 0x0000000749000000, 0x0000000749000000|100%|HC|  |TAMS 0x0000000748f00000, 0x0000000748f00000| Complete 
|  56|0x0000000749000000, 0x0000000749100000, 0x0000000749100000|100%| O|  |TAMS 0x0000000749000000, 0x0000000749000000| Untracked 
|  57|0x0000000749100000, 0x0000000749200000, 0x0000000749200000|100%| O|  |TAMS 0x0000000749100000, 0x0000000749100000| Untracked 
|  58|0x0000000749200000, 0x0000000749300000, 0x0000000749300000|100%| O|  |TAMS 0x0000000749200000, 0x0000000749200000| Untracked 
|  59|0x0000000749300000, 0x0000000749400000, 0x0000000749400000|100%| O|  |TAMS 0x0000000749300000, 0x0000000749300000| Untracked 
|  60|0x0000000749400000, 0x0000000749500000, 0x0000000749500000|100%| O|  |TAMS 0x0000000749400000, 0x0000000749400000| Untracked 
|  61|0x0000000749500000, 0x0000000749600000, 0x0000000749600000|100%| O|  |TAMS 0x0000000749500000, 0x0000000749500000| Untracked 
|  62|0x0000000749600000, 0x0000000749700000, 0x0000000749700000|100%| O|  |TAMS 0x0000000749600000, 0x0000000749600000| Untracked 
|  63|0x0000000749700000, 0x0000000749800000, 0x0000000749800000|100%| O|  |TAMS 0x0000000749700000, 0x0000000749700000| Untracked 
|  64|0x0000000749800000, 0x0000000749900000, 0x0000000749900000|100%| O|  |TAMS 0x0000000749800000, 0x0000000749800000| Untracked 
|  65|0x0000000749900000, 0x0000000749a00000, 0x0000000749a00000|100%| O|  |TAMS 0x0000000749900000, 0x0000000749900000| Untracked 
|  66|0x0000000749a00000, 0x0000000749b00000, 0x0000000749b00000|100%| O|  |TAMS 0x0000000749a00000, 0x0000000749a00000| Untracked 
|  67|0x0000000749b00000, 0x0000000749c00000, 0x0000000749c00000|100%| O|  |TAMS 0x0000000749b00000, 0x0000000749b00000| Untracked 
|  68|0x0000000749c00000, 0x0000000749d00000, 0x0000000749d00000|100%| O|  |TAMS 0x0000000749c00000, 0x0000000749c00000| Untracked 
|  69|0x0000000749d00000, 0x0000000749d73800, 0x0000000749e00000| 45%| O|  |TAMS 0x0000000749d00000, 0x0000000749d00000| Untracked 
|  70|0x0000000749e00000, 0x0000000749e00000, 0x0000000749f00000|  0%| F|  |TAMS 0x0000000749e00000, 0x0000000749e00000| Untracked 
|  71|0x0000000749f00000, 0x0000000749f00000, 0x000000074a000000|  0%| F|  |TAMS 0x0000000749f00000, 0x0000000749f00000| Untracked 
|  72|0x000000074a000000, 0x000000074a000000, 0x000000074a100000|  0%| F|  |TAMS 0x000000074a000000, 0x000000074a000000| Untracked 
|  73|0x000000074a100000, 0x000000074a100000, 0x000000074a200000|  0%| F|  |TAMS 0x000000074a100000, 0x000000074a100000| Untracked 
|  74|0x000000074a200000, 0x000000074a200000, 0x000000074a300000|  0%| F|  |TAMS 0x000000074a200000, 0x000000074a200000| Untracked 
|  75|0x000000074a300000, 0x000000074a300000, 0x000000074a400000|  0%| F|  |TAMS 0x000000074a300000, 0x000000074a300000| Untracked 
|  76|0x000000074a400000, 0x000000074a400000, 0x000000074a500000|  0%| F|  |TAMS 0x000000074a400000, 0x000000074a400000| Untracked 
|  77|0x000000074a500000, 0x000000074a500000, 0x000000074a600000|  0%| F|  |TAMS 0x000000074a500000, 0x000000074a500000| Untracked 
|  78|0x000000074a600000, 0x000000074a600000, 0x000000074a700000|  0%| F|  |TAMS 0x000000074a600000, 0x000000074a600000| Untracked 
|  79|0x000000074a700000, 0x000000074a700000, 0x000000074a800000|  0%| F|  |TAMS 0x000000074a700000, 0x000000074a700000| Untracked 
|  80|0x000000074a800000, 0x000000074a800000, 0x000000074a900000|  0%| F|  |TAMS 0x000000074a800000, 0x000000074a800000| Untracked 
|  81|0x000000074a900000, 0x000000074a900000, 0x000000074aa00000|  0%| F|  |TAMS 0x000000074a900000, 0x000000074a900000| Untracked 
|  82|0x000000074aa00000, 0x000000074aa00000, 0x000000074ab00000|  0%| F|  |TAMS 0x000000074aa00000, 0x000000074aa00000| Untracked 
|  83|0x000000074ab00000, 0x000000074ab00000, 0x000000074ac00000|  0%| F|  |TAMS 0x000000074ab00000, 0x000000074ab00000| Untracked 
|  84|0x000000074ac00000, 0x000000074ac00000, 0x000000074ad00000|  0%| F|  |TAMS 0x000000074ac00000, 0x000000074ac00000| Untracked 
|  85|0x000000074ad00000, 0x000000074ad00000, 0x000000074ae00000|  0%| F|  |TAMS 0x000000074ad00000, 0x000000074ad00000| Untracked 
|  86|0x000000074ae00000, 0x000000074ae00000, 0x000000074af00000|  0%| F|  |TAMS 0x000000074ae00000, 0x000000074ae00000| Untracked 
|  87|0x000000074af00000, 0x000000074af00000, 0x000000074b000000|  0%| F|  |TAMS 0x000000074af00000, 0x000000074af00000| Untracked 
|  88|0x000000074b000000, 0x000000074b000000, 0x000000074b100000|  0%| F|  |TAMS 0x000000074b000000, 0x000000074b000000| Untracked 
|  89|0x000000074b100000, 0x000000074b100000, 0x000000074b200000|  0%| F|  |TAMS 0x000000074b100000, 0x000000074b100000| Untracked 
|  90|0x000000074b200000, 0x000000074b200000, 0x000000074b300000|  0%| F|  |TAMS 0x000000074b200000, 0x000000074b200000| Untracked 
|  91|0x000000074b300000, 0x000000074b300000, 0x000000074b400000|  0%| F|  |TAMS 0x000000074b300000, 0x000000074b300000| Untracked 
|  92|0x000000074b400000, 0x000000074b400000, 0x000000074b500000|  0%| F|  |TAMS 0x000000074b400000, 0x000000074b400000| Untracked 
|  93|0x000000074b500000, 0x000000074b500000, 0x000000074b600000|  0%| F|  |TAMS 0x000000074b500000, 0x000000074b500000| Untracked 
|  94|0x000000074b600000, 0x000000074b600000, 0x000000074b700000|  0%| F|  |TAMS 0x000000074b600000, 0x000000074b600000| Untracked 
|  95|0x000000074b700000, 0x000000074b700000, 0x000000074b800000|  0%| F|  |TAMS 0x000000074b700000, 0x000000074b700000| Untracked 
|  96|0x000000074b800000, 0x000000074b800000, 0x000000074b900000|  0%| F|  |TAMS 0x000000074b800000, 0x000000074b800000| Untracked 
|  97|0x000000074b900000, 0x000000074b900000, 0x000000074ba00000|  0%| F|  |TAMS 0x000000074b900000, 0x000000074b900000| Untracked 
|  98|0x000000074ba00000, 0x000000074ba00000, 0x000000074bb00000|  0%| F|  |TAMS 0x000000074ba00000, 0x000000074ba00000| Untracked 
|  99|0x000000074bb00000, 0x000000074bb00000, 0x000000074bc00000|  0%| F|  |TAMS 0x000000074bb00000, 0x000000074bb00000| Untracked 
| 100|0x000000074bc00000, 0x000000074bc00000, 0x000000074bd00000|  0%| F|  |TAMS 0x000000074bc00000, 0x000000074bc00000| Untracked 
| 101|0x000000074bd00000, 0x000000074bd00000, 0x000000074be00000|  0%| F|  |TAMS 0x000000074bd00000, 0x000000074bd00000| Untracked 
| 102|0x000000074be00000, 0x000000074be00000, 0x000000074bf00000|  0%| F|  |TAMS 0x000000074be00000, 0x000000074be00000| Untracked 
| 103|0x000000074bf00000, 0x000000074bf00000, 0x000000074c000000|  0%| F|  |TAMS 0x000000074bf00000, 0x000000074bf00000| Untracked 
| 104|0x000000074c000000, 0x000000074c000000, 0x000000074c100000|  0%| F|  |TAMS 0x000000074c000000, 0x000000074c000000| Untracked 
| 105|0x000000074c100000, 0x000000074c100000, 0x000000074c200000|  0%| F|  |TAMS 0x000000074c100000, 0x000000074c100000| Untracked 
| 106|0x000000074c200000, 0x000000074c200000, 0x000000074c300000|  0%| F|  |TAMS 0x000000074c200000, 0x000000074c200000| Untracked 
| 107|0x000000074c300000, 0x000000074c300000, 0x000000074c400000|  0%| F|  |TAMS 0x000000074c300000, 0x000000074c300000| Untracked 
| 108|0x000000074c400000, 0x000000074c400000, 0x000000074c500000|  0%| F|  |TAMS 0x000000074c400000, 0x000000074c400000| Untracked 
| 109|0x000000074c500000, 0x000000074c500000, 0x000000074c600000|  0%| F|  |TAMS 0x000000074c500000, 0x000000074c500000| Untracked 
| 110|0x000000074c600000, 0x000000074c600000, 0x000000074c700000|  0%| F|  |TAMS 0x000000074c600000, 0x000000074c600000| Untracked 
| 111|0x000000074c700000, 0x000000074c700000, 0x000000074c800000|  0%| F|  |TAMS 0x000000074c700000, 0x000000074c700000| Untracked 
| 112|0x000000074c800000, 0x000000074c800000, 0x000000074c900000|  0%| F|  |TAMS 0x000000074c800000, 0x000000074c800000| Untracked 
| 113|0x000000074c900000, 0x000000074c900000, 0x000000074ca00000|  0%| F|  |TAMS 0x000000074c900000, 0x000000074c900000| Untracked 
| 114|0x000000074ca00000, 0x000000074ca00000, 0x000000074cb00000|  0%| F|  |TAMS 0x000000074ca00000, 0x000000074ca00000| Untracked 
| 115|0x000000074cb00000, 0x000000074cb00000, 0x000000074cc00000|  0%| F|  |TAMS 0x000000074cb00000, 0x000000074cb00000| Untracked 
| 116|0x000000074cc00000, 0x000000074cc00000, 0x000000074cd00000|  0%| F|  |TAMS 0x000000074cc00000, 0x000000074cc00000| Untracked 
| 117|0x000000074cd00000, 0x000000074cd00000, 0x000000074ce00000|  0%| F|  |TAMS 0x000000074cd00000, 0x000000074cd00000| Untracked 
| 118|0x000000074ce00000, 0x000000074ce00000, 0x000000074cf00000|  0%| F|  |TAMS 0x000000074ce00000, 0x000000074ce00000| Untracked 
| 119|0x000000074cf00000, 0x000000074cf00000, 0x000000074d000000|  0%| F|  |TAMS 0x000000074cf00000, 0x000000074cf00000| Untracked 
| 120|0x000000074d000000, 0x000000074d000000, 0x000000074d100000|  0%| F|  |TAMS 0x000000074d000000, 0x000000074d000000| Untracked 
| 121|0x000000074d100000, 0x000000074d100000, 0x000000074d200000|  0%| F|  |TAMS 0x000000074d100000, 0x000000074d100000| Untracked 
| 122|0x000000074d200000, 0x000000074d200000, 0x000000074d300000|  0%| F|  |TAMS 0x000000074d200000, 0x000000074d200000| Untracked 
| 123|0x000000074d300000, 0x000000074d300000, 0x000000074d400000|  0%| F|  |TAMS 0x000000074d300000, 0x000000074d300000| Untracked 
| 124|0x000000074d400000, 0x000000074d400000, 0x000000074d500000|  0%| F|  |TAMS 0x000000074d400000, 0x000000074d400000| Untracked 
| 125|0x000000074d500000, 0x000000074d500000, 0x000000074d600000|  0%| F|  |TAMS 0x000000074d500000, 0x000000074d500000| Untracked 
| 126|0x000000074d600000, 0x000000074d600000, 0x000000074d700000|  0%| F|  |TAMS 0x000000074d600000, 0x000000074d600000| Untracked 
| 127|0x000000074d700000, 0x000000074d800000, 0x000000074d800000|100%| S|CS|TAMS 0x000000074d700000, 0x000000074d700000| Complete 
| 128|0x000000074d800000, 0x000000074d900000, 0x000000074d900000|100%| S|CS|TAMS 0x000000074d800000, 0x000000074d800000| Complete 
| 129|0x000000074d900000, 0x000000074da00000, 0x000000074da00000|100%| S|CS|TAMS 0x000000074d900000, 0x000000074d900000| Complete 
| 130|0x000000074da00000, 0x000000074db00000, 0x000000074db00000|100%| S|CS|TAMS 0x000000074da00000, 0x000000074da00000| Complete 
| 131|0x000000074db00000, 0x000000074dc00000, 0x000000074dc00000|100%| S|CS|TAMS 0x000000074db00000, 0x000000074db00000| Complete 
| 132|0x000000074dc00000, 0x000000074dd00000, 0x000000074dd00000|100%| S|CS|TAMS 0x000000074dc00000, 0x000000074dc00000| Complete 
| 133|0x000000074dd00000, 0x000000074de00000, 0x000000074de00000|100%| S|CS|TAMS 0x000000074dd00000, 0x000000074dd00000| Complete 
| 134|0x000000074de00000, 0x000000074de00000, 0x000000074df00000|  0%| F|  |TAMS 0x000000074de00000, 0x000000074de00000| Untracked 
| 135|0x000000074df00000, 0x000000074df00000, 0x000000074e000000|  0%| F|  |TAMS 0x000000074df00000, 0x000000074df00000| Untracked 
| 136|0x000000074e000000, 0x000000074e000000, 0x000000074e100000|  0%| F|  |TAMS 0x000000074e000000, 0x000000074e000000| Untracked 
| 137|0x000000074e100000, 0x000000074e100000, 0x000000074e200000|  0%| F|  |TAMS 0x000000074e100000, 0x000000074e100000| Untracked 
| 138|0x000000074e200000, 0x000000074e200000, 0x000000074e300000|  0%| F|  |TAMS 0x000000074e200000, 0x000000074e200000| Untracked 
| 139|0x000000074e300000, 0x000000074e300000, 0x000000074e400000|  0%| F|  |TAMS 0x000000074e300000, 0x000000074e300000| Untracked 
| 140|0x000000074e400000, 0x000000074e400000, 0x000000074e500000|  0%| F|  |TAMS 0x000000074e400000, 0x000000074e400000| Untracked 
| 141|0x000000074e500000, 0x000000074e500000, 0x000000074e600000|  0%| F|  |TAMS 0x000000074e500000, 0x000000074e500000| Untracked 
| 142|0x000000074e600000, 0x000000074e600000, 0x000000074e700000|  0%| F|  |TAMS 0x000000074e600000, 0x000000074e600000| Untracked 
| 143|0x000000074e700000, 0x000000074e700000, 0x000000074e800000|  0%| F|  |TAMS 0x000000074e700000, 0x000000074e700000| Untracked 
| 144|0x000000074e800000, 0x000000074e800000, 0x000000074e900000|  0%| F|  |TAMS 0x000000074e800000, 0x000000074e800000| Untracked 
| 145|0x000000074e900000, 0x000000074e900000, 0x000000074ea00000|  0%| F|  |TAMS 0x000000074e900000, 0x000000074e900000| Untracked 
| 146|0x000000074ea00000, 0x000000074ea00000, 0x000000074eb00000|  0%| F|  |TAMS 0x000000074ea00000, 0x000000074ea00000| Untracked 
| 147|0x000000074eb00000, 0x000000074eb00000, 0x000000074ec00000|  0%| F|  |TAMS 0x000000074eb00000, 0x000000074eb00000| Untracked 
| 148|0x000000074ec00000, 0x000000074ec00000, 0x000000074ed00000|  0%| F|  |TAMS 0x000000074ec00000, 0x000000074ec00000| Untracked 
| 149|0x000000074ed00000, 0x000000074ed00000, 0x000000074ee00000|  0%| F|  |TAMS 0x000000074ed00000, 0x000000074ed00000| Untracked 
| 150|0x000000074ee00000, 0x000000074ee00000, 0x000000074ef00000|  0%| F|  |TAMS 0x000000074ee00000, 0x000000074ee00000| Untracked 
| 151|0x000000074ef00000, 0x000000074ef00000, 0x000000074f000000|  0%| F|  |TAMS 0x000000074ef00000, 0x000000074ef00000| Untracked 
| 152|0x000000074f000000, 0x000000074f000000, 0x000000074f100000|  0%| F|  |TAMS 0x000000074f000000, 0x000000074f000000| Untracked 
| 153|0x000000074f100000, 0x000000074f100000, 0x000000074f200000|  0%| F|  |TAMS 0x000000074f100000, 0x000000074f100000| Untracked 
| 154|0x000000074f200000, 0x000000074f200000, 0x000000074f300000|  0%| F|  |TAMS 0x000000074f200000, 0x000000074f200000| Untracked 
| 155|0x000000074f300000, 0x000000074f300000, 0x000000074f400000|  0%| F|  |TAMS 0x000000074f300000, 0x000000074f300000| Untracked 
| 156|0x000000074f400000, 0x000000074f400000, 0x000000074f500000|  0%| F|  |TAMS 0x000000074f400000, 0x000000074f400000| Untracked 
| 157|0x000000074f500000, 0x000000074f500000, 0x000000074f600000|  0%| F|  |TAMS 0x000000074f500000, 0x000000074f500000| Untracked 
| 158|0x000000074f600000, 0x000000074f600000, 0x000000074f700000|  0%| F|  |TAMS 0x000000074f600000, 0x000000074f600000| Untracked 
| 159|0x000000074f700000, 0x000000074f700000, 0x000000074f800000|  0%| F|  |TAMS 0x000000074f700000, 0x000000074f700000| Untracked 
| 160|0x000000074f800000, 0x000000074f800000, 0x000000074f900000|  0%| F|  |TAMS 0x000000074f800000, 0x000000074f800000| Untracked 
| 161|0x000000074f900000, 0x000000074f900000, 0x000000074fa00000|  0%| F|  |TAMS 0x000000074f900000, 0x000000074f900000| Untracked 
| 162|0x000000074fa00000, 0x000000074fa00000, 0x000000074fb00000|  0%| F|  |TAMS 0x000000074fa00000, 0x000000074fa00000| Untracked 
| 163|0x000000074fb00000, 0x000000074fb00000, 0x000000074fc00000|  0%| F|  |TAMS 0x000000074fb00000, 0x000000074fb00000| Untracked 
| 164|0x000000074fc00000, 0x000000074fc00000, 0x000000074fd00000|  0%| F|  |TAMS 0x000000074fc00000, 0x000000074fc00000| Untracked 
| 165|0x000000074fd00000, 0x000000074fd00000, 0x000000074fe00000|  0%| F|  |TAMS 0x000000074fd00000, 0x000000074fd00000| Untracked 
| 166|0x000000074fe00000, 0x000000074fe00000, 0x000000074ff00000|  0%| F|  |TAMS 0x000000074fe00000, 0x000000074fe00000| Untracked 
| 167|0x000000074ff00000, 0x000000074ff00000, 0x0000000750000000|  0%| F|  |TAMS 0x000000074ff00000, 0x000000074ff00000| Untracked 
| 168|0x0000000750000000, 0x0000000750000000, 0x0000000750100000|  0%| F|  |TAMS 0x0000000750000000, 0x0000000750000000| Untracked 
| 169|0x0000000750100000, 0x0000000750100000, 0x0000000750200000|  0%| F|  |TAMS 0x0000000750100000, 0x0000000750100000| Untracked 
| 170|0x0000000750200000, 0x0000000750200000, 0x0000000750300000|  0%| F|  |TAMS 0x0000000750200000, 0x0000000750200000| Untracked 
| 171|0x0000000750300000, 0x0000000750300000, 0x0000000750400000|  0%| F|  |TAMS 0x0000000750300000, 0x0000000750300000| Untracked 
| 172|0x0000000750400000, 0x0000000750400000, 0x0000000750500000|  0%| F|  |TAMS 0x0000000750400000, 0x0000000750400000| Untracked 
| 173|0x0000000750500000, 0x0000000750500000, 0x0000000750600000|  0%| F|  |TAMS 0x0000000750500000, 0x0000000750500000| Untracked 
| 174|0x0000000750600000, 0x0000000750600000, 0x0000000750700000|  0%| F|  |TAMS 0x0000000750600000, 0x0000000750600000| Untracked 
| 175|0x0000000750700000, 0x0000000750700000, 0x0000000750800000|  0%| F|  |TAMS 0x0000000750700000, 0x0000000750700000| Untracked 
| 176|0x0000000750800000, 0x0000000750800000, 0x0000000750900000|  0%| F|  |TAMS 0x0000000750800000, 0x0000000750800000| Untracked 
| 177|0x0000000750900000, 0x0000000750900000, 0x0000000750a00000|  0%| F|  |TAMS 0x0000000750900000, 0x0000000750900000| Untracked 
| 178|0x0000000750a00000, 0x0000000750a00000, 0x0000000750b00000|  0%| F|  |TAMS 0x0000000750a00000, 0x0000000750a00000| Untracked 
| 179|0x0000000750b00000, 0x0000000750b00000, 0x0000000750c00000|  0%| F|  |TAMS 0x0000000750b00000, 0x0000000750b00000| Untracked 
| 180|0x0000000750c00000, 0x0000000750c00000, 0x0000000750d00000|  0%| F|  |TAMS 0x0000000750c00000, 0x0000000750c00000| Untracked 
| 181|0x0000000750d00000, 0x0000000750d00000, 0x0000000750e00000|  0%| F|  |TAMS 0x0000000750d00000, 0x0000000750d00000| Untracked 
| 182|0x0000000750e00000, 0x0000000750e00000, 0x0000000750f00000|  0%| F|  |TAMS 0x0000000750e00000, 0x0000000750e00000| Untracked 
| 183|0x0000000750f00000, 0x0000000750f00000, 0x0000000751000000|  0%| F|  |TAMS 0x0000000750f00000, 0x0000000750f00000| Untracked 
| 184|0x0000000751000000, 0x0000000751000000, 0x0000000751100000|  0%| F|  |TAMS 0x0000000751000000, 0x0000000751000000| Untracked 
| 185|0x0000000751100000, 0x0000000751100000, 0x0000000751200000|  0%| F|  |TAMS 0x0000000751100000, 0x0000000751100000| Untracked 
| 186|0x0000000751200000, 0x0000000751200000, 0x0000000751300000|  0%| F|  |TAMS 0x0000000751200000, 0x0000000751200000| Untracked 
| 187|0x0000000751300000, 0x0000000751300000, 0x0000000751400000|  0%| F|  |TAMS 0x0000000751300000, 0x0000000751300000| Untracked 
| 188|0x0000000751400000, 0x0000000751400000, 0x0000000751500000|  0%| F|  |TAMS 0x0000000751400000, 0x0000000751400000| Untracked 
| 189|0x0000000751500000, 0x0000000751500000, 0x0000000751600000|  0%| F|  |TAMS 0x0000000751500000, 0x0000000751500000| Untracked 
| 190|0x0000000751600000, 0x0000000751600000, 0x0000000751700000|  0%| F|  |TAMS 0x0000000751600000, 0x0000000751600000| Untracked 
| 191|0x0000000751700000, 0x0000000751700000, 0x0000000751800000|  0%| F|  |TAMS 0x0000000751700000, 0x0000000751700000| Untracked 
| 192|0x0000000751800000, 0x0000000751800000, 0x0000000751900000|  0%| F|  |TAMS 0x0000000751800000, 0x0000000751800000| Untracked 
| 193|0x0000000751900000, 0x0000000751900000, 0x0000000751a00000|  0%| F|  |TAMS 0x0000000751900000, 0x0000000751900000| Untracked 
| 194|0x0000000751a00000, 0x0000000751a00000, 0x0000000751b00000|  0%| F|  |TAMS 0x0000000751a00000, 0x0000000751a00000| Untracked 
| 195|0x0000000751b00000, 0x0000000751b00000, 0x0000000751c00000|  0%| F|  |TAMS 0x0000000751b00000, 0x0000000751b00000| Untracked 
| 196|0x0000000751c00000, 0x0000000751c00000, 0x0000000751d00000|  0%| F|  |TAMS 0x0000000751c00000, 0x0000000751c00000| Untracked 
| 197|0x0000000751d00000, 0x0000000751d00000, 0x0000000751e00000|  0%| F|  |TAMS 0x0000000751d00000, 0x0000000751d00000| Untracked 
| 198|0x0000000751e00000, 0x0000000751e00000, 0x0000000751f00000|  0%| F|  |TAMS 0x0000000751e00000, 0x0000000751e00000| Untracked 
| 199|0x0000000751f00000, 0x0000000751f00000, 0x0000000752000000|  0%| F|  |TAMS 0x0000000751f00000, 0x0000000751f00000| Untracked 
| 200|0x0000000752000000, 0x0000000752000000, 0x0000000752100000|  0%| F|  |TAMS 0x0000000752000000, 0x0000000752000000| Untracked 
| 201|0x0000000752100000, 0x0000000752100000, 0x0000000752200000|  0%| F|  |TAMS 0x0000000752100000, 0x0000000752100000| Untracked 
| 202|0x0000000752200000, 0x0000000752200000, 0x0000000752300000|  0%| F|  |TAMS 0x0000000752200000, 0x0000000752200000| Untracked 
| 203|0x0000000752300000, 0x0000000752300000, 0x0000000752400000|  0%| F|  |TAMS 0x0000000752300000, 0x0000000752300000| Untracked 
| 204|0x0000000752400000, 0x0000000752400000, 0x0000000752500000|  0%| F|  |TAMS 0x0000000752400000, 0x0000000752400000| Untracked 
| 205|0x0000000752500000, 0x0000000752500000, 0x0000000752600000|  0%| F|  |TAMS 0x0000000752500000, 0x0000000752500000| Untracked 
| 206|0x0000000752600000, 0x0000000752600000, 0x0000000752700000|  0%| F|  |TAMS 0x0000000752600000, 0x0000000752600000| Untracked 
| 207|0x0000000752700000, 0x0000000752700000, 0x0000000752800000|  0%| F|  |TAMS 0x0000000752700000, 0x0000000752700000| Untracked 
| 208|0x0000000752800000, 0x0000000752800000, 0x0000000752900000|  0%| F|  |TAMS 0x0000000752800000, 0x0000000752800000| Untracked 
| 209|0x0000000752900000, 0x0000000752900000, 0x0000000752a00000|  0%| F|  |TAMS 0x0000000752900000, 0x0000000752900000| Untracked 
| 210|0x0000000752a00000, 0x0000000752a00000, 0x0000000752b00000|  0%| F|  |TAMS 0x0000000752a00000, 0x0000000752a00000| Untracked 
| 211|0x0000000752b00000, 0x0000000752b00000, 0x0000000752c00000|  0%| F|  |TAMS 0x0000000752b00000, 0x0000000752b00000| Untracked 
| 212|0x0000000752c00000, 0x0000000752c00000, 0x0000000752d00000|  0%| F|  |TAMS 0x0000000752c00000, 0x0000000752c00000| Untracked 
| 213|0x0000000752d00000, 0x0000000752d00000, 0x0000000752e00000|  0%| F|  |TAMS 0x0000000752d00000, 0x0000000752d00000| Untracked 
| 214|0x0000000752e00000, 0x0000000752e00000, 0x0000000752f00000|  0%| F|  |TAMS 0x0000000752e00000, 0x0000000752e00000| Untracked 
| 215|0x0000000752f00000, 0x0000000752f00000, 0x0000000753000000|  0%| F|  |TAMS 0x0000000752f00000, 0x0000000752f00000| Untracked 
| 216|0x0000000753000000, 0x0000000753000000, 0x0000000753100000|  0%| F|  |TAMS 0x0000000753000000, 0x0000000753000000| Untracked 
| 217|0x0000000753100000, 0x0000000753100000, 0x0000000753200000|  0%| F|  |TAMS 0x0000000753100000, 0x0000000753100000| Untracked 
| 218|0x0000000753200000, 0x0000000753200000, 0x0000000753300000|  0%| F|  |TAMS 0x0000000753200000, 0x0000000753200000| Untracked 
| 219|0x0000000753300000, 0x0000000753300000, 0x0000000753400000|  0%| F|  |TAMS 0x0000000753300000, 0x0000000753300000| Untracked 
| 220|0x0000000753400000, 0x0000000753400000, 0x0000000753500000|  0%| F|  |TAMS 0x0000000753400000, 0x0000000753400000| Untracked 
| 221|0x0000000753500000, 0x0000000753500000, 0x0000000753600000|  0%| F|  |TAMS 0x0000000753500000, 0x0000000753500000| Untracked 
| 222|0x0000000753600000, 0x0000000753600000, 0x0000000753700000|  0%| F|  |TAMS 0x0000000753600000, 0x0000000753600000| Untracked 
| 223|0x0000000753700000, 0x0000000753700000, 0x0000000753800000|  0%| F|  |TAMS 0x0000000753700000, 0x0000000753700000| Untracked 
| 224|0x0000000753800000, 0x0000000753800000, 0x0000000753900000|  0%| F|  |TAMS 0x0000000753800000, 0x0000000753800000| Untracked 
| 225|0x0000000753900000, 0x0000000753900000, 0x0000000753a00000|  0%| F|  |TAMS 0x0000000753900000, 0x0000000753900000| Untracked 
| 226|0x0000000753a00000, 0x0000000753a00000, 0x0000000753b00000|  0%| F|  |TAMS 0x0000000753a00000, 0x0000000753a00000| Untracked 

Card table byte_map: [0x000002e478270000,0x000002e478850000] _byte_map_base: 0x000002e474844000

Marking Bits (Prev, Next): (CMBitMap*) 0x000002e45e31e9e0, (CMBitMap*) 0x000002e45e31e9a8
 Prev Bits: [0x000002e47bcd0000, 0x000002e47eb70000)
 Next Bits: [0x000002e478e30000, 0x000002e47bcd0000)

Polling page: 0x000002e45e3a0000

Metaspace:

Usage:
  Non-class:     16.37 MB capacity,    16.20 MB ( 99%) used,   135.06 KB ( <1%) free+waste,    33.88 KB ( <1%) overhead. 
      Class:      1.74 MB capacity,     1.62 MB ( 93%) used,   114.50 KB (  6%) free+waste,    13.25 KB ( <1%) overhead. 
       Both:     18.11 MB capacity,    17.82 MB ( 98%) used,   249.56 KB (  1%) free+waste,    47.13 KB ( <1%) overhead. 

Virtual space:
  Non-class space:       18.00 MB reserved,      16.50 MB ( 92%) committed 
      Class space:        1.00 GB reserved,       1.75 MB ( <1%) committed 
             Both:        1.02 GB reserved,      18.25 MB (  2%) committed 

Chunk freelists:
   Non-Class:  8.00 KB
       Class:  7.00 KB
        Both:  15.00 KB

MaxMetaspaceSize: 17179869184.00 GB
CompressedClassSpaceSize: 1.00 GB
Initial GC threshold: 20.80 MB
Current GC threshold: 27.09 MB
CDS: off

CodeHeap 'non-profiled nmethods': size=120000Kb used=3076Kb max_used=3076Kb free=116924Kb
 bounds [0x000002e46fd00000, 0x000002e470010000, 0x000002e477230000]
CodeHeap 'profiled nmethods': size=120000Kb used=11355Kb max_used=11355Kb free=108644Kb
 bounds [0x000002e4687d0000, 0x000002e4692f0000, 0x000002e46fd00000]
CodeHeap 'non-nmethods': size=5760Kb used=1161Kb max_used=1243Kb free=4599Kb
 bounds [0x000002e468230000, 0x000002e4684a0000, 0x000002e4687d0000]
 total_blobs=4740 nmethods=4334 adapters=317
 compilation: enabled
              stopped_count=0, restarted_count=0
 full_count=0

Compilation events (20 events):
Event: 5.939 Thread 0x000002e47f6a1800 4395       2       com.sun.tools.javac.code.Types::classBound (12 bytes)
Event: 5.939 Thread 0x000002e47f6a1800 nmethod 4395 0x000002e4692e4910 code [0x000002e4692e4ac0, 0x000002e4692e4c48]
Event: 5.939 Thread 0x000002e4027b8000 nmethod 4377 0x000002e46fff9510 code [0x000002e46fff9780, 0x000002e46fffae90]
Event: 5.940 Thread 0x000002e4027b8000 4381       4       com.sun.tools.javac.comp.Lower::access (719 bytes)
Event: 5.944 Thread 0x000002e47f69e800 nmethod 4391% 0x000002e46fffbb10 code [0x000002e46fffbd60, 0x000002e46fffc930]
Event: 5.944 Thread 0x000002e47f69e800 4386       4       com.sun.tools.javac.comp.Check::unhandled (56 bytes)
Event: 5.947 Thread 0x000002e47f69e800 nmethod 4386 0x000002e46fffd410 code [0x000002e46fffd5c0, 0x000002e46fffd6e8]
Event: 5.947 Thread 0x000002e47f69e800 4384       4       com.sun.tools.javac.code.Types::hashCode (31 bytes)
Event: 5.947 Thread 0x000002e47f6a1800 4396       3       com.sun.tools.javac.code.Types$ImplementationCache::implementationInternal (164 bytes)
Event: 5.948 Thread 0x000002e47f6a1800 nmethod 4396 0x000002e4692e4d10 code [0x000002e4692e5040, 0x000002e4692e67d8]
Event: 5.948 Thread 0x000002e47f69e800 nmethod 4384 0x000002e46fffd890 code [0x000002e46fffda40, 0x000002e46fffdb48]
Event: 5.949 Thread 0x000002e47f69e800 4390       4       com.sun.tools.javac.code.Type$PackageType::accept (9 bytes)
Event: 5.950 Thread 0x000002e47f69e800 nmethod 4390 0x000002e46fffdd10 code [0x000002e46fffdec0, 0x000002e46fffdfb8]
Event: 5.950 Thread 0x000002e47f69e800 4387       4       com.sun.tools.javac.code.Types::isSubtypeUncheckedInternal (163 bytes)
Event: 5.980 Thread 0x000002e4027b8000 nmethod 4381 0x000002e46fffe190 code [0x000002e46fffe4a0, 0x000002e46ffff4a0]
Event: 5.980 Thread 0x000002e4027b8000 4405       4       com.sun.tools.javac.jvm.Items$Item::coerce (99 bytes)
Event: 5.981 Thread 0x000002e4027b8000 nmethod 4405 0x000002e470000710 code [0x000002e4700008a0, 0x000002e470000938]
Event: 5.981 Thread 0x000002e4027b8000 4379       4       com.sun.tools.javac.code.Symbol::isStatic (65 bytes)
Event: 5.985 Thread 0x000002e4027b8000 nmethod 4379 0x000002e470000a10 code [0x000002e470000be0, 0x000002e470000e58]
Event: 5.985 Thread 0x000002e4027b8000 4401       4       com.sun.tools.javac.code.Types$4::visitClassType (10 bytes)

GC Heap History (20 events):
Event: 1.522 GC heap after
{Heap after GC invocations=32 (full 0):
 garbage-first heap   total 47104K, used 19392K [0x0000000745800000, 0x0000000800000000)
  region size 1024K, 1 young (1024K), 1 survivors (1024K)
 Metaspace       used 13778K, capacity 14068K, committed 14336K, reserved 1062912K
  class space    used 1408K, capacity 1503K, committed 1536K, reserved 1048576K
}
Event: 1.569 GC heap before
{Heap before GC invocations=33 (full 0):
 garbage-first heap   total 47104K, used 24512K [0x0000000745800000, 0x0000000800000000)
  region size 1024K, 5 young (5120K), 1 survivors (1024K)
 Metaspace       used 13781K, capacity 14068K, committed 14336K, reserved 1062912K
  class space    used 1408K, capacity 1503K, committed 1536K, reserved 1048576K
}
Event: 1.573 GC heap after
{Heap after GC invocations=34 (full 0):
 garbage-first heap   total 47104K, used 22410K [0x0000000745800000, 0x0000000800000000)
  region size 1024K, 2 young (2048K), 2 survivors (2048K)
 Metaspace       used 13781K, capacity 14068K, committed 14336K, reserved 1062912K
  class space    used 1408K, capacity 1503K, committed 1536K, reserved 1048576K
}
Event: 1.775 GC heap before
{Heap before GC invocations=35 (full 0):
 garbage-first heap   total 47104K, used 32650K [0x0000000745800000, 0x0000000800000000)
  region size 1024K, 10 young (10240K), 2 survivors (2048K)
 Metaspace       used 13874K, capacity 14197K, committed 14336K, reserved 1062912K
  class space    used 1408K, capacity 1503K, committed 1536K, reserved 1048576K
}
Event: 1.784 GC heap after
{Heap after GC invocations=36 (full 0):
 garbage-first heap   total 94208K, used 23939K [0x0000000745800000, 0x0000000800000000)
  region size 1024K, 2 young (2048K), 2 survivors (2048K)
 Metaspace       used 13874K, capacity 14197K, committed 14336K, reserved 1062912K
  class space    used 1408K, capacity 1503K, committed 1536K, reserved 1048576K
}
Event: 2.410 GC heap before
{Heap before GC invocations=36 (full 0):
 garbage-first heap   total 94208K, used 49539K [0x0000000745800000, 0x0000000800000000)
  region size 1024K, 25 young (25600K), 2 survivors (2048K)
 Metaspace       used 15292K, capacity 15607K, committed 15744K, reserved 1062912K
  class space    used 1514K, capacity 1610K, committed 1664K, reserved 1048576K
}
Event: 2.423 GC heap after
{Heap after GC invocations=37 (full 0):
 garbage-first heap   total 94208K, used 33953K [0x0000000745800000, 0x0000000800000000)
  region size 1024K, 4 young (4096K), 4 survivors (4096K)
 Metaspace       used 15292K, capacity 15607K, committed 15744K, reserved 1062912K
  class space    used 1514K, capacity 1610K, committed 1664K, reserved 1048576K
}
Event: 2.624 GC heap before
{Heap before GC invocations=37 (full 0):
 garbage-first heap   total 94208K, used 57505K [0x0000000745800000, 0x0000000800000000)
  region size 1024K, 27 young (27648K), 4 survivors (4096K)
 Metaspace       used 15832K, capacity 16191K, committed 16384K, reserved 1064960K
  class space    used 1555K, capacity 1696K, committed 1792K, reserved 1048576K
}
Event: 2.662 GC heap after
{Heap after GC invocations=38 (full 0):
 garbage-first heap   total 94208K, used 48921K [0x0000000745800000, 0x0000000800000000)
  region size 1024K, 4 young (4096K), 4 survivors (4096K)
 Metaspace       used 15832K, capacity 16191K, committed 16384K, reserved 1064960K
  class space    used 1555K, capacity 1696K, committed 1792K, reserved 1048576K
}
Event: 2.758 GC heap before
{Heap before GC invocations=38 (full 0):
 garbage-first heap   total 94208K, used 64281K [0x0000000745800000, 0x0000000800000000)
  region size 1024K, 19 young (19456K), 4 survivors (4096K)
 Metaspace       used 16018K, capacity 16323K, committed 16640K, reserved 1064960K
  class space    used 1559K, capacity 1696K, committed 1792K, reserved 1048576K
}
Event: 2.787 GC heap after
{Heap after GC invocations=39 (full 0):
 garbage-first heap   total 94208K, used 57856K [0x0000000745800000, 0x0000000800000000)
  region size 1024K, 3 young (3072K), 3 survivors (3072K)
 Metaspace       used 16018K, capacity 16323K, committed 16640K, reserved 1064960K
  class space    used 1559K, capacity 1696K, committed 1792K, reserved 1048576K
}
Event: 2.917 GC heap before
{Heap before GC invocations=40 (full 0):
 garbage-first heap   total 94208K, used 71168K [0x0000000745800000, 0x0000000800000000)
  region size 1024K, 14 young (14336K), 3 survivors (3072K)
 Metaspace       used 16114K, capacity 16461K, committed 16640K, reserved 1064960K
  class space    used 1559K, capacity 1696K, committed 1792K, reserved 1048576K
}
Event: 2.937 GC heap after
{Heap after GC invocations=41 (full 0):
 garbage-first heap   total 232448K, used 61440K [0x0000000745800000, 0x0000000800000000)
  region size 1024K, 2 young (2048K), 2 survivors (2048K)
 Metaspace       used 16114K, capacity 16461K, committed 16640K, reserved 1064960K
  class space    used 1559K, capacity 1696K, committed 1792K, reserved 1048576K
}
Event: 4.158 GC heap before
{Heap before GC invocations=41 (full 0):
 garbage-first heap   total 232448K, used 112640K [0x0000000745800000, 0x0000000800000000)
  region size 1024K, 52 young (53248K), 2 survivors (2048K)
 Metaspace       used 17699K, capacity 17957K, committed 18176K, reserved 1064960K
  class space    used 1655K, capacity 1785K, committed 1792K, reserved 1048576K
}
Event: 4.176 GC heap after
{Heap after GC invocations=42 (full 0):
 garbage-first heap   total 232448K, used 67783K [0x0000000745800000, 0x0000000800000000)
  region size 1024K, 7 young (7168K), 7 survivors (7168K)
 Metaspace       used 17699K, capacity 17957K, committed 18176K, reserved 1064960K
  class space    used 1655K, capacity 1785K, committed 1792K, reserved 1048576K
}
Event: 4.841 GC heap before
{Heap before GC invocations=42 (full 0):
 garbage-first heap   total 232448K, used 130247K [0x0000000745800000, 0x0000000800000000)
  region size 1024K, 68 young (69632K), 7 survivors (7168K)
 Metaspace       used 18056K, capacity 18344K, committed 18432K, reserved 1067008K
  class space    used 1657K, capacity 1785K, committed 1792K, reserved 1048576K
}
Event: 4.858 GC heap after
{Heap after GC invocations=43 (full 0):
 garbage-first heap   total 232448K, used 71724K [0x0000000745800000, 0x0000000800000000)
  region size 1024K, 4 young (4096K), 4 survivors (4096K)
 Metaspace       used 18056K, capacity 18344K, committed 18432K, reserved 1067008K
  class space    used 1657K, capacity 1785K, committed 1792K, reserved 1048576K
}
Event: 5.367 GC heap before
{Heap before GC invocations=43 (full 0):
 garbage-first heap   total 232448K, used 143404K [0x0000000745800000, 0x0000000800000000)
  region size 1024K, 74 young (75776K), 4 survivors (4096K)
 Metaspace       used 18186K, capacity 18481K, committed 18688K, reserved 1067008K
  class space    used 1657K, capacity 1785K, committed 1792K, reserved 1048576K
}
Event: 5.377 GC heap after
{Heap after GC invocations=44 (full 0):
 garbage-first heap   total 232448K, used 74705K [0x0000000745800000, 0x0000000800000000)
  region size 1024K, 7 young (7168K), 7 survivors (7168K)
 Metaspace       used 18186K, capacity 18481K, committed 18688K, reserved 1067008K
  class space    used 1657K, capacity 1785K, committed 1792K, reserved 1048576K
}
Event: 6.002 GC heap before
{Heap before GC invocations=44 (full 0):
 garbage-first heap   total 232448K, used 162769K [0x0000000745800000, 0x0000000800000000)
  region size 1024K, 93 young (95232K), 7 survivors (7168K)
 Metaspace       used 18248K, capacity 18545K, committed 18688K, reserved 1067008K
  class space    used 1657K, capacity 1785K, committed 1792K, reserved 1048576K
}

Deoptimization events (20 events):
Event: 5.643 Thread 0x000002e45e2ca000 Uncommon trap: trap_request=0xffffffc6 fr.pc=0x000002e46ff727c0 relative=0x0000000000001100
Event: 5.643 Thread 0x000002e45e2ca000 Uncommon trap: reason=bimorphic_or_optimized_type_check action=maybe_recompile pc=0x000002e46ff727c0 method=com.sun.tools.javac.code.Types$13.visitClassType(Lcom/sun/tools/javac/code/Type$ClassType;Lcom/sun/tools/javac/code/Symbol;)Lcom/sun/tools/javac/co
Event: 5.643 Thread 0x000002e45e2ca000 DEOPT PACKING pc=0x000002e46ff727c0 sp=0x000000fb6f7fe2f0
Event: 5.643 Thread 0x000002e45e2ca000 DEOPT UNPACKING pc=0x000002e4682385af sp=0x000000fb6f7fe228 mode 2
Event: 5.644 Thread 0x000002e45e2ca000 Uncommon trap: trap_request=0xffffffc6 fr.pc=0x000002e46ff727c0 relative=0x0000000000001100
Event: 5.644 Thread 0x000002e45e2ca000 Uncommon trap: reason=bimorphic_or_optimized_type_check action=maybe_recompile pc=0x000002e46ff727c0 method=com.sun.tools.javac.code.Types$13.visitClassType(Lcom/sun/tools/javac/code/Type$ClassType;Lcom/sun/tools/javac/code/Symbol;)Lcom/sun/tools/javac/co
Event: 5.644 Thread 0x000002e45e2ca000 DEOPT PACKING pc=0x000002e46ff727c0 sp=0x000000fb6f7fe040
Event: 5.644 Thread 0x000002e45e2ca000 DEOPT UNPACKING pc=0x000002e4682385af sp=0x000000fb6f7fdf78 mode 2
Event: 5.644 Thread 0x000002e45e2ca000 Uncommon trap: trap_request=0xffffffc6 fr.pc=0x000002e46ff74de0 relative=0x00000000000010c0
Event: 5.644 Thread 0x000002e45e2ca000 Uncommon trap: reason=bimorphic_or_optimized_type_check action=maybe_recompile pc=0x000002e46ff74de0 method=com.sun.tools.javac.code.Types$13.visitClassType(Lcom/sun/tools/javac/code/Type$ClassType;Lcom/sun/tools/javac/code/Symbol;)Lcom/sun/tools/javac/co
Event: 5.644 Thread 0x000002e45e2ca000 DEOPT PACKING pc=0x000002e46ff74de0 sp=0x000000fb6f7fdfb0
Event: 5.644 Thread 0x000002e45e2ca000 DEOPT UNPACKING pc=0x000002e4682385af sp=0x000000fb6f7fdf70 mode 2
Event: 5.645 Thread 0x000002e45e2ca000 Uncommon trap: trap_request=0xffffffde fr.pc=0x000002e46ff430f0 relative=0x0000000000000950
Event: 5.645 Thread 0x000002e45e2ca000 Uncommon trap: reason=class_check action=maybe_recompile pc=0x000002e46ff430f0 method=com.sun.tools.javac.code.Symbol$ClassSymbol.isSubClass(Lcom/sun/tools/javac/code/Symbol;Lcom/sun/tools/javac/code/Types;)Z @ 55 c2
Event: 5.645 Thread 0x000002e45e2ca000 DEOPT PACKING pc=0x000002e46ff430f0 sp=0x000000fb6f7fe750
Event: 5.645 Thread 0x000002e45e2ca000 DEOPT UNPACKING pc=0x000002e4682385af sp=0x000000fb6f7fe688 mode 2
Event: 5.936 Thread 0x000002e45e2ca000 Uncommon trap: trap_request=0xffffff4d fr.pc=0x000002e46ffa7b98 relative=0x00000000000010b8
Event: 5.936 Thread 0x000002e45e2ca000 Uncommon trap: reason=unstable_if action=reinterpret pc=0x000002e46ffa7b98 method=com.sun.tools.javac.code.Symbol$MethodSymbol.lambda$static$0(Lcom/sun/tools/javac/code/Symbol;)Z @ 7 c2
Event: 5.936 Thread 0x000002e45e2ca000 DEOPT PACKING pc=0x000002e46ffa7b98 sp=0x000000fb6f7fe690
Event: 5.936 Thread 0x000002e45e2ca000 DEOPT UNPACKING pc=0x000002e4682385af sp=0x000000fb6f7fe3f8 mode 2

Classes redefined (0 events):
No events

Internal exceptions (20 events):
Event: 5.866 Thread 0x000002e45e2ca000 Exception <a 'sun/nio/fs/WindowsException'{0x000000074f221210}> (0x000000074f221210) thrown at [./src/hotspot/share/prims/jni.cpp, line 617]
Event: 5.870 Thread 0x000002e45e2ca000 Exception <a 'sun/nio/fs/WindowsException'{0x000000074f25e1c0}> (0x000000074f25e1c0) thrown at [./src/hotspot/share/prims/jni.cpp, line 617]
Event: 5.878 Thread 0x000002e45e2ca000 Exception <a 'sun/nio/fs/WindowsException'{0x000000074e9205f8}> (0x000000074e9205f8) thrown at [./src/hotspot/share/prims/jni.cpp, line 617]
Event: 5.881 Thread 0x000002e45e2ca000 Exception <a 'sun/nio/fs/WindowsException'{0x000000074e947e40}> (0x000000074e947e40) thrown at [./src/hotspot/share/prims/jni.cpp, line 617]
Event: 5.885 Thread 0x000002e45e2ca000 Exception <a 'sun/nio/fs/WindowsException'{0x000000074e96be10}> (0x000000074e96be10) thrown at [./src/hotspot/share/prims/jni.cpp, line 617]
Event: 5.901 Thread 0x000002e45e2ca000 Exception <a 'sun/nio/fs/WindowsException'{0x000000074e52b658}> (0x000000074e52b658) thrown at [./src/hotspot/share/prims/jni.cpp, line 617]
Event: 5.902 Thread 0x000002e45e2ca000 Exception <a 'sun/nio/fs/WindowsException'{0x000000074e52bb70}> (0x000000074e52bb70) thrown at [./src/hotspot/share/prims/jni.cpp, line 617]
Event: 5.904 Thread 0x000002e45e2ca000 Exception <a 'sun/nio/fs/WindowsException'{0x000000074e535808}> (0x000000074e535808) thrown at [./src/hotspot/share/prims/jni.cpp, line 617]
Event: 5.904 Thread 0x000002e45e2ca000 Exception <a 'sun/nio/fs/WindowsException'{0x000000074e535d20}> (0x000000074e535d20) thrown at [./src/hotspot/share/prims/jni.cpp, line 617]
Event: 5.912 Thread 0x000002e45e2ca000 Exception <a 'sun/nio/fs/WindowsException'{0x000000074e580568}> (0x000000074e580568) thrown at [./src/hotspot/share/prims/jni.cpp, line 617]
Event: 5.924 Thread 0x000002e45e2ca000 Exception <a 'sun/nio/fs/WindowsException'{0x000000074e5a45b0}> (0x000000074e5a45b0) thrown at [./src/hotspot/share/prims/jni.cpp, line 617]
Event: 5.932 Thread 0x000002e45e2ca000 Exception <a 'sun/nio/fs/WindowsException'{0x000000074e5c7430}> (0x000000074e5c7430) thrown at [./src/hotspot/share/prims/jni.cpp, line 617]
Event: 5.937 Thread 0x000002e45e2ca000 Exception <a 'sun/nio/fs/WindowsException'{0x000000074e5e9580}> (0x000000074e5e9580) thrown at [./src/hotspot/share/prims/jni.cpp, line 617]
Event: 5.941 Thread 0x000002e45e2ca000 Exception <a 'sun/nio/fs/WindowsException'{0x000000074e40cb20}> (0x000000074e40cb20) thrown at [./src/hotspot/share/prims/jni.cpp, line 617]
Event: 5.945 Thread 0x000002e45e2ca000 Exception <a 'sun/nio/fs/WindowsException'{0x000000074e42f980}> (0x000000074e42f980) thrown at [./src/hotspot/share/prims/jni.cpp, line 617]
Event: 5.958 Thread 0x000002e45e2ca000 Exception <a 'sun/nio/fs/WindowsException'{0x000000074e2aeab8}> (0x000000074e2aeab8) thrown at [./src/hotspot/share/prims/jni.cpp, line 617]
Event: 5.970 Thread 0x000002e45e2ca000 Exception <a 'sun/nio/fs/WindowsException'{0x000000074e06efa0}> (0x000000074e06efa0) thrown at [./src/hotspot/share/prims/jni.cpp, line 617]
Event: 5.980 Thread 0x000002e45e2ca000 Exception <a 'sun/nio/fs/WindowsException'{0x000000074e0bb520}> (0x000000074e0bb520) thrown at [./src/hotspot/share/prims/jni.cpp, line 617]
Event: 5.991 Thread 0x000002e45e2ca000 Exception <a 'sun/nio/fs/WindowsException'{0x000000074dffd530}> (0x000000074dffd530) thrown at [./src/hotspot/share/prims/jni.cpp, line 617]
Event: 5.996 Thread 0x000002e45e2ca000 Exception <a 'sun/nio/fs/WindowsException'{0x000000074de74a88}> (0x000000074de74a88) thrown at [./src/hotspot/share/prims/jni.cpp, line 617]

Events (20 events):
Event: 4.035 Executing VM operation: ICBufferFull
Event: 4.036 Executing VM operation: ICBufferFull done
Event: 4.157 Executing VM operation: G1CollectForAllocation
Event: 4.176 Executing VM operation: G1CollectForAllocation done
Event: 4.290 Loaded shared library C:\Program Files\Microsoft\jdk-11.0.16.101-hotspot\bin\nio.dll
Event: 4.358 Executing VM operation: ICBufferFull
Event: 4.359 Executing VM operation: ICBufferFull done
Event: 4.432 Executing VM operation: ICBufferFull
Event: 4.433 Executing VM operation: ICBufferFull done
Event: 4.554 Executing VM operation: ICBufferFull
Event: 4.554 Executing VM operation: ICBufferFull done
Event: 4.841 Executing VM operation: G1CollectForAllocation
Event: 4.858 Executing VM operation: G1CollectForAllocation done
Event: 5.354 Executing VM operation: ICBufferFull
Event: 5.355 Executing VM operation: ICBufferFull done
Event: 5.367 Executing VM operation: G1CollectForAllocation
Event: 5.377 Executing VM operation: G1CollectForAllocation done
Event: 5.865 Executing VM operation: ICBufferFull
Event: 5.865 Executing VM operation: ICBufferFull done
Event: 6.002 Executing VM operation: G1CollectForAllocation


Dynamic libraries:
0x00007ff6420b0000 - 0x00007ff6420b7000 	C:\Program Files\Microsoft\jdk-11.0.16.101-hotspot\bin\javac.exe
0x00007fff88e10000 - 0x00007fff89024000 	C:\WINDOWS\SYSTEM32\ntdll.dll
0x00007fff87410000 - 0x00007fff874d4000 	C:\WINDOWS\System32\KERNEL32.DLL
0x00007fff86700000 - 0x00007fff86aa4000 	C:\WINDOWS\System32\KERNELBASE.dll
0x00007fff863b0000 - 0x00007fff864c1000 	C:\WINDOWS\System32\ucrtbase.dll
0x00007fff7b530000 - 0x00007fff7b545000 	C:\Program Files\Microsoft\jdk-11.0.16.101-hotspot\bin\VCRUNTIME140.dll
0x00007fff58440000 - 0x00007fff58457000 	C:\Program Files\Microsoft\jdk-11.0.16.101-hotspot\bin\jli.dll
0x00007fff88ba0000 - 0x00007fff88d4a000 	C:\WINDOWS\System32\USER32.dll
0x00007fff5ed10000 - 0x00007fff5ef9f000 	C:\WINDOWS\WinSxS\amd64_microsoft.windows.common-controls_6595b64144ccf1df_6.0.22621.2070_none_2713e6537381f706\COMCTL32.dll
0x00007fff86290000 - 0x00007fff862b6000 	C:\WINDOWS\System32\win32u.dll
0x00007fff87690000 - 0x00007fff87737000 	C:\WINDOWS\System32\msvcrt.dll
0x00007fff88880000 - 0x00007fff888a9000 	C:\WINDOWS\System32\GDI32.dll
0x00007fff86ab0000 - 0x00007fff86bc9000 	C:\WINDOWS\System32\gdi32full.dll
0x00007fff861f0000 - 0x00007fff8628a000 	C:\WINDOWS\System32\msvcp_win.dll
0x00007fff88680000 - 0x00007fff886b1000 	C:\WINDOWS\System32\IMM32.DLL
0x00007fff18ab0000 - 0x00007fff18b4b000 	C:\Program Files\Microsoft\jdk-11.0.16.101-hotspot\bin\msvcp140.dll
0x00007ffe52b50000 - 0x00007ffe536da000 	C:\Program Files\Microsoft\jdk-11.0.16.101-hotspot\bin\server\jvm.dll
0x00007fff875e0000 - 0x00007fff87690000 	C:\WINDOWS\System32\ADVAPI32.dll
0x00007fff889d0000 - 0x00007fff88a76000 	C:\WINDOWS\System32\sechost.dll
0x00007fff888b0000 - 0x00007fff889c7000 	C:\WINDOWS\System32\RPCRT4.dll
0x00007fff86cc0000 - 0x00007fff86cc8000 	C:\WINDOWS\System32\PSAPI.DLL
0x00007fff49930000 - 0x00007fff49939000 	C:\WINDOWS\SYSTEM32\WSOCK32.dll
0x00007fff7d650000 - 0x00007fff7d684000 	C:\WINDOWS\SYSTEM32\WINMM.dll
0x00007fff86c30000 - 0x00007fff86ca1000 	C:\WINDOWS\System32\WS2_32.dll
0x00007fff7c870000 - 0x00007fff7c87a000 	C:\WINDOWS\SYSTEM32\VERSION.dll
0x00007fff851e0000 - 0x00007fff851f8000 	C:\WINDOWS\SYSTEM32\kernel.appcore.dll
0x00007fff83050000 - 0x00007fff83060000 	C:\Program Files\Microsoft\jdk-11.0.16.101-hotspot\bin\verify.dll
0x00007fff83a90000 - 0x00007fff83cbe000 	C:\WINDOWS\SYSTEM32\DBGHELP.DLL
0x00007fff87f60000 - 0x00007fff882ea000 	C:\WINDOWS\System32\combase.dll
0x00007fff88310000 - 0x00007fff883e7000 	C:\WINDOWS\System32\OLEAUT32.dll
0x00007fff4f6e0000 - 0x00007fff4f712000 	C:\WINDOWS\SYSTEM32\dbgcore.DLL
0x00007fff862c0000 - 0x00007fff8633a000 	C:\WINDOWS\System32\bcryptPrimitives.dll
0x00007fff583b0000 - 0x00007fff583d8000 	C:\Program Files\Microsoft\jdk-11.0.16.101-hotspot\bin\java.dll
0x00007fff82fe0000 - 0x00007fff82fea000 	C:\Program Files\Microsoft\jdk-11.0.16.101-hotspot\bin\jimage.dll
0x00007fff570f0000 - 0x00007fff57108000 	C:\Program Files\Microsoft\jdk-11.0.16.101-hotspot\bin\zip.dll
0x00007fff87740000 - 0x00007fff87f56000 	C:\WINDOWS\System32\SHELL32.dll
0x00007fff84170000 - 0x00007fff84a5a000 	C:\WINDOWS\SYSTEM32\windows.storage.dll
0x00007fff84030000 - 0x00007fff8416e000 	C:\WINDOWS\SYSTEM32\wintypes.dll
0x00007fff874e0000 - 0x00007fff875d3000 	C:\WINDOWS\System32\SHCORE.dll
0x00007fff88d70000 - 0x00007fff88dce000 	C:\WINDOWS\System32\shlwapi.dll
0x00007fff86120000 - 0x00007fff86146000 	C:\WINDOWS\SYSTEM32\profapi.dll
0x00007fff57040000 - 0x00007fff57059000 	C:\Program Files\Microsoft\jdk-11.0.16.101-hotspot\bin\net.dll
0x00007fff7fdc0000 - 0x00007fff7fef7000 	C:\WINDOWS\SYSTEM32\WINHTTP.dll
0x00007fff856b0000 - 0x00007fff85719000 	C:\WINDOWS\system32\mswsock.dll
0x00007fff48f10000 - 0x00007fff48f23000 	C:\Program Files\Microsoft\jdk-11.0.16.101-hotspot\bin\nio.dll

dbghelp: loaded successfully - version: 4.0.5 - missing functions: none
symbol engine: initialized successfully - sym options: 0x614 - pdb path: .;C:\Program Files\Microsoft\jdk-11.0.16.101-hotspot\bin;C:\WINDOWS\SYSTEM32;C:\WINDOWS\WinSxS\amd64_microsoft.windows.common-controls_6595b64144ccf1df_6.0.22621.2070_none_2713e6537381f706;C:\Program Files\Microsoft\jdk-11.0.16.101-hotspot\bin\server

VM Arguments:
jvm_args: -Dapplication.home=C:\Program Files\Microsoft\jdk-11.0.16.101-hotspot --add-modules=ALL-DEFAULT -Xms8m -Dfile.encoding=UTF8 -Djdk.module.main=jdk.compiler 
java_command: jdk.compiler/com.sun.tools.javac.Main @C:\Users\Luis F\AppData\Local\Temp\tmpDCF.tmp -target 1.8 -source 1.8
java_class_path (initial): <not set>
Launcher Type: SUN_STANDARD

[Global flags]
     intx CICompilerCount                          = 4                                         {product} {ergonomic}
     uint ConcGCThreads                            = 2                                         {product} {ergonomic}
     uint G1ConcRefinementThreads                  = 8                                         {product} {ergonomic}
   size_t G1HeapRegionSize                         = 1048576                                   {product} {ergonomic}
    uintx GCDrainStackTargetSize                   = 64                                        {product} {ergonomic}
   size_t InitialHeapSize                          = 8388608                                   {product} {command line}
   size_t MarkStackSize                            = 4194304                                   {product} {ergonomic}
   size_t MaxHeapSize                              = 3128950784                                {product} {ergonomic}
   size_t MaxNewSize                               = 1876951040                                {product} {ergonomic}
   size_t MinHeapDeltaBytes                        = 1048576                                   {product} {ergonomic}
    uintx NonNMethodCodeHeapSize                   = 5836300                                {pd product} {ergonomic}
    uintx NonProfiledCodeHeapSize                  = 122910970                              {pd product} {ergonomic}
    uintx ProfiledCodeHeapSize                     = 122910970                              {pd product} {ergonomic}
    uintx ReservedCodeCacheSize                    = 251658240                              {pd product} {ergonomic}
     bool SegmentedCodeCache                       = true                                      {product} {ergonomic}
     bool UseCompressedClassPointers               = true                                 {lp64_product} {ergonomic}
     bool UseCompressedOops                        = true                                 {lp64_product} {ergonomic}
     bool UseG1GC                                  = true                                      {product} {ergonomic}
     bool UseLargePagesIndividualAllocation        = false                                  {pd product} {ergonomic}

Logging:
Log output configuration:
 #0: stdout all=warning uptime,level,tags
 #1: stderr all=off uptime,level,tags

Environment Variables:
PATH=C:\Program Files\Microsoft MPI\Bin\;C:\Program Files\Microsoft\jdk-11.0.16.101-hotspot\bin;C:\WINDOWS\system32;C:\WINDOWS;C:\WINDOWS\System32\Wbem;C:\WINDOWS\System32\WindowsPowerShell\v1.0\;C:\WINDOWS\System32\OpenSSH\;C:\ProgramData\chocolatey\bin;C:\Program Files (x86)\Microsoft SQL Server\160\Tools\Binn\;C:\Program Files\Microsoft SQL Server\160\Tools\Binn\;C:\Program Files\Microsoft SQL Server\Client SDK\ODBC\170\Tools\Binn\;C:\Program Files\Microsoft SQL Server\160\DTS\Binn\;C:\Program Files\Microsoft SQL Server\150\Tools\Binn\;C:\Program Files\dotnet\;C:\Program Files\Git\cmd;C:\Program Files\nodejs\;C:\Program Files (x86)\Microsoft SQL Server\160\DTS\Binn\;C:\Program Files\Azure Data Studio\bin;C:\Users\Luis F\AppData\Local\Programs\Python\Python312\Scripts\;C:\Users\Luis F\AppData\Local\Programs\Python\Python312\;C:\Users\Luis F\AppData\Local\Microsoft\WindowsApps;C:\Users\Luis F\AppData\Local\Programs\Microsoft VS Code\bin;C:\Program Files\Azure Data Studio\bin;C:\Users\Luis F\.dotnet\tools;C:\Users\Luis F\AppData\Local\GitHubDesktop\bin;C:\Users\Luis F\AppData\Roaming\npm;;C:\Program Files\Azure Data Studio\bin
USERNAME=Luis F
OS=Windows_NT
PROCESSOR_IDENTIFIER=Intel64 Family 6 Model 140 Stepping 1, GenuineIntel
TMP=C:\Users\LUISF~1\AppData\Local\Temp
TEMP=C:\Users\LUISF~1\AppData\Local\Temp



---------------  S Y S T E M  ---------------

OS: Windows 11 , 64 bit Build 22621 (10.0.22621.2070)
OS uptime: 0 days 1:47 hours
Hyper-V role detected

CPU:total 8 (initial active 8) (4 cores per cpu, 2 threads per core) family 6 model 140 stepping 1 microcode 0xaa, cmov, cx8, fxsr, mmx, sse, sse2, sse3, ssse3, sse4.1, sse4.2, popcnt, avx, avx2, aes, clmul, erms, 3dnowpref, lzcnt, ht, tsc, tscinvbit, bmi1, bmi2, adx, evex, sha, fma

Memory: 4k page, system-wide physical 11930M (533M free)
TotalPageFile size 18074M (AvailPageFile size 77M)
current process WorkingSet (physical memory assigned to process): 311M, peak: 313M
current process commit charge ("private bytes"): 383M, peak: 549M

vm_info: OpenJDK 64-Bit Server VM (11.0.16.1+1-LTS) for windows-amd64 JRE (11.0.16.1+1-LTS), built on Aug 20 2022 20:09:04 by "" with MS VC++ 15.9 (VS2017)

END.
