#
# There is insufficient memory for the Java Runtime Environment to continue.
# Native memory allocation (mmap) failed to map 197132288 bytes for Failed to commit area from 0x0000000745800000 to 0x0000000751400000 of length 197132288.
# Possible reasons:
#   The system is out of physical RAM or swap space
#   The process is running with CompressedOops enabled, and the Java Heap may be blocking the growth of the native heap
# Possible solutions:
#   Reduce memory load on the system
#   Increase physical memory or swap space
#   Check if swap backing store is full
#   Decrease Java heap size (-Xmx/-Xms)
#   Decrease number of Java threads
#   Decrease Java thread stack sizes (-Xss)
#   Set larger code cache with -XX:ReservedCodeCacheSize=
# This output file may be truncated or incomplete.
#
#  Out of Memory Error (./src/hotspot/os/windows/os_windows.cpp:3386), pid=12824, tid=19532
#
# JRE version:  (11.0.16.1+1) (build )
# Java VM: OpenJDK 64-Bit Server VM (11.0.16.1+1-LTS, mixed mode, sharing, tiered, compressed oops, g1 gc, windows-amd64)
# No core dump will be written. Minidumps are not enabled by default on client versions of Windows
#

---------------  S U M M A R Y ------------

Command Line: 

Host: 11th Gen Intel(R) Core(TM) i7-1165G7 @ 2.80GHz, 8 cores, 11G,  Windows 11 , 64 bit Build 22621 (10.0.22621.2070)
Time: Wed Feb  7 21:49:23 2024 SA Western Standard Time elapsed time: 0.008225 seconds (0d 0h 0m 0s)

---------------  T H R E A D  ---------------

Current thread (0x000001eb480cb800):  JavaThread "Unknown thread" [_thread_in_vm, id=19532, stack(0x000000e6eda00000,0x000000e6edb00000)]

Stack: [0x000000e6eda00000,0x000000e6edb00000]
Native frames: (J=compiled Java code, j=interpreted, Vv=VM code, C=native code)
V  [jvm.dll+0x62652a]
V  [jvm.dll+0x7b3249]
V  [jvm.dll+0x7b4938]
V  [jvm.dll+0x7b5013]
V  [jvm.dll+0x24fca8]
V  [jvm.dll+0x62383a]
V  [jvm.dll+0x617fe5]
V  [jvm.dll+0x307bac]
V  [jvm.dll+0x307a32]
V  [jvm.dll+0x30c746]
V  [jvm.dll+0x352b9f]
V  [jvm.dll+0x3525d0]
V  [jvm.dll+0x2e4ba8]
V  [jvm.dll+0x2e5d06]
V  [jvm.dll+0x78d097]
V  [jvm.dll+0x78e81f]
V  [jvm.dll+0x35f8e9]
V  [jvm.dll+0x770000]
V  [jvm.dll+0x3cd40f]
V  [jvm.dll+0x3cf7a1]
C  [jli.dll+0x5207]
C  [ucrtbase.dll+0x29363]
C  [KERNEL32.DLL+0x126ad]
C  [ntdll.dll+0x5aa68]


---------------  P R O C E S S  ---------------

Threads class SMR info:
_java_thread_list=0x000001eb45e88a70, length=0, elements={
}

Java Threads: ( => current thread )

Other Threads:
  0x000001eb480e2800 GCTaskThread "GC Thread#0" [stack: 0x000000e6edb00000,0x000000e6edc00000] [id=20276]
  0x000001eb4812c800 ConcurrentGCThread "G1 Main Marker" [stack: 0x000000e6edc00000,0x000000e6edd00000] [id=6416]
  0x000001eb48130800 ConcurrentGCThread "G1 Conc#0" [stack: 0x000000e6edd00000,0x000000e6ede00000] [id=15188]

[error occurred during error reporting (printing all threads), id 0xc0000005, EXCEPTION_ACCESS_VIOLATION (0xc0000005) at pc=0x00007ffed46f4377]

VM state:not at safepoint (not fully initialized)

VM Mutex/Monitor currently owned by a thread:  ([mutex/lock_event])
[0x000001eb480c7dc0] Heap_lock - owner thread: 0x000001eb480cb800

Heap address: 0x0000000745800000, size: 2984 MB, Compressed Oops mode: Non-zero based: 0x0000000745800000
Narrow klass base: 0x0000000000000000, Narrow klass shift: 0

GC Heap History (0 events):
No events

Deoptimization events (0 events):
No events

Classes redefined (0 events):
No events

Internal exceptions (0 events):
No events

Events (1 events):
Event: 0.006 Loaded shared library C:\Program Files\Microsoft\jdk-11.0.16.101-hotspot\bin\zip.dll


Dynamic libraries:
0x00007ff61d3e0000 - 0x00007ff61d3ed000 	C:\Program Files\Microsoft\jdk-11.0.16.101-hotspot\bin\java.exe
0x00007fff88e10000 - 0x00007fff89024000 	C:\WINDOWS\SYSTEM32\ntdll.dll
0x00007fff87410000 - 0x00007fff874d4000 	C:\WINDOWS\System32\KERNEL32.DLL
0x00007fff86700000 - 0x00007fff86aa4000 	C:\WINDOWS\System32\KERNELBASE.dll
0x00007fff863b0000 - 0x00007fff864c1000 	C:\WINDOWS\System32\ucrtbase.dll
0x00007fff83040000 - 0x00007fff83055000 	C:\Program Files\Microsoft\jdk-11.0.16.101-hotspot\bin\VCRUNTIME140.dll
0x00007fff83020000 - 0x00007fff83037000 	C:\Program Files\Microsoft\jdk-11.0.16.101-hotspot\bin\jli.dll
0x00007fff88ba0000 - 0x00007fff88d4a000 	C:\WINDOWS\System32\USER32.dll
0x00007fff86290000 - 0x00007fff862b6000 	C:\WINDOWS\System32\win32u.dll
0x00007fff88880000 - 0x00007fff888a9000 	C:\WINDOWS\System32\GDI32.dll
0x00007fff5ed10000 - 0x00007fff5ef9f000 	C:\WINDOWS\WinSxS\amd64_microsoft.windows.common-controls_6595b64144ccf1df_6.0.22621.2070_none_2713e6537381f706\COMCTL32.dll
0x00007fff86ab0000 - 0x00007fff86bc9000 	C:\WINDOWS\System32\gdi32full.dll
0x00007fff861f0000 - 0x00007fff8628a000 	C:\WINDOWS\System32\msvcp_win.dll
0x00007fff87690000 - 0x00007fff87737000 	C:\WINDOWS\System32\msvcrt.dll
0x00007fff88680000 - 0x00007fff886b1000 	C:\WINDOWS\System32\IMM32.DLL
0x00007fff51b40000 - 0x00007fff51bdb000 	C:\Program Files\Microsoft\jdk-11.0.16.101-hotspot\bin\msvcp140.dll
0x00007ffed4400000 - 0x00007ffed4f8a000 	C:\Program Files\Microsoft\jdk-11.0.16.101-hotspot\bin\server\jvm.dll
0x00007fff875e0000 - 0x00007fff87690000 	C:\WINDOWS\System32\ADVAPI32.dll
0x00007fff889d0000 - 0x00007fff88a76000 	C:\WINDOWS\System32\sechost.dll
0x00007fff888b0000 - 0x00007fff889c7000 	C:\WINDOWS\System32\RPCRT4.dll
0x00007fff86cc0000 - 0x00007fff86cc8000 	C:\WINDOWS\System32\PSAPI.DLL
0x00007fff49930000 - 0x00007fff49939000 	C:\WINDOWS\SYSTEM32\WSOCK32.dll
0x00007fff7c870000 - 0x00007fff7c87a000 	C:\WINDOWS\SYSTEM32\VERSION.dll
0x00007fff86c30000 - 0x00007fff86ca1000 	C:\WINDOWS\System32\WS2_32.dll
0x00007fff7d650000 - 0x00007fff7d684000 	C:\WINDOWS\SYSTEM32\WINMM.dll
0x00007fff851e0000 - 0x00007fff851f8000 	C:\WINDOWS\SYSTEM32\kernel.appcore.dll
0x00007fff82ff0000 - 0x00007fff83000000 	C:\Program Files\Microsoft\jdk-11.0.16.101-hotspot\bin\verify.dll
0x00007fff83a90000 - 0x00007fff83cbe000 	C:\WINDOWS\SYSTEM32\DBGHELP.DLL
0x00007fff87f60000 - 0x00007fff882ea000 	C:\WINDOWS\System32\combase.dll
0x00007fff88310000 - 0x00007fff883e7000 	C:\WINDOWS\System32\OLEAUT32.dll
0x00007fff4f6e0000 - 0x00007fff4f712000 	C:\WINDOWS\SYSTEM32\dbgcore.DLL
0x00007fff862c0000 - 0x00007fff8633a000 	C:\WINDOWS\System32\bcryptPrimitives.dll
0x00007fff584f0000 - 0x00007fff58518000 	C:\Program Files\Microsoft\jdk-11.0.16.101-hotspot\bin\java.dll
0x00007fff82fe0000 - 0x00007fff82fea000 	C:\Program Files\Microsoft\jdk-11.0.16.101-hotspot\bin\jimage.dll
0x00007fff81300000 - 0x00007fff81318000 	C:\Program Files\Microsoft\jdk-11.0.16.101-hotspot\bin\zip.dll

dbghelp: loaded successfully - version: 4.0.5 - missing functions: none
symbol engine: initialized successfully - sym options: 0x614 - pdb path: .;C:\Program Files\Microsoft\jdk-11.0.16.101-hotspot\bin;C:\WINDOWS\SYSTEM32;C:\WINDOWS\WinSxS\amd64_microsoft.windows.common-controls_6595b64144ccf1df_6.0.22621.2070_none_2713e6537381f706;C:\Program Files\Microsoft\jdk-11.0.16.101-hotspot\bin\server

VM Arguments:
java_command: <unknown>
java_class_path (initial): <not set>
Launcher Type: SUN_STANDARD

[Global flags]
     intx CICompilerCount                          = 4                                         {product} {ergonomic}
     uint ConcGCThreads                            = 2                                         {product} {ergonomic}
     uint G1ConcRefinementThreads                  = 8                                         {product} {ergonomic}
   size_t G1HeapRegionSize                         = 1048576                                   {product} {ergonomic}
    uintx GCDrainStackTargetSize                   = 64                                        {product} {ergonomic}
   size_t InitialHeapSize                          = 197132288                                 {product} {ergonomic}
   size_t MarkStackSize                            = 4194304                                   {product} {ergonomic}
   size_t MaxHeapSize                              = 3128950784                                {product} {ergonomic}
   size_t MinHeapDeltaBytes                        = 1048576                                   {product} {ergonomic}
    uintx NonNMethodCodeHeapSize                   = 5836300                                {pd product} {ergonomic}
    uintx NonProfiledCodeHeapSize                  = 122910970                              {pd product} {ergonomic}
    uintx ProfiledCodeHeapSize                     = 122910970                              {pd product} {ergonomic}
    uintx ReservedCodeCacheSize                    = 251658240                              {pd product} {ergonomic}
     bool SegmentedCodeCache                       = true                                      {product} {ergonomic}
     bool UseCompressedClassPointers               = true                                 {lp64_product} {ergonomic}
     bool UseCompressedOops                        = true                                 {lp64_product} {ergonomic}
     bool UseG1GC                                  = true                                      {product} {ergonomic}
     bool UseLargePagesIndividualAllocation        = false                                  {pd product} {ergonomic}

Logging:
Log output configuration:
 #0: stdout all=warning uptime,level,tags
 #1: stderr all=off uptime,level,tags

Environment Variables:
PATH=C:\Program Files\Microsoft MPI\Bin\;C:\Program Files\Microsoft\jdk-11.0.16.101-hotspot\bin;C:\WINDOWS\system32;C:\WINDOWS;C:\WINDOWS\System32\Wbem;C:\WINDOWS\System32\WindowsPowerShell\v1.0\;C:\WINDOWS\System32\OpenSSH\;C:\ProgramData\chocolatey\bin;C:\Program Files (x86)\Microsoft SQL Server\160\Tools\Binn\;C:\Program Files\Microsoft SQL Server\160\Tools\Binn\;C:\Program Files\Microsoft SQL Server\Client SDK\ODBC\170\Tools\Binn\;C:\Program Files\Microsoft SQL Server\160\DTS\Binn\;C:\Program Files\Microsoft SQL Server\150\Tools\Binn\;C:\Program Files\dotnet\;C:\Program Files\Git\cmd;C:\Program Files\nodejs\;C:\Program Files (x86)\Microsoft SQL Server\160\DTS\Binn\;C:\Program Files\Azure Data Studio\bin;C:\Users\Luis F\AppData\Local\Programs\Python\Python312\Scripts\;C:\Users\Luis F\AppData\Local\Programs\Python\Python312\;C:\Users\Luis F\AppData\Local\Microsoft\WindowsApps;C:\Users\Luis F\AppData\Local\Programs\Microsoft VS Code\bin;C:\Program Files\Azure Data Studio\bin;C:\Users\Luis F\.dotnet\tools;C:\Users\Luis F\AppData\Local\GitHubDesktop\bin;C:\Users\Luis F\AppData\Roaming\npm;;C:\Program Files\Azure Data Studio\bin
USERNAME=Luis F
OS=Windows_NT
PROCESSOR_IDENTIFIER=Intel64 Family 6 Model 140 Stepping 1, GenuineIntel
TMP=C:\Users\LUISF~1\AppData\Local\Temp
TEMP=C:\Users\LUISF~1\AppData\Local\Temp



---------------  S Y S T E M  ---------------

OS: Windows 11 , 64 bit Build 22621 (10.0.22621.2070)
OS uptime: 0 days 0:54 hours
Hyper-V role detected

CPU:total 8 (initial active 8) (4 cores per cpu, 2 threads per core) family 6 model 140 stepping 1 microcode 0xaa, cmov, cx8, fxsr, mmx, sse, sse2, sse3, ssse3, sse4.1, sse4.2, popcnt, avx, avx2, aes, clmul, erms, 3dnowpref, lzcnt, ht, tsc, tscinvbit, bmi1, bmi2, adx, evex, sha, fma

Memory: 4k page, system-wide physical 11930M (578M free)
TotalPageFile size 18074M (AvailPageFile size 79M)
current process WorkingSet (physical memory assigned to process): 10M, peak: 10M
current process commit charge ("private bytes"): 60M, peak: 248M

vm_info: OpenJDK 64-Bit Server VM (11.0.16.1+1-LTS) for windows-amd64 JRE (11.0.16.1+1-LTS), built on Aug 20 2022 20:09:04 by "" with MS VC++ 15.9 (VS2017)

END.
