#
# There is insufficient memory for the Java Runtime Environment to continue.
# Native memory allocation (malloc) failed to allocate 703696 bytes for Chunk::new
# Possible reasons:
#   The system is out of physical RAM or swap space
#   The process is running with CompressedOops enabled, and the Java Heap may be blocking the growth of the native heap
# Possible solutions:
#   Reduce memory load on the system
#   Increase physical memory or swap space
#   Check if swap backing store is full
#   Decrease Java heap size (-Xmx/-Xms)
#   Decrease number of Java threads
#   Decrease Java thread stack sizes (-Xss)
#   Set larger code cache with -XX:ReservedCodeCacheSize=
#   JVM is running with Zero Based Compressed Oops mode in which the Java heap is
#     placed in the first 32GB address space. The Java Heap base address is the
#     maximum limit for the native heap growth. Please use -XX:HeapBaseMinAddress
#     to set the Java Heap base and to place the Java Heap above 32GB virtual address.
# This output file may be truncated or incomplete.
#
#  Out of Memory Error (./src/hotspot/share/memory/arena.cpp:197), pid=20664, tid=14132
#
# JRE version: OpenJDK Runtime Environment Microsoft-40648 (11.0.16.1+1) (build 11.0.16.1+1-LTS)
# Java VM: OpenJDK 64-Bit Server VM Microsoft-40648 (11.0.16.1+1-LTS, mixed mode, tiered, compressed oops, g1 gc, windows-amd64)
# No core dump will be written. Minidumps are not enabled by default on client versions of Windows
#

---------------  S U M M A R Y ------------

Command Line: -Dapplication.home=C:\Program Files\Microsoft\jdk-11.0.16.101-hotspot --add-modules=ALL-DEFAULT -Xms8m -Dfile.encoding=UTF8 -Djdk.module.main=jdk.compiler jdk.compiler/com.sun.tools.javac.Main @C:\Users\Luis F\AppData\Local\Temp\tmpD885.tmp -target 1.8 -source 1.8

Host: 11th Gen Intel(R) Core(TM) i7-1165G7 @ 2.80GHz, 8 cores, 11G,  Windows 11 , 64 bit Build 22621 (10.0.22621.2070)
Time: Wed Feb  7 22:41:28 2024 SA Western Standard Time elapsed time: 4.870589 seconds (0d 0h 0m 4s)

---------------  T H R E A D  ---------------

Current thread (0x000001aed30d4800):  JavaThread "C2 CompilerThread1" daemon [_thread_in_native, id=14132, stack(0x00000026c3700000,0x00000026c3800000)]


Current CompileTask:
C2:   4870 3826       4       com.sun.tools.javac.code.Symbol::hiddenInInternal (205 bytes)

Stack: [0x00000026c3700000,0x00000026c3800000]
Native frames: (J=compiled Java code, j=interpreted, Vv=VM code, C=native code)
V  [jvm.dll+0x62652a]
V  [jvm.dll+0x7b3249]
V  [jvm.dll+0x7b4938]
V  [jvm.dll+0x7b5013]
V  [jvm.dll+0x24fca8]
V  [jvm.dll+0xc262c]
V  [jvm.dll+0xc2bec]
V  [jvm.dll+0x359e77]
V  [jvm.dll+0x326003]
V  [jvm.dll+0x32533a]
V  [jvm.dll+0x208fd5]
V  [jvm.dll+0x2080fd]
V  [jvm.dll+0x18a411]
V  [jvm.dll+0x217954]
V  [jvm.dll+0x215b9b]
V  [jvm.dll+0x775d50]
V  [jvm.dll+0x76ec84]
V  [jvm.dll+0x625395]
C  [ucrtbase.dll+0x29363]
C  [KERNEL32.DLL+0x126ad]
C  [ntdll.dll+0x5aa68]


---------------  P R O C E S S  ---------------

Threads class SMR info:
_java_thread_list=0x000001aed2eea380, length=12, elements={
0x000001aeb0ac9000, 0x000001aed1e40800, 0x000001aed1e6f800, 0x000001aed27f3800,
0x000001aed1e81800, 0x000001aed1e84000, 0x000001aed1e86000, 0x000001aed1e95000,
0x000001aed1e99800, 0x000001aed2933000, 0x000001aed30d4800, 0x000001aed3e58800
}

Java Threads: ( => current thread )
  0x000001aeb0ac9000 JavaThread "main" [_thread_in_Java, id=23060, stack(0x00000026c2700000,0x00000026c2800000)]
  0x000001aed1e40800 JavaThread "Reference Handler" daemon [_thread_blocked, id=23904, stack(0x00000026c2e00000,0x00000026c2f00000)]
  0x000001aed1e6f800 JavaThread "Finalizer" daemon [_thread_blocked, id=22768, stack(0x00000026c2f00000,0x00000026c3000000)]
  0x000001aed27f3800 JavaThread "Signal Dispatcher" daemon [_thread_blocked, id=1280, stack(0x00000026c3000000,0x00000026c3100000)]
  0x000001aed1e81800 JavaThread "Attach Listener" daemon [_thread_blocked, id=7344, stack(0x00000026c3100000,0x00000026c3200000)]
  0x000001aed1e84000 JavaThread "Service Thread" daemon [_thread_blocked, id=9108, stack(0x00000026c3200000,0x00000026c3300000)]
  0x000001aed1e86000 JavaThread "C2 CompilerThread0" daemon [_thread_in_native, id=23824, stack(0x00000026c3300000,0x00000026c3400000)]
  0x000001aed1e95000 JavaThread "C1 CompilerThread0" daemon [_thread_blocked, id=12376, stack(0x00000026c3400000,0x00000026c3500000)]
  0x000001aed1e99800 JavaThread "Sweeper thread" daemon [_thread_blocked, id=20928, stack(0x00000026c3500000,0x00000026c3600000)]
  0x000001aed2933000 JavaThread "Common-Cleaner" daemon [_thread_blocked, id=21112, stack(0x00000026c3600000,0x00000026c3700000)]
=>0x000001aed30d4800 JavaThread "C2 CompilerThread1" daemon [_thread_in_native, id=14132, stack(0x00000026c3700000,0x00000026c3800000)]
  0x000001aed3e58800 JavaThread "C2 CompilerThread2" daemon [_thread_blocked, id=11788, stack(0x00000026c3a00000,0x00000026c3b00000)]

Other Threads:
  0x000001aed1e3e000 VMThread "VM Thread" [stack: 0x00000026c2d00000,0x00000026c2e00000] [id=21912]
  0x000001aed2a86800 WatcherThread [stack: 0x00000026c3800000,0x00000026c3900000] [id=13980]
  0x000001aeb0ae4000 GCTaskThread "GC Thread#0" [stack: 0x00000026c2800000,0x00000026c2900000] [id=22676]
  0x000001aed2bdc800 GCTaskThread "GC Thread#1" [stack: 0x00000026c3900000,0x00000026c3a00000] [id=8004]
  0x000001aed4eea800 GCTaskThread "GC Thread#2" [stack: 0x00000026c3e00000,0x00000026c3f00000] [id=10412]
  0x000001aed6597000 GCTaskThread "GC Thread#3" [stack: 0x00000026c3f00000,0x00000026c4000000] [id=2784]
  0x000001aed5148000 GCTaskThread "GC Thread#4" [stack: 0x00000026c4000000,0x00000026c4100000] [id=3948]
  0x000001aeb0b2a000 ConcurrentGCThread "G1 Main Marker" [stack: 0x00000026c2900000,0x00000026c2a00000] [id=24188]
  0x000001aeb0b2c000 ConcurrentGCThread "G1 Conc#0" [stack: 0x00000026c2a00000,0x00000026c2b00000] [id=23532]
  0x000001aed328a800 ConcurrentGCThread "G1 Conc#1" [stack: 0x00000026c3b00000,0x00000026c3c00000] [id=23876]
  0x000001aeb0b98000 ConcurrentGCThread "G1 Refine#0" [stack: 0x00000026c2b00000,0x00000026c2c00000] [id=13784]
  0x000001aed490e000 ConcurrentGCThread "G1 Refine#1" [stack: 0x00000026c3c00000,0x00000026c3d00000] [id=612]
  0x000001aed5eba800 ConcurrentGCThread "G1 Refine#2" [stack: 0x00000026c3d00000,0x00000026c3e00000] [id=18044]
  0x000001aed4fc1800 ConcurrentGCThread "G1 Refine#3" [stack: 0x00000026c4100000,0x00000026c4200000] [id=23144]
  0x000001aed3d5c800 ConcurrentGCThread "G1 Refine#4" [stack: 0x00000026c4200000,0x00000026c4300000] [id=4484]
  0x000001aeb0b9c000 ConcurrentGCThread "G1 Young RemSet Sampling" [stack: 0x00000026c2c00000,0x00000026c2d00000] [id=19240]

Threads with active compile tasks:
C2 CompilerThread0     4890 3813       4       com.sun.tools.javac.code.Symtab::enterClass (71 bytes)
C1 CompilerThread0     4890 3879       3       com.sun.tools.javac.code.Types::containsType (16 bytes)
C2 CompilerThread1     4890 3826       4       com.sun.tools.javac.code.Symbol::hiddenInInternal (205 bytes)
C2 CompilerThread2     4891 3863       4       com.sun.tools.javac.code.Types$ImplementationCache::implementationInternal (164 bytes)

VM state:not at safepoint (normal execution)

VM Mutex/Monitor currently owned by a thread: None

Heap address: 0x0000000745800000, size: 2984 MB, Compressed Oops mode: Zero based, Oop shift amount: 3
Narrow klass base: 0x0000000800000000, Narrow klass shift: 0
Compressed class space size: 1073741824 Address: 0x0000000800000000

Heap:
 garbage-first heap   total 233472K, used 92160K [0x0000000745800000, 0x0000000800000000)
  region size 1024K, 32 young (32768K), 7 survivors (7168K)
 Metaspace       used 17900K, capacity 18216K, committed 18432K, reserved 1067008K
  class space    used 1658K, capacity 1785K, committed 1792K, reserved 1048576K
Heap Regions: E=young(eden), S=young(survivor), O=old, HS=humongous(starts), HC=humongous(continues), CS=collection set, F=free, A=archive, TAMS=top-at-mark-start (previous, next)
|   0|0x0000000745800000, 0x0000000745900000, 0x0000000745900000|100%| O|  |TAMS 0x0000000745900000, 0x0000000745800000| Untracked 
|   1|0x0000000745900000, 0x0000000745a00000, 0x0000000745a00000|100%| O|  |TAMS 0x0000000745a00000, 0x0000000745900000| Untracked 
|   2|0x0000000745a00000, 0x0000000745b00000, 0x0000000745b00000|100%| O|  |TAMS 0x0000000745b00000, 0x0000000745a00000| Untracked 
|   3|0x0000000745b00000, 0x0000000745c00000, 0x0000000745c00000|100%| O|  |TAMS 0x0000000745c00000, 0x0000000745b00000| Untracked 
|   4|0x0000000745c00000, 0x0000000745d00000, 0x0000000745d00000|100%| O|  |TAMS 0x0000000745d00000, 0x0000000745c00000| Untracked 
|   5|0x0000000745d00000, 0x0000000745e00000, 0x0000000745e00000|100%| O|  |TAMS 0x0000000745e00000, 0x0000000745d00000| Untracked 
|   6|0x0000000745e00000, 0x0000000745f00000, 0x0000000745f00000|100%| O|  |TAMS 0x0000000745f00000, 0x0000000745e00000| Untracked 
|   7|0x0000000745f00000, 0x0000000746000000, 0x0000000746000000|100%| O|  |TAMS 0x0000000746000000, 0x0000000745f00000| Untracked 
|   8|0x0000000746000000, 0x0000000746100000, 0x0000000746100000|100%| O|  |TAMS 0x0000000746100000, 0x0000000746000000| Untracked 
|   9|0x0000000746100000, 0x0000000746200000, 0x0000000746200000|100%|HS|  |TAMS 0x0000000746200000, 0x0000000746100000| Complete 
|  10|0x0000000746200000, 0x0000000746300000, 0x0000000746300000|100%|HC|  |TAMS 0x0000000746300000, 0x0000000746200000| Complete 
|  11|0x0000000746300000, 0x0000000746400000, 0x0000000746400000|100%|HC|  |TAMS 0x0000000746400000, 0x0000000746300000| Complete 
|  12|0x0000000746400000, 0x0000000746500000, 0x0000000746500000|100%|HS|  |TAMS 0x0000000746500000, 0x0000000746400000| Complete 
|  13|0x0000000746500000, 0x0000000746600000, 0x0000000746600000|100%|HC|  |TAMS 0x0000000746600000, 0x0000000746500000| Complete 
|  14|0x0000000746600000, 0x0000000746700000, 0x0000000746700000|100%|HC|  |TAMS 0x0000000746700000, 0x0000000746600000| Complete 
|  15|0x0000000746700000, 0x0000000746800000, 0x0000000746800000|100%|HC|  |TAMS 0x0000000746800000, 0x0000000746700000| Complete 
|  16|0x0000000746800000, 0x0000000746900000, 0x0000000746900000|100%|HC|  |TAMS 0x0000000746900000, 0x0000000746800000| Complete 
|  17|0x0000000746900000, 0x0000000746a00000, 0x0000000746a00000|100%|HS|  |TAMS 0x0000000746a00000, 0x0000000746900000| Complete 
|  18|0x0000000746a00000, 0x0000000746b00000, 0x0000000746b00000|100%|HS|  |TAMS 0x0000000746b00000, 0x0000000746a00000| Complete 
|  19|0x0000000746b00000, 0x0000000746c00000, 0x0000000746c00000|100%|HC|  |TAMS 0x0000000746c00000, 0x0000000746b00000| Complete 
|  20|0x0000000746c00000, 0x0000000746c00000, 0x0000000746d00000|  0%| F|  |TAMS 0x0000000746c00000, 0x0000000746c00000| Untracked 
|  21|0x0000000746d00000, 0x0000000746e00000, 0x0000000746e00000|100%| O|  |TAMS 0x0000000746e00000, 0x0000000746d00000| Untracked 
|  22|0x0000000746e00000, 0x0000000746f00000, 0x0000000746f00000|100%| O|  |TAMS 0x0000000746f00000, 0x0000000746e00000| Untracked 
|  23|0x0000000746f00000, 0x0000000747000000, 0x0000000747000000|100%| O|  |TAMS 0x0000000747000000, 0x0000000746f00000| Untracked 
|  24|0x0000000747000000, 0x0000000747100000, 0x0000000747100000|100%| O|  |TAMS 0x0000000747100000, 0x0000000747000000| Untracked 
|  25|0x0000000747100000, 0x0000000747200000, 0x0000000747200000|100%| O|  |TAMS 0x0000000747200000, 0x0000000747100000| Untracked 
|  26|0x0000000747200000, 0x0000000747300000, 0x0000000747300000|100%| O|  |TAMS 0x0000000747300000, 0x0000000747200000| Untracked 
|  27|0x0000000747300000, 0x0000000747400000, 0x0000000747400000|100%| O|  |TAMS 0x0000000747400000, 0x0000000747300000| Untracked 
|  28|0x0000000747400000, 0x0000000747500000, 0x0000000747500000|100%| O|  |TAMS 0x0000000747500000, 0x0000000747400000| Untracked 
|  29|0x0000000747500000, 0x0000000747600000, 0x0000000747600000|100%| O|  |TAMS 0x0000000747600000, 0x0000000747500000| Untracked 
|  30|0x0000000747600000, 0x0000000747700000, 0x0000000747700000|100%| O|  |TAMS 0x0000000747700000, 0x0000000747600000| Untracked 
|  31|0x0000000747700000, 0x0000000747800000, 0x0000000747800000|100%| O|  |TAMS 0x0000000747800000, 0x0000000747700000| Untracked 
|  32|0x0000000747800000, 0x0000000747900000, 0x0000000747900000|100%| O|  |TAMS 0x0000000747900000, 0x0000000747800000| Untracked 
|  33|0x0000000747900000, 0x0000000747a00000, 0x0000000747a00000|100%| O|  |TAMS 0x0000000747a00000, 0x0000000747900000| Untracked 
|  34|0x0000000747a00000, 0x0000000747b00000, 0x0000000747b00000|100%| O|  |TAMS 0x0000000747b00000, 0x0000000747a00000| Untracked 
|  35|0x0000000747b00000, 0x0000000747c00000, 0x0000000747c00000|100%| O|  |TAMS 0x0000000747c00000, 0x0000000747b00000| Untracked 
|  36|0x0000000747c00000, 0x0000000747d00000, 0x0000000747d00000|100%| O|  |TAMS 0x0000000747d00000, 0x0000000747c00000| Untracked 
|  37|0x0000000747d00000, 0x0000000747e00000, 0x0000000747e00000|100%| O|  |TAMS 0x0000000747e00000, 0x0000000747d00000| Untracked 
|  38|0x0000000747e00000, 0x0000000747f00000, 0x0000000747f00000|100%| O|  |TAMS 0x0000000747f00000, 0x0000000747e00000| Untracked 
|  39|0x0000000747f00000, 0x0000000748000000, 0x0000000748000000|100%| O|  |TAMS 0x0000000748000000, 0x0000000747f00000| Untracked 
|  40|0x0000000748000000, 0x0000000748100000, 0x0000000748100000|100%| O|  |TAMS 0x0000000748100000, 0x0000000748000000| Untracked 
|  41|0x0000000748100000, 0x0000000748200000, 0x0000000748200000|100%| O|  |TAMS 0x0000000748200000, 0x0000000748100000| Untracked 
|  42|0x0000000748200000, 0x0000000748300000, 0x0000000748300000|100%| O|  |TAMS 0x0000000748300000, 0x0000000748200000| Untracked 
|  43|0x0000000748300000, 0x0000000748400000, 0x0000000748400000|100%| O|  |TAMS 0x0000000748400000, 0x0000000748300000| Untracked 
|  44|0x0000000748400000, 0x0000000748500000, 0x0000000748500000|100%| O|  |TAMS 0x0000000748500000, 0x0000000748400000| Untracked 
|  45|0x0000000748500000, 0x0000000748600000, 0x0000000748600000|100%| O|  |TAMS 0x0000000748600000, 0x0000000748500000| Untracked 
|  46|0x0000000748600000, 0x0000000748700000, 0x0000000748700000|100%| O|  |TAMS 0x0000000748700000, 0x0000000748600000| Untracked 
|  47|0x0000000748700000, 0x0000000748800000, 0x0000000748800000|100%| O|  |TAMS 0x0000000748800000, 0x0000000748700000| Untracked 
|  48|0x0000000748800000, 0x0000000748900000, 0x0000000748900000|100%| O|  |TAMS 0x0000000748900000, 0x0000000748800000| Untracked 
|  49|0x0000000748900000, 0x0000000748a00000, 0x0000000748a00000|100%| O|  |TAMS 0x0000000748a00000, 0x0000000748900000| Untracked 
|  50|0x0000000748a00000, 0x0000000748b00000, 0x0000000748b00000|100%| O|  |TAMS 0x0000000748b00000, 0x0000000748a00000| Untracked 
|  51|0x0000000748b00000, 0x0000000748c00000, 0x0000000748c00000|100%| O|  |TAMS 0x0000000748c00000, 0x0000000748b00000| Untracked 
|  52|0x0000000748c00000, 0x0000000748d00000, 0x0000000748d00000|100%| O|  |TAMS 0x0000000748d00000, 0x0000000748c00000| Untracked 
|  53|0x0000000748d00000, 0x0000000748e00000, 0x0000000748e00000|100%| O|  |TAMS 0x0000000748e00000, 0x0000000748d00000| Untracked 
|  54|0x0000000748e00000, 0x0000000748f00000, 0x0000000748f00000|100%| O|  |TAMS 0x0000000748f00000, 0x0000000748e00000| Untracked 
|  55|0x0000000748f00000, 0x0000000749000000, 0x0000000749000000|100%| O|  |TAMS 0x0000000749000000, 0x0000000748f00000| Untracked 
|  56|0x0000000749000000, 0x0000000749100000, 0x0000000749100000|100%| O|  |TAMS 0x0000000749100000, 0x0000000749000000| Untracked 
|  57|0x0000000749100000, 0x0000000749200000, 0x0000000749200000|100%|HS|  |TAMS 0x0000000749100000, 0x0000000749100000| Complete 
|  58|0x0000000749200000, 0x0000000749300000, 0x0000000749300000|100%|HC|  |TAMS 0x0000000749200000, 0x0000000749200000| Complete 
|  59|0x0000000749300000, 0x0000000749400000, 0x0000000749400000|100%| O|  |TAMS 0x0000000749300000, 0x0000000749300000| Untracked 
|  60|0x0000000749400000, 0x0000000749400000, 0x0000000749500000|  0%| F|  |TAMS 0x0000000749400000, 0x0000000749400000| Untracked 
|  61|0x0000000749500000, 0x0000000749500000, 0x0000000749600000|  0%| F|  |TAMS 0x0000000749500000, 0x0000000749500000| Untracked 
|  62|0x0000000749600000, 0x0000000749600000, 0x0000000749700000|  0%| F|  |TAMS 0x0000000749600000, 0x0000000749600000| Untracked 
|  63|0x0000000749700000, 0x0000000749700000, 0x0000000749800000|  0%| F|  |TAMS 0x0000000749700000, 0x0000000749700000| Untracked 
|  64|0x0000000749800000, 0x0000000749800000, 0x0000000749900000|  0%| F|  |TAMS 0x0000000749800000, 0x0000000749800000| Untracked 
|  65|0x0000000749900000, 0x0000000749900000, 0x0000000749a00000|  0%| F|  |TAMS 0x0000000749900000, 0x0000000749900000| Untracked 
|  66|0x0000000749a00000, 0x0000000749a00000, 0x0000000749b00000|  0%| F|  |TAMS 0x0000000749a00000, 0x0000000749a00000| Untracked 
|  67|0x0000000749b00000, 0x0000000749b00000, 0x0000000749c00000|  0%| F|  |TAMS 0x0000000749b00000, 0x0000000749b00000| Untracked 
|  68|0x0000000749c00000, 0x0000000749c00000, 0x0000000749d00000|  0%| F|  |TAMS 0x0000000749c00000, 0x0000000749c00000| Untracked 
|  69|0x0000000749d00000, 0x0000000749d00000, 0x0000000749e00000|  0%| F|  |TAMS 0x0000000749d00000, 0x0000000749d00000| Untracked 
|  70|0x0000000749e00000, 0x0000000749e00000, 0x0000000749f00000|  0%| F|  |TAMS 0x0000000749e00000, 0x0000000749e00000| Untracked 
|  71|0x0000000749f00000, 0x0000000749f00000, 0x000000074a000000|  0%| F|  |TAMS 0x0000000749f00000, 0x0000000749f00000| Untracked 
|  72|0x000000074a000000, 0x000000074a000000, 0x000000074a100000|  0%| F|  |TAMS 0x000000074a000000, 0x000000074a000000| Untracked 
|  73|0x000000074a100000, 0x000000074a100000, 0x000000074a200000|  0%| F|  |TAMS 0x000000074a100000, 0x000000074a100000| Untracked 
|  74|0x000000074a200000, 0x000000074a200000, 0x000000074a300000|  0%| F|  |TAMS 0x000000074a200000, 0x000000074a200000| Untracked 
|  75|0x000000074a300000, 0x000000074a300000, 0x000000074a400000|  0%| F|  |TAMS 0x000000074a300000, 0x000000074a300000| Untracked 
|  76|0x000000074a400000, 0x000000074a400000, 0x000000074a500000|  0%| F|  |TAMS 0x000000074a400000, 0x000000074a400000| Untracked 
|  77|0x000000074a500000, 0x000000074a500000, 0x000000074a600000|  0%| F|  |TAMS 0x000000074a500000, 0x000000074a500000| Untracked 
|  78|0x000000074a600000, 0x000000074a600000, 0x000000074a700000|  0%| F|  |TAMS 0x000000074a600000, 0x000000074a600000| Untracked 
|  79|0x000000074a700000, 0x000000074a700000, 0x000000074a800000|  0%| F|  |TAMS 0x000000074a700000, 0x000000074a700000| Untracked 
|  80|0x000000074a800000, 0x000000074a800000, 0x000000074a900000|  0%| F|  |TAMS 0x000000074a800000, 0x000000074a800000| Untracked 
|  81|0x000000074a900000, 0x000000074a900000, 0x000000074aa00000|  0%| F|  |TAMS 0x000000074a900000, 0x000000074a900000| Untracked 
|  82|0x000000074aa00000, 0x000000074aa00000, 0x000000074ab00000|  0%| F|  |TAMS 0x000000074aa00000, 0x000000074aa00000| Untracked 
|  83|0x000000074ab00000, 0x000000074ab00000, 0x000000074ac00000|  0%| F|  |TAMS 0x000000074ab00000, 0x000000074ab00000| Untracked 
|  84|0x000000074ac00000, 0x000000074ac00000, 0x000000074ad00000|  0%| F|  |TAMS 0x000000074ac00000, 0x000000074ac00000| Untracked 
|  85|0x000000074ad00000, 0x000000074ad00000, 0x000000074ae00000|  0%| F|  |TAMS 0x000000074ad00000, 0x000000074ad00000| Untracked 
|  86|0x000000074ae00000, 0x000000074ae00000, 0x000000074af00000|  0%| F|  |TAMS 0x000000074ae00000, 0x000000074ae00000| Untracked 
|  87|0x000000074af00000, 0x000000074af00000, 0x000000074b000000|  0%| F|  |TAMS 0x000000074af00000, 0x000000074af00000| Untracked 
|  88|0x000000074b000000, 0x000000074b000000, 0x000000074b100000|  0%| F|  |TAMS 0x000000074b000000, 0x000000074b000000| Untracked 
|  89|0x000000074b100000, 0x000000074b100000, 0x000000074b200000|  0%| F|  |TAMS 0x000000074b100000, 0x000000074b100000| Untracked 
|  90|0x000000074b200000, 0x000000074b200000, 0x000000074b300000|  0%| F|  |TAMS 0x000000074b200000, 0x000000074b200000| Untracked 
|  91|0x000000074b300000, 0x000000074b300000, 0x000000074b400000|  0%| F|  |TAMS 0x000000074b300000, 0x000000074b300000| Untracked 
|  92|0x000000074b400000, 0x000000074b400000, 0x000000074b500000|  0%| F|  |TAMS 0x000000074b400000, 0x000000074b400000| Untracked 
|  93|0x000000074b500000, 0x000000074b500000, 0x000000074b600000|  0%| F|  |TAMS 0x000000074b500000, 0x000000074b500000| Untracked 
|  94|0x000000074b600000, 0x000000074b600000, 0x000000074b700000|  0%| F|  |TAMS 0x000000074b600000, 0x000000074b600000| Untracked 
|  95|0x000000074b700000, 0x000000074b700000, 0x000000074b800000|  0%| F|  |TAMS 0x000000074b700000, 0x000000074b700000| Untracked 
|  96|0x000000074b800000, 0x000000074b800000, 0x000000074b900000|  0%| F|  |TAMS 0x000000074b800000, 0x000000074b800000| Untracked 
|  97|0x000000074b900000, 0x000000074b900000, 0x000000074ba00000|  0%| F|  |TAMS 0x000000074b900000, 0x000000074b900000| Untracked 
|  98|0x000000074ba00000, 0x000000074ba00000, 0x000000074bb00000|  0%| F|  |TAMS 0x000000074ba00000, 0x000000074ba00000| Untracked 
|  99|0x000000074bb00000, 0x000000074bb00000, 0x000000074bc00000|  0%| F|  |TAMS 0x000000074bb00000, 0x000000074bb00000| Untracked 
| 100|0x000000074bc00000, 0x000000074bc00000, 0x000000074bd00000|  0%| F|  |TAMS 0x000000074bc00000, 0x000000074bc00000| Untracked 
| 101|0x000000074bd00000, 0x000000074bd00000, 0x000000074be00000|  0%| F|  |TAMS 0x000000074bd00000, 0x000000074bd00000| Untracked 
| 102|0x000000074be00000, 0x000000074be00000, 0x000000074bf00000|  0%| F|  |TAMS 0x000000074be00000, 0x000000074be00000| Untracked 
| 103|0x000000074bf00000, 0x000000074bf00000, 0x000000074c000000|  0%| F|  |TAMS 0x000000074bf00000, 0x000000074bf00000| Untracked 
| 104|0x000000074c000000, 0x000000074c000000, 0x000000074c100000|  0%| F|  |TAMS 0x000000074c000000, 0x000000074c000000| Untracked 
| 105|0x000000074c100000, 0x000000074c100000, 0x000000074c200000|  0%| F|  |TAMS 0x000000074c100000, 0x000000074c100000| Untracked 
| 106|0x000000074c200000, 0x000000074c200000, 0x000000074c300000|  0%| F|  |TAMS 0x000000074c200000, 0x000000074c200000| Untracked 
| 107|0x000000074c300000, 0x000000074c300000, 0x000000074c400000|  0%| F|  |TAMS 0x000000074c300000, 0x000000074c300000| Untracked 
| 108|0x000000074c400000, 0x000000074c400000, 0x000000074c500000|  0%| F|  |TAMS 0x000000074c400000, 0x000000074c400000| Untracked 
| 109|0x000000074c500000, 0x000000074c500000, 0x000000074c600000|  0%| F|  |TAMS 0x000000074c500000, 0x000000074c500000| Untracked 
| 110|0x000000074c600000, 0x000000074c600000, 0x000000074c700000|  0%| F|  |TAMS 0x000000074c600000, 0x000000074c600000| Untracked 
| 111|0x000000074c700000, 0x000000074c700000, 0x000000074c800000|  0%| F|  |TAMS 0x000000074c700000, 0x000000074c700000| Untracked 
| 112|0x000000074c800000, 0x000000074c800000, 0x000000074c900000|  0%| F|  |TAMS 0x000000074c800000, 0x000000074c800000| Untracked 
| 113|0x000000074c900000, 0x000000074c900000, 0x000000074ca00000|  0%| F|  |TAMS 0x000000074c900000, 0x000000074c900000| Untracked 
| 114|0x000000074ca00000, 0x000000074ca00000, 0x000000074cb00000|  0%| F|  |TAMS 0x000000074ca00000, 0x000000074ca00000| Untracked 
| 115|0x000000074cb00000, 0x000000074cb00000, 0x000000074cc00000|  0%| F|  |TAMS 0x000000074cb00000, 0x000000074cb00000| Untracked 
| 116|0x000000074cc00000, 0x000000074cc00000, 0x000000074cd00000|  0%| F|  |TAMS 0x000000074cc00000, 0x000000074cc00000| Untracked 
| 117|0x000000074cd00000, 0x000000074cd00000, 0x000000074ce00000|  0%| F|  |TAMS 0x000000074cd00000, 0x000000074cd00000| Untracked 
| 118|0x000000074ce00000, 0x000000074ce00000, 0x000000074cf00000|  0%| F|  |TAMS 0x000000074ce00000, 0x000000074ce00000| Untracked 
| 119|0x000000074cf00000, 0x000000074cf00000, 0x000000074d000000|  0%| F|  |TAMS 0x000000074cf00000, 0x000000074cf00000| Untracked 
| 120|0x000000074d000000, 0x000000074d000000, 0x000000074d100000|  0%| F|  |TAMS 0x000000074d000000, 0x000000074d000000| Untracked 
| 121|0x000000074d100000, 0x000000074d100000, 0x000000074d200000|  0%| F|  |TAMS 0x000000074d100000, 0x000000074d100000| Untracked 
| 122|0x000000074d200000, 0x000000074d200000, 0x000000074d300000|  0%| F|  |TAMS 0x000000074d200000, 0x000000074d200000| Untracked 
| 123|0x000000074d300000, 0x000000074d300000, 0x000000074d400000|  0%| F|  |TAMS 0x000000074d300000, 0x000000074d300000| Untracked 
| 124|0x000000074d400000, 0x000000074d400000, 0x000000074d500000|  0%| F|  |TAMS 0x000000074d400000, 0x000000074d400000| Untracked 
| 125|0x000000074d500000, 0x000000074d500000, 0x000000074d600000|  0%| F|  |TAMS 0x000000074d500000, 0x000000074d500000| Untracked 
| 126|0x000000074d600000, 0x000000074d600000, 0x000000074d700000|  0%| F|  |TAMS 0x000000074d600000, 0x000000074d600000| Untracked 
| 127|0x000000074d700000, 0x000000074d700000, 0x000000074d800000|  0%| F|  |TAMS 0x000000074d700000, 0x000000074d700000| Untracked 
| 128|0x000000074d800000, 0x000000074d800000, 0x000000074d900000|  0%| F|  |TAMS 0x000000074d800000, 0x000000074d800000| Untracked 
| 129|0x000000074d900000, 0x000000074d900000, 0x000000074da00000|  0%| F|  |TAMS 0x000000074d900000, 0x000000074d900000| Untracked 
| 130|0x000000074da00000, 0x000000074da00000, 0x000000074db00000|  0%| F|  |TAMS 0x000000074da00000, 0x000000074da00000| Untracked 
| 131|0x000000074db00000, 0x000000074db00000, 0x000000074dc00000|  0%| F|  |TAMS 0x000000074db00000, 0x000000074db00000| Untracked 
| 132|0x000000074dc00000, 0x000000074dc00000, 0x000000074dd00000|  0%| F|  |TAMS 0x000000074dc00000, 0x000000074dc00000| Untracked 
| 133|0x000000074dd00000, 0x000000074dd00000, 0x000000074de00000|  0%| F|  |TAMS 0x000000074dd00000, 0x000000074dd00000| Untracked 
| 134|0x000000074de00000, 0x000000074de00000, 0x000000074df00000|  0%| F|  |TAMS 0x000000074de00000, 0x000000074de00000| Untracked 
| 135|0x000000074df00000, 0x000000074df00000, 0x000000074e000000|  0%| F|  |TAMS 0x000000074df00000, 0x000000074df00000| Untracked 
| 136|0x000000074e000000, 0x000000074e000000, 0x000000074e100000|  0%| F|  |TAMS 0x000000074e000000, 0x000000074e000000| Untracked 
| 137|0x000000074e100000, 0x000000074e100000, 0x000000074e200000|  0%| F|  |TAMS 0x000000074e100000, 0x000000074e100000| Untracked 
| 138|0x000000074e200000, 0x000000074e200000, 0x000000074e300000|  0%| F|  |TAMS 0x000000074e200000, 0x000000074e200000| Untracked 
| 139|0x000000074e300000, 0x000000074e300000, 0x000000074e400000|  0%| F|  |TAMS 0x000000074e300000, 0x000000074e300000| Untracked 
| 140|0x000000074e400000, 0x000000074e400000, 0x000000074e500000|  0%| F|  |TAMS 0x000000074e400000, 0x000000074e400000| Untracked 
| 141|0x000000074e500000, 0x000000074e500000, 0x000000074e600000|  0%| F|  |TAMS 0x000000074e500000, 0x000000074e500000| Untracked 
| 142|0x000000074e600000, 0x000000074e600000, 0x000000074e700000|  0%| F|  |TAMS 0x000000074e600000, 0x000000074e600000| Untracked 
| 143|0x000000074e700000, 0x000000074e700000, 0x000000074e800000|  0%| F|  |TAMS 0x000000074e700000, 0x000000074e700000| Untracked 
| 144|0x000000074e800000, 0x000000074e800000, 0x000000074e900000|  0%| F|  |TAMS 0x000000074e800000, 0x000000074e800000| Untracked 
| 145|0x000000074e900000, 0x000000074e900000, 0x000000074ea00000|  0%| F|  |TAMS 0x000000074e900000, 0x000000074e900000| Untracked 
| 146|0x000000074ea00000, 0x000000074ea00000, 0x000000074eb00000|  0%| F|  |TAMS 0x000000074ea00000, 0x000000074ea00000| Untracked 
| 147|0x000000074eb00000, 0x000000074eb00000, 0x000000074ec00000|  0%| F|  |TAMS 0x000000074eb00000, 0x000000074eb00000| Untracked 
| 148|0x000000074ec00000, 0x000000074ec00000, 0x000000074ed00000|  0%| F|  |TAMS 0x000000074ec00000, 0x000000074ec00000| Untracked 
| 149|0x000000074ed00000, 0x000000074ed00000, 0x000000074ee00000|  0%| F|  |TAMS 0x000000074ed00000, 0x000000074ed00000| Untracked 
| 150|0x000000074ee00000, 0x000000074ee00000, 0x000000074ef00000|  0%| F|  |TAMS 0x000000074ee00000, 0x000000074ee00000| Untracked 
| 151|0x000000074ef00000, 0x000000074ef00000, 0x000000074f000000|  0%| F|  |TAMS 0x000000074ef00000, 0x000000074ef00000| Untracked 
| 152|0x000000074f000000, 0x000000074f000000, 0x000000074f100000|  0%| F|  |TAMS 0x000000074f000000, 0x000000074f000000| Untracked 
| 153|0x000000074f100000, 0x000000074f100000, 0x000000074f200000|  0%| F|  |TAMS 0x000000074f100000, 0x000000074f100000| Untracked 
| 154|0x000000074f200000, 0x000000074f200000, 0x000000074f300000|  0%| F|  |TAMS 0x000000074f200000, 0x000000074f200000| Untracked 
| 155|0x000000074f300000, 0x000000074f300000, 0x000000074f400000|  0%| F|  |TAMS 0x000000074f300000, 0x000000074f300000| Untracked 
| 156|0x000000074f400000, 0x000000074f400000, 0x000000074f500000|  0%| F|  |TAMS 0x000000074f400000, 0x000000074f400000| Untracked 
| 157|0x000000074f500000, 0x000000074f500000, 0x000000074f600000|  0%| F|  |TAMS 0x000000074f500000, 0x000000074f500000| Untracked 
| 158|0x000000074f600000, 0x000000074f600000, 0x000000074f700000|  0%| F|  |TAMS 0x000000074f600000, 0x000000074f600000| Untracked 
| 159|0x000000074f700000, 0x000000074f700000, 0x000000074f800000|  0%| F|  |TAMS 0x000000074f700000, 0x000000074f700000| Untracked 
| 160|0x000000074f800000, 0x000000074f800000, 0x000000074f900000|  0%| F|  |TAMS 0x000000074f800000, 0x000000074f800000| Untracked 
| 161|0x000000074f900000, 0x000000074f900000, 0x000000074fa00000|  0%| F|  |TAMS 0x000000074f900000, 0x000000074f900000| Untracked 
| 162|0x000000074fa00000, 0x000000074fa00000, 0x000000074fb00000|  0%| F|  |TAMS 0x000000074fa00000, 0x000000074fa00000| Untracked 
| 163|0x000000074fb00000, 0x000000074fb00000, 0x000000074fc00000|  0%| F|  |TAMS 0x000000074fb00000, 0x000000074fb00000| Untracked 
| 164|0x000000074fc00000, 0x000000074fc00000, 0x000000074fd00000|  0%| F|  |TAMS 0x000000074fc00000, 0x000000074fc00000| Untracked 
| 165|0x000000074fd00000, 0x000000074fd00000, 0x000000074fe00000|  0%| F|  |TAMS 0x000000074fd00000, 0x000000074fd00000| Untracked 
| 166|0x000000074fe00000, 0x000000074fe00000, 0x000000074ff00000|  0%| F|  |TAMS 0x000000074fe00000, 0x000000074fe00000| Untracked 
| 167|0x000000074ff00000, 0x000000074ff00000, 0x0000000750000000|  0%| F|  |TAMS 0x000000074ff00000, 0x000000074ff00000| Untracked 
| 168|0x0000000750000000, 0x0000000750000000, 0x0000000750100000|  0%| F|  |TAMS 0x0000000750000000, 0x0000000750000000| Untracked 
| 169|0x0000000750100000, 0x0000000750100000, 0x0000000750200000|  0%| F|  |TAMS 0x0000000750100000, 0x0000000750100000| Untracked 
| 170|0x0000000750200000, 0x0000000750200000, 0x0000000750300000|  0%| F|  |TAMS 0x0000000750200000, 0x0000000750200000| Untracked 
| 171|0x0000000750300000, 0x0000000750300000, 0x0000000750400000|  0%| F|  |TAMS 0x0000000750300000, 0x0000000750300000| Untracked 
| 172|0x0000000750400000, 0x0000000750500000, 0x0000000750500000|100%| S|CS|TAMS 0x0000000750400000, 0x0000000750400000| Complete 
| 173|0x0000000750500000, 0x0000000750600000, 0x0000000750600000|100%| S|CS|TAMS 0x0000000750500000, 0x0000000750500000| Complete 
| 174|0x0000000750600000, 0x0000000750700000, 0x0000000750700000|100%| S|CS|TAMS 0x0000000750600000, 0x0000000750600000| Complete 
| 175|0x0000000750700000, 0x0000000750800000, 0x0000000750800000|100%| S|CS|TAMS 0x0000000750700000, 0x0000000750700000| Complete 
| 176|0x0000000750800000, 0x0000000750900000, 0x0000000750900000|100%| S|CS|TAMS 0x0000000750800000, 0x0000000750800000| Complete 
| 177|0x0000000750900000, 0x0000000750a00000, 0x0000000750a00000|100%| S|CS|TAMS 0x0000000750900000, 0x0000000750900000| Complete 
| 178|0x0000000750a00000, 0x0000000750b00000, 0x0000000750b00000|100%| S|CS|TAMS 0x0000000750a00000, 0x0000000750a00000| Complete 
| 179|0x0000000750b00000, 0x0000000750b00000, 0x0000000750c00000|  0%| F|  |TAMS 0x0000000750b00000, 0x0000000750b00000| Untracked 
| 180|0x0000000750c00000, 0x0000000750c00000, 0x0000000750d00000|  0%| F|  |TAMS 0x0000000750c00000, 0x0000000750c00000| Untracked 
| 181|0x0000000750d00000, 0x0000000750d00000, 0x0000000750e00000|  0%| F|  |TAMS 0x0000000750d00000, 0x0000000750d00000| Untracked 
| 182|0x0000000750e00000, 0x0000000750e00000, 0x0000000750f00000|  0%| F|  |TAMS 0x0000000750e00000, 0x0000000750e00000| Untracked 
| 183|0x0000000750f00000, 0x0000000750f00000, 0x0000000751000000|  0%| F|  |TAMS 0x0000000750f00000, 0x0000000750f00000| Untracked 
| 184|0x0000000751000000, 0x0000000751000000, 0x0000000751100000|  0%| F|  |TAMS 0x0000000751000000, 0x0000000751000000| Untracked 
| 185|0x0000000751100000, 0x0000000751100000, 0x0000000751200000|  0%| F|  |TAMS 0x0000000751100000, 0x0000000751100000| Untracked 
| 186|0x0000000751200000, 0x0000000751200000, 0x0000000751300000|  0%| F|  |TAMS 0x0000000751200000, 0x0000000751200000| Untracked 
| 187|0x0000000751300000, 0x0000000751300000, 0x0000000751400000|  0%| F|  |TAMS 0x0000000751300000, 0x0000000751300000| Untracked 
| 188|0x0000000751400000, 0x0000000751400000, 0x0000000751500000|  0%| F|  |TAMS 0x0000000751400000, 0x0000000751400000| Untracked 
| 189|0x0000000751500000, 0x0000000751500000, 0x0000000751600000|  0%| F|  |TAMS 0x0000000751500000, 0x0000000751500000| Untracked 
| 190|0x0000000751600000, 0x0000000751600000, 0x0000000751700000|  0%| F|  |TAMS 0x0000000751600000, 0x0000000751600000| Untracked 
| 191|0x0000000751700000, 0x0000000751700000, 0x0000000751800000|  0%| F|  |TAMS 0x0000000751700000, 0x0000000751700000| Untracked 
| 192|0x0000000751800000, 0x0000000751800000, 0x0000000751900000|  0%| F|  |TAMS 0x0000000751800000, 0x0000000751800000| Untracked 
| 193|0x0000000751900000, 0x0000000751900000, 0x0000000751a00000|  0%| F|  |TAMS 0x0000000751900000, 0x0000000751900000| Untracked 
| 194|0x0000000751a00000, 0x0000000751a00000, 0x0000000751b00000|  0%| F|  |TAMS 0x0000000751a00000, 0x0000000751a00000| Untracked 
| 195|0x0000000751b00000, 0x0000000751b00000, 0x0000000751c00000|  0%| F|  |TAMS 0x0000000751b00000, 0x0000000751b00000| Untracked 
| 196|0x0000000751c00000, 0x0000000751c00000, 0x0000000751d00000|  0%| F|  |TAMS 0x0000000751c00000, 0x0000000751c00000| Untracked 
| 197|0x0000000751d00000, 0x0000000751d00000, 0x0000000751e00000|  0%| F|  |TAMS 0x0000000751d00000, 0x0000000751d00000| Untracked 
| 198|0x0000000751e00000, 0x0000000751e00000, 0x0000000751f00000|  0%| F|  |TAMS 0x0000000751e00000, 0x0000000751e00000| Untracked 
| 199|0x0000000751f00000, 0x0000000751f00000, 0x0000000752000000|  0%| F|  |TAMS 0x0000000751f00000, 0x0000000751f00000| Untracked 
| 200|0x0000000752000000, 0x0000000752000000, 0x0000000752100000|  0%| F|  |TAMS 0x0000000752000000, 0x0000000752000000| Untracked 
| 201|0x0000000752100000, 0x0000000752100000, 0x0000000752200000|  0%| F|  |TAMS 0x0000000752100000, 0x0000000752100000| Untracked 
| 202|0x0000000752200000, 0x0000000752280800, 0x0000000752300000| 50%| E|  |TAMS 0x0000000752200000, 0x0000000752200000| Complete 
| 203|0x0000000752300000, 0x0000000752400000, 0x0000000752400000|100%| E|CS|TAMS 0x0000000752300000, 0x0000000752300000| Complete 
| 204|0x0000000752400000, 0x0000000752500000, 0x0000000752500000|100%| E|CS|TAMS 0x0000000752400000, 0x0000000752400000| Complete 
| 205|0x0000000752500000, 0x0000000752600000, 0x0000000752600000|100%| E|CS|TAMS 0x0000000752500000, 0x0000000752500000| Complete 
| 206|0x0000000752600000, 0x0000000752700000, 0x0000000752700000|100%| E|CS|TAMS 0x0000000752600000, 0x0000000752600000| Complete 
| 207|0x0000000752700000, 0x0000000752800000, 0x0000000752800000|100%| E|CS|TAMS 0x0000000752700000, 0x0000000752700000| Complete 
| 208|0x0000000752800000, 0x0000000752900000, 0x0000000752900000|100%| E|CS|TAMS 0x0000000752800000, 0x0000000752800000| Complete 
| 209|0x0000000752900000, 0x0000000752a00000, 0x0000000752a00000|100%| E|CS|TAMS 0x0000000752900000, 0x0000000752900000| Complete 
| 210|0x0000000752a00000, 0x0000000752b00000, 0x0000000752b00000|100%| E|CS|TAMS 0x0000000752a00000, 0x0000000752a00000| Complete 
| 211|0x0000000752b00000, 0x0000000752c00000, 0x0000000752c00000|100%| E|CS|TAMS 0x0000000752b00000, 0x0000000752b00000| Complete 
| 212|0x0000000752c00000, 0x0000000752d00000, 0x0000000752d00000|100%| E|CS|TAMS 0x0000000752c00000, 0x0000000752c00000| Complete 
| 213|0x0000000752d00000, 0x0000000752e00000, 0x0000000752e00000|100%| E|CS|TAMS 0x0000000752d00000, 0x0000000752d00000| Complete 
| 214|0x0000000752e00000, 0x0000000752f00000, 0x0000000752f00000|100%| E|CS|TAMS 0x0000000752e00000, 0x0000000752e00000| Complete 
| 215|0x0000000752f00000, 0x0000000753000000, 0x0000000753000000|100%| E|CS|TAMS 0x0000000752f00000, 0x0000000752f00000| Complete 
| 216|0x0000000753000000, 0x0000000753100000, 0x0000000753100000|100%| E|CS|TAMS 0x0000000753000000, 0x0000000753000000| Complete 
| 217|0x0000000753100000, 0x0000000753200000, 0x0000000753200000|100%| E|CS|TAMS 0x0000000753100000, 0x0000000753100000| Complete 
| 218|0x0000000753200000, 0x0000000753300000, 0x0000000753300000|100%| E|CS|TAMS 0x0000000753200000, 0x0000000753200000| Complete 
| 219|0x0000000753300000, 0x0000000753400000, 0x0000000753400000|100%| E|CS|TAMS 0x0000000753300000, 0x0000000753300000| Complete 
| 220|0x0000000753400000, 0x0000000753500000, 0x0000000753500000|100%| E|CS|TAMS 0x0000000753400000, 0x0000000753400000| Complete 
| 221|0x0000000753500000, 0x0000000753600000, 0x0000000753600000|100%| E|CS|TAMS 0x0000000753500000, 0x0000000753500000| Complete 
| 222|0x0000000753600000, 0x0000000753700000, 0x0000000753700000|100%| E|CS|TAMS 0x0000000753600000, 0x0000000753600000| Complete 
| 223|0x0000000753700000, 0x0000000753800000, 0x0000000753800000|100%| E|CS|TAMS 0x0000000753700000, 0x0000000753700000| Complete 
| 224|0x0000000753800000, 0x0000000753900000, 0x0000000753900000|100%| E|CS|TAMS 0x0000000753800000, 0x0000000753800000| Complete 
| 225|0x0000000753900000, 0x0000000753a00000, 0x0000000753a00000|100%| E|CS|TAMS 0x0000000753900000, 0x0000000753900000| Complete 
| 226|0x0000000753a00000, 0x0000000753b00000, 0x0000000753b00000|100%| E|CS|TAMS 0x0000000753a00000, 0x0000000753a00000| Complete 
| 227|0x0000000753b00000, 0x0000000753c00000, 0x0000000753c00000|100%| E|CS|TAMS 0x0000000753b00000, 0x0000000753b00000| Complete 

Card table byte_map: [0x000001aec8b30000,0x000001aec9110000] _byte_map_base: 0x000001aec5104000

Marking Bits (Prev, Next): (CMBitMap*) 0x000001aeb0b1d510, (CMBitMap*) 0x000001aeb0b1d4d8
 Prev Bits: [0x000001aecc590000, 0x000001aecf430000)
 Next Bits: [0x000001aec96f0000, 0x000001aecc590000)

Polling page: 0x000001aeaea70000

Metaspace:

Usage:
  Non-class:     16.05 MB capacity,    15.86 MB ( 99%) used,   154.00 KB ( <1%) free+waste,    33.00 KB ( <1%) overhead. 
      Class:      1.74 MB capacity,     1.62 MB ( 93%) used,   113.25 KB (  6%) free+waste,    13.25 KB ( <1%) overhead. 
       Both:     17.79 MB capacity,    17.48 MB ( 98%) used,   267.25 KB (  1%) free+waste,    46.25 KB ( <1%) overhead. 

Virtual space:
  Non-class space:       18.00 MB reserved,      16.25 MB ( 90%) committed 
      Class space:        1.00 GB reserved,       1.75 MB ( <1%) committed 
             Both:        1.02 GB reserved,      18.00 MB (  2%) committed 

Chunk freelists:
   Non-Class:  17.00 KB
       Class:  7.00 KB
        Both:  24.00 KB

MaxMetaspaceSize: 17179869184.00 GB
CompressedClassSpaceSize: 1.00 GB
Initial GC threshold: 20.80 MB
Current GC threshold: 27.09 MB
CDS: off

CodeHeap 'non-profiled nmethods': size=120000Kb used=2364Kb max_used=2364Kb free=117635Kb
 bounds [0x000001aec0cf0000, 0x000001aec0f60000, 0x000001aec8220000]
CodeHeap 'profiled nmethods': size=120000Kb used=10206Kb max_used=10206Kb free=109793Kb
 bounds [0x000001aeb97c0000, 0x000001aeba1c0000, 0x000001aec0cf0000]
CodeHeap 'non-nmethods': size=5760Kb used=1163Kb max_used=1222Kb free=4596Kb
 bounds [0x000001aeb9220000, 0x000001aeb9490000, 0x000001aeb97c0000]
 total_blobs=4221 nmethods=3816 adapters=317
 compilation: enabled
              stopped_count=0, restarted_count=0
 full_count=0

Compilation events (20 events):
Event: 4.846 Thread 0x000001aed1e95000 nmethod 3837 0x000001aeba197c90 code [0x000001aeba197e80, 0x000001aeba1981b8]
Event: 4.847 Thread 0x000001aed3e58800 nmethod 3777 0x000001aec0f3b410 code [0x000001aec0f3b620, 0x000001aec0f3c168]
Event: 4.847 Thread 0x000001aed3e58800 3846       4       com.sun.tools.javac.code.Types::rank (269 bytes)
Event: 4.847 Thread 0x000001aed1e95000 3847       3       com.sun.tools.javac.comp.Resolve$BasicLookupHelper::access (44 bytes)
Event: 4.848 Thread 0x000001aed1e95000 nmethod 3847 0x000001aeba198310 code [0x000001aeba1984e0, 0x000001aeba198868]
Event: 4.849 Thread 0x000001aed1e95000 3850       3       com.sun.tools.javac.comp.Check$Validator::visitSelectInternal (55 bytes)
Event: 4.849 Thread 0x000001aed1e95000 nmethod 3850 0x000001aeba198a10 code [0x000001aeba198c80, 0x000001aeba1996a8]
Event: 4.850 Thread 0x000001aed1e95000 3851       3       com.sun.tools.javac.comp.Resolve$4::methodCheckResult (44 bytes)
Event: 4.850 Thread 0x000001aed1e95000 nmethod 3851 0x000001aeba199a90 code [0x000001aeba199ca0, 0x000001aeba19a308]
Event: 4.851 Thread 0x000001aed1e95000 3853       3       com.sun.tools.javac.util.Bits::isMember (58 bytes)
Event: 4.852 Thread 0x000001aed1e95000 nmethod 3853 0x000001aeba19a610 code [0x000001aeba19a800, 0x000001aeba19ac48]
Event: 4.852 Thread 0x000001aed1e95000 3854       3       com.sun.tools.javac.util.JCDiagnostic$Error::<init> (11 bytes)
Event: 4.852 Thread 0x000001aed1e95000 nmethod 3854 0x000001aeba19ae10 code [0x000001aeba19afe0, 0x000001aeba19b338]
Event: 4.853 Thread 0x000001aed1e95000 3856   !   3       com.sun.tools.javac.code.Symbol::apiComplete (17 bytes)
Event: 4.853 Thread 0x000001aed1e95000 nmethod 3856 0x000001aeba19b410 code [0x000001aeba19b5e0, 0x000001aeba19b938]
Event: 4.865 Thread 0x000001aed3e58800 nmethod 3846 0x000001aec0f3c890 code [0x000001aec0f3cb00, 0x000001aec0f3d420]
Event: 4.865 Thread 0x000001aed3e58800 3852       4       com.sun.tools.javac.code.Scope$ScopeImpl$2::next (5 bytes)
Event: 4.867 Thread 0x000001aed1e95000 3858       2       com.sun.tools.javac.comp.Lower$1::visitVarDef (38 bytes)
Event: 4.867 Thread 0x000001aed1e95000 nmethod 3858 0x000001aeba19ba90 code [0x000001aeba19bc80, 0x000001aeba19bf28]
Event: 4.869 Thread 0x000001aed1e95000 3859       3       com.sun.tools.javac.jvm.Code$LocalVar::closeRange (42 bytes)

GC Heap History (20 events):
Event: 1.453 GC heap before
{Heap before GC invocations=25 (full 0):
 garbage-first heap   total 23552K, used 19673K [0x0000000745800000, 0x0000000800000000)
  region size 1024K, 2 young (2048K), 1 survivors (1024K)
 Metaspace       used 13770K, capacity 14068K, committed 14336K, reserved 1062912K
  class space    used 1409K, capacity 1503K, committed 1536K, reserved 1048576K
}
Event: 1.456 GC heap after
{Heap after GC invocations=26 (full 0):
 garbage-first heap   total 47104K, used 18818K [0x0000000745800000, 0x0000000800000000)
  region size 1024K, 1 young (1024K), 1 survivors (1024K)
 Metaspace       used 13770K, capacity 14068K, committed 14336K, reserved 1062912K
  class space    used 1409K, capacity 1503K, committed 1536K, reserved 1048576K
}
Event: 1.515 GC heap before
{Heap before GC invocations=27 (full 0):
 garbage-first heap   total 47104K, used 25986K [0x0000000745800000, 0x0000000800000000)
  region size 1024K, 9 young (9216K), 1 survivors (1024K)
 Metaspace       used 13770K, capacity 14068K, committed 14336K, reserved 1062912K
  class space    used 1409K, capacity 1503K, committed 1536K, reserved 1048576K
}
Event: 1.519 GC heap after
{Heap after GC invocations=28 (full 0):
 garbage-first heap   total 47104K, used 19280K [0x0000000745800000, 0x0000000800000000)
  region size 1024K, 2 young (2048K), 2 survivors (2048K)
 Metaspace       used 13770K, capacity 14068K, committed 14336K, reserved 1062912K
  class space    used 1409K, capacity 1503K, committed 1536K, reserved 1048576K
}
Event: 1.551 GC heap before
{Heap before GC invocations=29 (full 0):
 garbage-first heap   total 47104K, used 33616K [0x0000000745800000, 0x0000000800000000)
  region size 1024K, 3 young (3072K), 2 survivors (2048K)
 Metaspace       used 13770K, capacity 14068K, committed 14336K, reserved 1062912K
  class space    used 1409K, capacity 1503K, committed 1536K, reserved 1048576K
}
Event: 1.553 GC heap after
{Heap after GC invocations=30 (full 0):
 garbage-first heap   total 47104K, used 19714K [0x0000000745800000, 0x0000000800000000)
  region size 1024K, 1 young (1024K), 1 survivors (1024K)
 Metaspace       used 13770K, capacity 14068K, committed 14336K, reserved 1062912K
  class space    used 1409K, capacity 1503K, committed 1536K, reserved 1048576K
}
Event: 1.581 GC heap before
{Heap before GC invocations=31 (full 0):
 garbage-first heap   total 47104K, used 24834K [0x0000000745800000, 0x0000000800000000)
  region size 1024K, 5 young (5120K), 1 survivors (1024K)
 Metaspace       used 13774K, capacity 14068K, committed 14336K, reserved 1062912K
  class space    used 1409K, capacity 1503K, committed 1536K, reserved 1048576K
}
Event: 1.585 GC heap after
{Heap after GC invocations=32 (full 0):
 garbage-first heap   total 47104K, used 22731K [0x0000000745800000, 0x0000000800000000)
  region size 1024K, 2 young (2048K), 2 survivors (2048K)
 Metaspace       used 13774K, capacity 14068K, committed 14336K, reserved 1062912K
  class space    used 1409K, capacity 1503K, committed 1536K, reserved 1048576K
}
Event: 1.756 GC heap before
{Heap before GC invocations=33 (full 0):
 garbage-first heap   total 47104K, used 32971K [0x0000000745800000, 0x0000000800000000)
  region size 1024K, 10 young (10240K), 2 survivors (2048K)
 Metaspace       used 13862K, capacity 14133K, committed 14336K, reserved 1062912K
  class space    used 1409K, capacity 1503K, committed 1536K, reserved 1048576K
}
Event: 1.765 GC heap after
{Heap after GC invocations=34 (full 0):
 garbage-first heap   total 94208K, used 24282K [0x0000000745800000, 0x0000000800000000)
  region size 1024K, 2 young (2048K), 2 survivors (2048K)
 Metaspace       used 13862K, capacity 14133K, committed 14336K, reserved 1062912K
  class space    used 1409K, capacity 1503K, committed 1536K, reserved 1048576K
}
Event: 2.322 GC heap before
{Heap before GC invocations=34 (full 0):
 garbage-first heap   total 94208K, used 49882K [0x0000000745800000, 0x0000000800000000)
  region size 1024K, 25 young (25600K), 2 survivors (2048K)
 Metaspace       used 15302K, capacity 15607K, committed 15744K, reserved 1062912K
  class space    used 1515K, capacity 1610K, committed 1664K, reserved 1048576K
}
Event: 2.337 GC heap after
{Heap after GC invocations=35 (full 0):
 garbage-first heap   total 94208K, used 34430K [0x0000000745800000, 0x0000000800000000)
  region size 1024K, 4 young (4096K), 4 survivors (4096K)
 Metaspace       used 15302K, capacity 15607K, committed 15744K, reserved 1062912K
  class space    used 1515K, capacity 1610K, committed 1664K, reserved 1048576K
}
Event: 2.554 GC heap before
{Heap before GC invocations=35 (full 0):
 garbage-first heap   total 94208K, used 57982K [0x0000000745800000, 0x0000000800000000)
  region size 1024K, 27 young (27648K), 4 survivors (4096K)
 Metaspace       used 15835K, capacity 16127K, committed 16384K, reserved 1064960K
  class space    used 1556K, capacity 1696K, committed 1792K, reserved 1048576K
}
Event: 2.585 GC heap after
{Heap after GC invocations=36 (full 0):
 garbage-first heap   total 94208K, used 49544K [0x0000000745800000, 0x0000000800000000)
  region size 1024K, 4 young (4096K), 4 survivors (4096K)
 Metaspace       used 15835K, capacity 16127K, committed 16384K, reserved 1064960K
  class space    used 1556K, capacity 1696K, committed 1792K, reserved 1048576K
}
Event: 2.680 GC heap before
{Heap before GC invocations=36 (full 0):
 garbage-first heap   total 94208K, used 63880K [0x0000000745800000, 0x0000000800000000)
  region size 1024K, 18 young (18432K), 4 survivors (4096K)
 Metaspace       used 15971K, capacity 16322K, committed 16640K, reserved 1064960K
  class space    used 1560K, capacity 1696K, committed 1792K, reserved 1048576K
}
Event: 2.707 GC heap after
{Heap after GC invocations=37 (full 0):
 garbage-first heap   total 94208K, used 57856K [0x0000000745800000, 0x0000000800000000)
  region size 1024K, 3 young (3072K), 3 survivors (3072K)
 Metaspace       used 15971K, capacity 16322K, committed 16640K, reserved 1064960K
  class space    used 1560K, capacity 1696K, committed 1792K, reserved 1048576K
}
Event: 2.819 GC heap before
{Heap before GC invocations=38 (full 0):
 garbage-first heap   total 94208K, used 64000K [0x0000000745800000, 0x0000000800000000)
  region size 1024K, 10 young (10240K), 3 survivors (3072K)
 Metaspace       used 16090K, capacity 16396K, committed 16640K, reserved 1064960K
  class space    used 1560K, capacity 1696K, committed 1792K, reserved 1048576K
}
Event: 2.839 GC heap after
{Heap after GC invocations=39 (full 0):
 garbage-first heap   total 233472K, used 60050K [0x0000000745800000, 0x0000000800000000)
  region size 1024K, 2 young (2048K), 2 survivors (2048K)
 Metaspace       used 16090K, capacity 16396K, committed 16640K, reserved 1064960K
  class space    used 1560K, capacity 1696K, committed 1792K, reserved 1048576K
}
Event: 4.121 GC heap before
{Heap before GC invocations=40 (full 0):
 garbage-first heap   total 233472K, used 112274K [0x0000000745800000, 0x0000000800000000)
  region size 1024K, 51 young (52224K), 2 survivors (2048K)
 Metaspace       used 17621K, capacity 17957K, committed 18176K, reserved 1064960K
  class space    used 1657K, capacity 1785K, committed 1792K, reserved 1048576K
}
Event: 4.137 GC heap after
{Heap after GC invocations=41 (full 0):
 garbage-first heap   total 233472K, used 67584K [0x0000000745800000, 0x0000000800000000)
  region size 1024K, 7 young (7168K), 7 survivors (7168K)
 Metaspace       used 17621K, capacity 17957K, committed 18176K, reserved 1064960K
  class space    used 1657K, capacity 1785K, committed 1792K, reserved 1048576K
}

Deoptimization events (20 events):
Event: 4.714 Thread 0x000001aeb0ac9000 Uncommon trap: trap_request=0xffffffde fr.pc=0x000001aec0e8fc4c relative=0x0000000000001d2c
Event: 4.714 Thread 0x000001aeb0ac9000 Uncommon trap: reason=class_check action=maybe_recompile pc=0x000001aec0e8fc4c method=com.sun.tools.javac.code.Types.isAssignable(Lcom/sun/tools/javac/code/Type;Lcom/sun/tools/javac/code/Type;Lcom/sun/tools/javac/util/Warner;)Z @ 26 c2
Event: 4.714 Thread 0x000001aeb0ac9000 DEOPT PACKING pc=0x000001aec0e8fc4c sp=0x00000026c27fc690
Event: 4.714 Thread 0x000001aeb0ac9000 DEOPT UNPACKING pc=0x000001aeb92285af sp=0x00000026c27fc5d8 mode 2
Event: 4.723 Thread 0x000001aeb0ac9000 Uncommon trap: trap_request=0xffffff4d fr.pc=0x000001aec0efa10c relative=0x00000000000000cc
Event: 4.723 Thread 0x000001aeb0ac9000 Uncommon trap: reason=unstable_if action=reinterpret pc=0x000001aec0efa10c method=com.sun.tools.javac.comp.Lower.boxIfNeeded(Lcom/sun/tools/javac/tree/JCTree$JCExpression;Lcom/sun/tools/javac/code/Type;)Lcom/sun/tools/javac/tree/JCTree$JCExpression; @ 13 
Event: 4.723 Thread 0x000001aeb0ac9000 DEOPT PACKING pc=0x000001aec0efa10c sp=0x00000026c27fde20
Event: 4.723 Thread 0x000001aeb0ac9000 DEOPT UNPACKING pc=0x000001aeb92285af sp=0x00000026c27fdda0 mode 2
Event: 4.725 Thread 0x000001aeb0ac9000 Uncommon trap: trap_request=0xffffff4d fr.pc=0x000001aec0e804b4 relative=0x0000000000001e14
Event: 4.725 Thread 0x000001aeb0ac9000 Uncommon trap: reason=unstable_if action=reinterpret pc=0x000001aec0e804b4 method=com.sun.tools.javac.comp.Check.checkType(Lcom/sun/tools/javac/util/JCDiagnostic$DiagnosticPosition;Lcom/sun/tools/javac/code/Type;Lcom/sun/tools/javac/code/Type;Lcom/sun/too
Event: 4.725 Thread 0x000001aeb0ac9000 DEOPT PACKING pc=0x000001aec0e804b4 sp=0x00000026c27fce50
Event: 4.725 Thread 0x000001aeb0ac9000 DEOPT UNPACKING pc=0x000001aeb92285af sp=0x00000026c27fce38 mode 2
Event: 4.806 Thread 0x000001aeb0ac9000 Uncommon trap: trap_request=0xffffffde fr.pc=0x000001aec0ef4dfc relative=0x000000000000125c
Event: 4.806 Thread 0x000001aeb0ac9000 Uncommon trap: reason=class_check action=maybe_recompile pc=0x000001aec0ef4dfc method=com.sun.tools.javac.comp.Lower$1.checkConflicts(Lcom/sun/tools/javac/util/JCDiagnostic$DiagnosticPosition;Lcom/sun/tools/javac/code/Symbol;Lcom/sun/tools/javac/code/Symb
Event: 4.807 Thread 0x000001aeb0ac9000 DEOPT PACKING pc=0x000001aec0ef4dfc sp=0x00000026c27fe8d0
Event: 4.807 Thread 0x000001aeb0ac9000 DEOPT UNPACKING pc=0x000001aeb92285af sp=0x00000026c27fe850 mode 2
Event: 4.811 Thread 0x000001aeb0ac9000 Uncommon trap: trap_request=0xffffffde fr.pc=0x000001aec0ef4dfc relative=0x000000000000125c
Event: 4.811 Thread 0x000001aeb0ac9000 Uncommon trap: reason=class_check action=maybe_recompile pc=0x000001aec0ef4dfc method=com.sun.tools.javac.comp.Lower$1.checkConflicts(Lcom/sun/tools/javac/util/JCDiagnostic$DiagnosticPosition;Lcom/sun/tools/javac/code/Symbol;Lcom/sun/tools/javac/code/Symb
Event: 4.811 Thread 0x000001aeb0ac9000 DEOPT PACKING pc=0x000001aec0ef4dfc sp=0x00000026c27fe8d0
Event: 4.811 Thread 0x000001aeb0ac9000 DEOPT UNPACKING pc=0x000001aeb92285af sp=0x00000026c27fe850 mode 2

Classes redefined (0 events):
No events

Internal exceptions (20 events):
Event: 4.571 Thread 0x000001aeb0ac9000 Exception <a 'sun/nio/fs/WindowsException'{0x0000000752f77f20}> (0x0000000752f77f20) thrown at [./src/hotspot/share/prims/jni.cpp, line 617]
Event: 4.576 Thread 0x000001aeb0ac9000 Exception <a 'sun/nio/fs/WindowsException'{0x0000000752fb0700}> (0x0000000752fb0700) thrown at [./src/hotspot/share/prims/jni.cpp, line 617]
Event: 4.577 Thread 0x000001aeb0ac9000 Exception <a 'sun/nio/fs/WindowsException'{0x0000000752fb3738}> (0x0000000752fb3738) thrown at [./src/hotspot/share/prims/jni.cpp, line 617]
Event: 4.583 Thread 0x000001aeb0ac9000 Implicit null exception at 0x000001aec0f035ef to 0x000001aec0f03678
Event: 4.586 Thread 0x000001aeb0ac9000 Exception <a 'sun/nio/fs/WindowsException'{0x0000000752fd70d0}> (0x0000000752fd70d0) thrown at [./src/hotspot/share/prims/jni.cpp, line 617]
Event: 4.586 Thread 0x000001aeb0ac9000 Exception <a 'sun/nio/fs/WindowsException'{0x0000000752fd7618}> (0x0000000752fd7618) thrown at [./src/hotspot/share/prims/jni.cpp, line 617]
Event: 4.614 Thread 0x000001aeb0ac9000 Exception <a 'sun/nio/fs/WindowsException'{0x0000000752e47ba0}> (0x0000000752e47ba0) thrown at [./src/hotspot/share/prims/jni.cpp, line 617]
Event: 4.614 Thread 0x000001aeb0ac9000 Exception <a 'sun/nio/fs/WindowsException'{0x0000000752e480b8}> (0x0000000752e480b8) thrown at [./src/hotspot/share/prims/jni.cpp, line 617]
Event: 4.617 Thread 0x000001aeb0ac9000 Exception <a 'sun/nio/fs/WindowsException'{0x0000000752e52198}> (0x0000000752e52198) thrown at [./src/hotspot/share/prims/jni.cpp, line 617]
Event: 4.617 Thread 0x000001aeb0ac9000 Exception <a 'sun/nio/fs/WindowsException'{0x0000000752e526b0}> (0x0000000752e526b0) thrown at [./src/hotspot/share/prims/jni.cpp, line 617]
Event: 4.628 Thread 0x000001aeb0ac9000 Exception <a 'sun/nio/fs/WindowsException'{0x0000000752e78a18}> (0x0000000752e78a18) thrown at [./src/hotspot/share/prims/jni.cpp, line 617]
Event: 4.645 Thread 0x000001aeb0ac9000 Exception <a 'sun/nio/fs/WindowsException'{0x0000000752d28ae8}> (0x0000000752d28ae8) thrown at [./src/hotspot/share/prims/jni.cpp, line 617]
Event: 4.645 Thread 0x000001aeb0ac9000 Exception <a 'sun/nio/fs/WindowsException'{0x0000000752d29000}> (0x0000000752d29000) thrown at [./src/hotspot/share/prims/jni.cpp, line 617]
Event: 4.695 Thread 0x000001aeb0ac9000 Exception <a 'sun/nio/fs/WindowsException'{0x0000000752c4b0a8}> (0x0000000752c4b0a8) thrown at [./src/hotspot/share/prims/jni.cpp, line 617]
Event: 4.705 Thread 0x000001aeb0ac9000 Exception <a 'sun/nio/fs/WindowsException'{0x0000000752c77f48}> (0x0000000752c77f48) thrown at [./src/hotspot/share/prims/jni.cpp, line 617]
Event: 4.732 Thread 0x000001aeb0ac9000 Exception <a 'sun/nio/fs/WindowsException'{0x0000000752b4f1e8}> (0x0000000752b4f1e8) thrown at [./src/hotspot/share/prims/jni.cpp, line 617]
Event: 4.833 Thread 0x000001aeb0ac9000 Exception <a 'sun/nio/fs/WindowsException'{0x00000007526ecf40}> (0x00000007526ecf40) thrown at [./src/hotspot/share/prims/jni.cpp, line 617]
Event: 4.835 Thread 0x000001aeb0ac9000 Exception <a 'sun/nio/fs/WindowsException'{0x00000007526f8490}> (0x00000007526f8490) thrown at [./src/hotspot/share/prims/jni.cpp, line 617]
Event: 4.838 Thread 0x000001aeb0ac9000 Exception <a 'sun/nio/fs/WindowsException'{0x0000000752507ba0}> (0x0000000752507ba0) thrown at [./src/hotspot/share/prims/jni.cpp, line 617]
Event: 4.869 Thread 0x000001aeb0ac9000 Exception <a 'sun/nio/fs/WindowsException'{0x00000007524f6c30}> (0x00000007524f6c30) thrown at [./src/hotspot/share/prims/jni.cpp, line 617]

Events (20 events):
Event: 3.334 loading class com/sun/tools/javac/util/ListBuffer done
Event: 3.334 loading class com/sun/tools/javac/util/List
Event: 3.334 loading class com/sun/tools/javac/util/List done
Event: 3.334 loading class com/sun/tools/javac/util/ListBuffer
Event: 3.334 loading class com/sun/tools/javac/util/ListBuffer done
Event: 3.453 Executing VM operation: ICBufferFull
Event: 3.453 Executing VM operation: ICBufferFull done
Event: 3.681 Executing VM operation: ICBufferFull
Event: 3.681 Executing VM operation: ICBufferFull done
Event: 4.018 Executing VM operation: ICBufferFull
Event: 4.018 Executing VM operation: ICBufferFull done
Event: 4.121 Executing VM operation: G1CollectForAllocation
Event: 4.137 Executing VM operation: G1CollectForAllocation done
Event: 4.415 Executing VM operation: ICBufferFull
Event: 4.415 Executing VM operation: ICBufferFull done
Event: 4.536 Loaded shared library C:\Program Files\Microsoft\jdk-11.0.16.101-hotspot\bin\nio.dll
Event: 4.627 Executing VM operation: ICBufferFull
Event: 4.627 Executing VM operation: ICBufferFull done
Event: 4.831 Executing VM operation: ICBufferFull
Event: 4.831 Executing VM operation: ICBufferFull done


Dynamic libraries:
0x00007ff6420b0000 - 0x00007ff6420b7000 	C:\Program Files\Microsoft\jdk-11.0.16.101-hotspot\bin\javac.exe
0x00007fff88e10000 - 0x00007fff89024000 	C:\WINDOWS\SYSTEM32\ntdll.dll
0x00007fff87410000 - 0x00007fff874d4000 	C:\WINDOWS\System32\KERNEL32.DLL
0x00007fff86700000 - 0x00007fff86aa4000 	C:\WINDOWS\System32\KERNELBASE.dll
0x00007fff863b0000 - 0x00007fff864c1000 	C:\WINDOWS\System32\ucrtbase.dll
0x00007fff7b530000 - 0x00007fff7b547000 	C:\Program Files\Microsoft\jdk-11.0.16.101-hotspot\bin\jli.dll
0x00007fff58440000 - 0x00007fff58455000 	C:\Program Files\Microsoft\jdk-11.0.16.101-hotspot\bin\VCRUNTIME140.dll
0x00007fff88ba0000 - 0x00007fff88d4a000 	C:\WINDOWS\System32\USER32.dll
0x00007fff86290000 - 0x00007fff862b6000 	C:\WINDOWS\System32\win32u.dll
0x00007fff5ed10000 - 0x00007fff5ef9f000 	C:\WINDOWS\WinSxS\amd64_microsoft.windows.common-controls_6595b64144ccf1df_6.0.22621.2070_none_2713e6537381f706\COMCTL32.dll
0x00007fff88880000 - 0x00007fff888a9000 	C:\WINDOWS\System32\GDI32.dll
0x00007fff87690000 - 0x00007fff87737000 	C:\WINDOWS\System32\msvcrt.dll
0x00007fff86ab0000 - 0x00007fff86bc9000 	C:\WINDOWS\System32\gdi32full.dll
0x00007fff861f0000 - 0x00007fff8628a000 	C:\WINDOWS\System32\msvcp_win.dll
0x00007fff88680000 - 0x00007fff886b1000 	C:\WINDOWS\System32\IMM32.DLL
0x00007fff18c90000 - 0x00007fff18d2b000 	C:\Program Files\Microsoft\jdk-11.0.16.101-hotspot\bin\msvcp140.dll
0x00007ffe52b50000 - 0x00007ffe536da000 	C:\Program Files\Microsoft\jdk-11.0.16.101-hotspot\bin\server\jvm.dll
0x00007fff875e0000 - 0x00007fff87690000 	C:\WINDOWS\System32\ADVAPI32.dll
0x00007fff889d0000 - 0x00007fff88a76000 	C:\WINDOWS\System32\sechost.dll
0x00007fff888b0000 - 0x00007fff889c7000 	C:\WINDOWS\System32\RPCRT4.dll
0x00007fff86cc0000 - 0x00007fff86cc8000 	C:\WINDOWS\System32\PSAPI.DLL
0x00007fff49930000 - 0x00007fff49939000 	C:\WINDOWS\SYSTEM32\WSOCK32.dll
0x00007fff7d650000 - 0x00007fff7d684000 	C:\WINDOWS\SYSTEM32\WINMM.dll
0x00007fff86c30000 - 0x00007fff86ca1000 	C:\WINDOWS\System32\WS2_32.dll
0x00007fff7c870000 - 0x00007fff7c87a000 	C:\WINDOWS\SYSTEM32\VERSION.dll
0x00007fff851e0000 - 0x00007fff851f8000 	C:\WINDOWS\SYSTEM32\kernel.appcore.dll
0x00007fff83050000 - 0x00007fff83060000 	C:\Program Files\Microsoft\jdk-11.0.16.101-hotspot\bin\verify.dll
0x00007fff83a90000 - 0x00007fff83cbe000 	C:\WINDOWS\SYSTEM32\DBGHELP.DLL
0x00007fff87f60000 - 0x00007fff882ea000 	C:\WINDOWS\System32\combase.dll
0x00007fff88310000 - 0x00007fff883e7000 	C:\WINDOWS\System32\OLEAUT32.dll
0x00007fff4f6e0000 - 0x00007fff4f712000 	C:\WINDOWS\SYSTEM32\dbgcore.DLL
0x00007fff862c0000 - 0x00007fff8633a000 	C:\WINDOWS\System32\bcryptPrimitives.dll
0x00007fff583b0000 - 0x00007fff583d8000 	C:\Program Files\Microsoft\jdk-11.0.16.101-hotspot\bin\java.dll
0x00007fff82fe0000 - 0x00007fff82fea000 	C:\Program Files\Microsoft\jdk-11.0.16.101-hotspot\bin\jimage.dll
0x00007fff570f0000 - 0x00007fff57108000 	C:\Program Files\Microsoft\jdk-11.0.16.101-hotspot\bin\zip.dll
0x00007fff87740000 - 0x00007fff87f56000 	C:\WINDOWS\System32\SHELL32.dll
0x00007fff84170000 - 0x00007fff84a5a000 	C:\WINDOWS\SYSTEM32\windows.storage.dll
0x00007fff84030000 - 0x00007fff8416e000 	C:\WINDOWS\SYSTEM32\wintypes.dll
0x00007fff874e0000 - 0x00007fff875d3000 	C:\WINDOWS\System32\SHCORE.dll
0x00007fff88d70000 - 0x00007fff88dce000 	C:\WINDOWS\System32\shlwapi.dll
0x00007fff86120000 - 0x00007fff86146000 	C:\WINDOWS\SYSTEM32\profapi.dll
0x00007fff57040000 - 0x00007fff57059000 	C:\Program Files\Microsoft\jdk-11.0.16.101-hotspot\bin\net.dll
0x00007fff7fdc0000 - 0x00007fff7fef7000 	C:\WINDOWS\SYSTEM32\WINHTTP.dll
0x00007fff856b0000 - 0x00007fff85719000 	C:\WINDOWS\system32\mswsock.dll
0x00007fff48f10000 - 0x00007fff48f23000 	C:\Program Files\Microsoft\jdk-11.0.16.101-hotspot\bin\nio.dll

dbghelp: loaded successfully - version: 4.0.5 - missing functions: none
symbol engine: initialized successfully - sym options: 0x614 - pdb path: .;C:\Program Files\Microsoft\jdk-11.0.16.101-hotspot\bin;C:\WINDOWS\SYSTEM32;C:\WINDOWS\WinSxS\amd64_microsoft.windows.common-controls_6595b64144ccf1df_6.0.22621.2070_none_2713e6537381f706;C:\Program Files\Microsoft\jdk-11.0.16.101-hotspot\bin\server

VM Arguments:
jvm_args: -Dapplication.home=C:\Program Files\Microsoft\jdk-11.0.16.101-hotspot --add-modules=ALL-DEFAULT -Xms8m -Dfile.encoding=UTF8 -Djdk.module.main=jdk.compiler 
java_command: jdk.compiler/com.sun.tools.javac.Main @C:\Users\Luis F\AppData\Local\Temp\tmpD885.tmp -target 1.8 -source 1.8
java_class_path (initial): <not set>
Launcher Type: SUN_STANDARD

[Global flags]
     intx CICompilerCount                          = 4                                         {product} {ergonomic}
     uint ConcGCThreads                            = 2                                         {product} {ergonomic}
     uint G1ConcRefinementThreads                  = 8                                         {product} {ergonomic}
   size_t G1HeapRegionSize                         = 1048576                                   {product} {ergonomic}
    uintx GCDrainStackTargetSize                   = 64                                        {product} {ergonomic}
   size_t InitialHeapSize                          = 8388608                                   {product} {command line}
   size_t MarkStackSize                            = 4194304                                   {product} {ergonomic}
   size_t MaxHeapSize                              = 3128950784                                {product} {ergonomic}
   size_t MaxNewSize                               = 1876951040                                {product} {ergonomic}
   size_t MinHeapDeltaBytes                        = 1048576                                   {product} {ergonomic}
    uintx NonNMethodCodeHeapSize                   = 5836300                                {pd product} {ergonomic}
    uintx NonProfiledCodeHeapSize                  = 122910970                              {pd product} {ergonomic}
    uintx ProfiledCodeHeapSize                     = 122910970                              {pd product} {ergonomic}
    uintx ReservedCodeCacheSize                    = 251658240                              {pd product} {ergonomic}
     bool SegmentedCodeCache                       = true                                      {product} {ergonomic}
     bool UseCompressedClassPointers               = true                                 {lp64_product} {ergonomic}
     bool UseCompressedOops                        = true                                 {lp64_product} {ergonomic}
     bool UseG1GC                                  = true                                      {product} {ergonomic}
     bool UseLargePagesIndividualAllocation        = false                                  {pd product} {ergonomic}

Logging:
Log output configuration:
 #0: stdout all=warning uptime,level,tags
 #1: stderr all=off uptime,level,tags

Environment Variables:
PATH=C:\Program Files\Microsoft MPI\Bin\;C:\Program Files\Microsoft\jdk-11.0.16.101-hotspot\bin;C:\WINDOWS\system32;C:\WINDOWS;C:\WINDOWS\System32\Wbem;C:\WINDOWS\System32\WindowsPowerShell\v1.0\;C:\WINDOWS\System32\OpenSSH\;C:\ProgramData\chocolatey\bin;C:\Program Files (x86)\Microsoft SQL Server\160\Tools\Binn\;C:\Program Files\Microsoft SQL Server\160\Tools\Binn\;C:\Program Files\Microsoft SQL Server\Client SDK\ODBC\170\Tools\Binn\;C:\Program Files\Microsoft SQL Server\160\DTS\Binn\;C:\Program Files\Microsoft SQL Server\150\Tools\Binn\;C:\Program Files\dotnet\;C:\Program Files\Git\cmd;C:\Program Files\nodejs\;C:\Program Files (x86)\Microsoft SQL Server\160\DTS\Binn\;C:\Program Files\Azure Data Studio\bin;C:\Users\Luis F\AppData\Local\Programs\Python\Python312\Scripts\;C:\Users\Luis F\AppData\Local\Programs\Python\Python312\;C:\Users\Luis F\AppData\Local\Microsoft\WindowsApps;C:\Users\Luis F\AppData\Local\Programs\Microsoft VS Code\bin;C:\Program Files\Azure Data Studio\bin;C:\Users\Luis F\.dotnet\tools;C:\Users\Luis F\AppData\Local\GitHubDesktop\bin;C:\Users\Luis F\AppData\Roaming\npm;;C:\Program Files\Azure Data Studio\bin
USERNAME=Luis F
OS=Windows_NT
PROCESSOR_IDENTIFIER=Intel64 Family 6 Model 140 Stepping 1, GenuineIntel
TMP=C:\Users\LUISF~1\AppData\Local\Temp
TEMP=C:\Users\LUISF~1\AppData\Local\Temp



---------------  S Y S T E M  ---------------

OS: Windows 11 , 64 bit Build 22621 (10.0.22621.2070)
OS uptime: 0 days 1:46 hours
Hyper-V role detected

CPU:total 8 (initial active 8) (4 cores per cpu, 2 threads per core) family 6 model 140 stepping 1 microcode 0xaa, cmov, cx8, fxsr, mmx, sse, sse2, sse3, ssse3, sse4.1, sse4.2, popcnt, avx, avx2, aes, clmul, erms, 3dnowpref, lzcnt, ht, tsc, tscinvbit, bmi1, bmi2, adx, evex, sha, fma

Memory: 4k page, system-wide physical 11930M (501M free)
TotalPageFile size 18074M (AvailPageFile size 0M)
current process WorkingSet (physical memory assigned to process): 257M, peak: 260M
current process commit charge ("private bytes"): 374M, peak: 380M

vm_info: OpenJDK 64-Bit Server VM (11.0.16.1+1-LTS) for windows-amd64 JRE (11.0.16.1+1-LTS), built on Aug 20 2022 20:09:04 by "" with MS VC++ 15.9 (VS2017)

END.
