#
# There is insufficient memory for the Java Runtime Environment to continue.
# Native memory allocation (mmap) failed to map 147849216 bytes for Failed to commit area from 0x000000074c400000 to 0x0000000755100000 of length 147849216.
# Possible reasons:
#   The system is out of physical RAM or swap space
#   The process is running with CompressedOops enabled, and the Java Heap may be blocking the growth of the native heap
# Possible solutions:
#   Reduce memory load on the system
#   Increase physical memory or swap space
#   Check if swap backing store is full
#   Decrease Java heap size (-Xmx/-Xms)
#   Decrease number of Java threads
#   Decrease Java thread stack sizes (-Xss)
#   Set larger code cache with -XX:ReservedCodeCacheSize=
#   JVM is running with Zero Based Compressed Oops mode in which the Java heap is
#     placed in the first 32GB address space. The Java Heap base address is the
#     maximum limit for the native heap growth. Please use -XX:HeapBaseMinAddress
#     to set the Java Heap base and to place the Java Heap above 32GB virtual address.
# This output file may be truncated or incomplete.
#
#  Out of Memory Error (./src/hotspot/os/windows/os_windows.cpp:3386), pid=7520, tid=12472
#
# JRE version: OpenJDK Runtime Environment Microsoft-40648 (11.0.16.1+1) (build 11.0.16.1+1-LTS)
# Java VM: OpenJDK 64-Bit Server VM Microsoft-40648 (11.0.16.1+1-LTS, mixed mode, tiered, compressed oops, g1 gc, windows-amd64)
# No core dump will be written. Minidumps are not enabled by default on client versions of Windows
#

---------------  S U M M A R Y ------------

Command Line: -Dapplication.home=C:\Program Files\Microsoft\jdk-11.0.16.101-hotspot --add-modules=ALL-DEFAULT -Xms8m -Dfile.encoding=UTF8 -Djdk.module.main=jdk.compiler jdk.compiler/com.sun.tools.javac.Main @C:\Users\Luis F\AppData\Local\Temp\tmpB596.tmp -target 1.8 -source 1.8

Host: 11th Gen Intel(R) Core(TM) i7-1165G7 @ 2.80GHz, 8 cores, 11G,  Windows 11 , 64 bit Build 22621 (10.0.22621.2070)
Time: Wed Feb  7 21:45:35 2024 SA Western Standard Time elapsed time: 2.950438 seconds (0d 0h 0m 2s)

---------------  T H R E A D  ---------------

Current thread (0x000001f83b16f800):  VMThread "VM Thread" [stack: 0x0000004cf7500000,0x0000004cf7600000] [id=12472]

Stack: [0x0000004cf7500000,0x0000004cf7600000]
[error occurred during error reporting (printing stack bounds), id 0xc0000005, EXCEPTION_ACCESS_VIOLATION (0xc0000005) at pc=0x000001f8224c12e7]

Native frames: (J=compiled Java code, j=interpreted, Vv=VM code, C=native code)
V  [jvm.dll+0x62652a]
V  [jvm.dll+0x7b3249]
V  [jvm.dll+0x7b4938]
V  [jvm.dll+0x7b4f75]
V  [jvm.dll+0x7b4f2b]
V  [jvm.dll+0x6258b7]
V  [jvm.dll+0x625fc8]
C  [ntdll.dll+0xa3dff]
C  [ntdll.dll+0x1e456]
C  [ntdll.dll+0xa2dee]
C  0x000001f8224c12e7

VM_Operation (0x0000004cf6ffcd90): G1CollectForAllocation, mode: safepoint, requested by thread 0x000001f819d6e800


---------------  P R O C E S S  ---------------

Threads class SMR info:
_java_thread_list=0x000001f83c22d3f0, length=12, elements={
0x000001f819d6e800, 0x000001f83b172800, 0x000001f83b173000, 0x000001f83b208800,
0x000001f83b209800, 0x000001f83b20c000, 0x000001f83b20e000, 0x000001f83b1c0800,
0x000001f83b212800, 0x000001f83bc7d000, 0x000001f83c2ed000, 0x000001f83c2ee000
}

Java Threads: ( => current thread )
  0x000001f819d6e800 JavaThread "main" [_thread_blocked, id=20156, stack(0x0000004cf6f00000,0x0000004cf7000000)]
  0x000001f83b172800 JavaThread "Reference Handler" daemon [_thread_blocked, id=3932, stack(0x0000004cf7600000,0x0000004cf7700000)]
  0x000001f83b173000 JavaThread "Finalizer" daemon [_thread_blocked, id=7544, stack(0x0000004cf7700000,0x0000004cf7800000)]
  0x000001f83b208800 JavaThread "Signal Dispatcher" daemon [_thread_blocked, id=11656, stack(0x0000004cf7800000,0x0000004cf7900000)]
  0x000001f83b209800 JavaThread "Attach Listener" daemon [_thread_blocked, id=18676, stack(0x0000004cf7900000,0x0000004cf7a00000)]
  0x000001f83b20c000 JavaThread "Service Thread" daemon [_thread_blocked, id=7512, stack(0x0000004cf7a00000,0x0000004cf7b00000)]
  0x000001f83b20e000 JavaThread "C2 CompilerThread0" daemon [_thread_in_native, id=18844, stack(0x0000004cf7b00000,0x0000004cf7c00000)]
  0x000001f83b1c0800 JavaThread "C1 CompilerThread0" daemon [_thread_blocked, id=6904, stack(0x0000004cf7c00000,0x0000004cf7d00000)]
  0x000001f83b212800 JavaThread "Sweeper thread" daemon [_thread_blocked, id=13636, stack(0x0000004cf7d00000,0x0000004cf7e00000)]
  0x000001f83bc7d000 JavaThread "Common-Cleaner" daemon [_thread_blocked, id=6260, stack(0x0000004cf7e00000,0x0000004cf7f00000)]
  0x000001f83c2ed000 JavaThread "C2 CompilerThread1" daemon [_thread_in_native, id=20228, stack(0x0000004cf7f00000,0x0000004cf8000000)]
  0x000001f83c2ee000 JavaThread "C2 CompilerThread2" daemon [_thread_blocked, id=3788, stack(0x0000004cf8200000,0x0000004cf8300000)]

Other Threads:
=>0x000001f83b16f800 VMThread "VM Thread" [stack: 0x0000004cf7500000,0x0000004cf7600000] [id=12472]
  0x000001f83bd4f800 WatcherThread [stack: 0x0000004cf8000000,0x0000004cf8100000] [id=6580]
  0x000001f817b5d000 GCTaskThread "GC Thread#0" [stack: 0x0000004cf7000000,0x0000004cf7100000] [id=15060]
  0x000001f83bf1e000 GCTaskThread "GC Thread#1" [stack: 0x0000004cf8100000,0x0000004cf8200000] [id=19404]
  0x000001f819dca000 ConcurrentGCThread "G1 Main Marker" [stack: 0x0000004cf7100000,0x0000004cf7200000] [id=10816]
  0x000001f819dcc000 ConcurrentGCThread "G1 Conc#0" [stack: 0x0000004cf7200000,0x0000004cf7300000] [id=16544]
  0x000001f83d609800 ConcurrentGCThread "G1 Conc#1" [stack: 0x0000004cf8300000,0x0000004cf8400000] [id=20208]
  0x000001f819dfa000 ConcurrentGCThread "G1 Refine#0" [stack: 0x0000004cf7300000,0x0000004cf7400000] [id=13396]
  0x000001f83e06b800 ConcurrentGCThread "G1 Refine#1" [stack: 0x0000004cf8400000,0x0000004cf8500000] [id=19468]
  0x000001f83dad7000 ConcurrentGCThread "G1 Refine#2" [stack: 0x0000004cf8500000,0x0000004cf8600000] [id=19488]
  0x000001f83e54d000 ConcurrentGCThread "G1 Refine#3" [stack: 0x0000004cf8600000,0x0000004cf8700000] [id=6704]
  0x000001f819dfd000 ConcurrentGCThread "G1 Young RemSet Sampling" [stack: 0x0000004cf7400000,0x0000004cf7500000] [id=7252]

Threads with active compile tasks:
C2 CompilerThread0     2956 2385       4       com.sun.tools.javac.code.Symtab::lookupPackage (259 bytes)
C2 CompilerThread1     2956 2515       4       com.sun.tools.javac.comp.Resolve::findInheritedMemberType (186 bytes)
C2 CompilerThread2     2956 2397       4       com.sun.tools.javac.code.Symtab::enterPackage (79 bytes)

VM state:at safepoint (normal execution)

VM Mutex/Monitor currently owned by a thread:  ([mutex/lock_event])
[0x000001f819d6a9f0] Threads_lock - owner thread: 0x000001f83b16f800
[0x000001f819d6b020] Heap_lock - owner thread: 0x000001f819d6e800

Heap address: 0x0000000745800000, size: 2984 MB, Compressed Oops mode: Zero based, Oop shift amount: 3
Narrow klass base: 0x0000000800000000, Narrow klass shift: 0
Compressed class space size: 1073741824 Address: 0x0000000800000000

Heap:
 garbage-first heap   total 254976K, used 63488K [0x0000000745800000, 0x0000000800000000)
  region size 1024K, 3 young (3072K), 3 survivors (3072K)
 Metaspace       used 16183K, capacity 16466K, committed 16640K, reserved 1064960K
  class space    used 1560K, capacity 1696K, committed 1792K, reserved 1048576K
Heap Regions: E=young(eden), S=young(survivor), O=old, HS=humongous(starts), HC=humongous(continues), CS=collection set, F=free, A=archive, TAMS=top-at-mark-start (previous, next)
|   0|0x0000000745800000, 0x0000000745900000, 0x0000000745900000|100%| O|  |TAMS 0x0000000745900000, 0x0000000745800000| Untracked 
|   1|0x0000000745900000, 0x0000000745a00000, 0x0000000745a00000|100%| O|  |TAMS 0x0000000745a00000, 0x0000000745900000| Untracked 
|   2|0x0000000745a00000, 0x0000000745b00000, 0x0000000745b00000|100%| O|  |TAMS 0x0000000745b00000, 0x0000000745a00000| Untracked 
|   3|0x0000000745b00000, 0x0000000745c00000, 0x0000000745c00000|100%| O|  |TAMS 0x0000000745c00000, 0x0000000745b00000| Untracked 
|   4|0x0000000745c00000, 0x0000000745d00000, 0x0000000745d00000|100%| O|  |TAMS 0x0000000745d00000, 0x0000000745c00000| Untracked 
|   5|0x0000000745d00000, 0x0000000745e00000, 0x0000000745e00000|100%| O|  |TAMS 0x0000000745e00000, 0x0000000745d00000| Untracked 
|   6|0x0000000745e00000, 0x0000000745f00000, 0x0000000745f00000|100%| O|  |TAMS 0x0000000745f00000, 0x0000000745e00000| Untracked 
|   7|0x0000000745f00000, 0x0000000746000000, 0x0000000746000000|100%| O|  |TAMS 0x0000000746000000, 0x0000000745f00000| Untracked 
|   8|0x0000000746000000, 0x0000000746100000, 0x0000000746100000|100%| O|  |TAMS 0x0000000746100000, 0x0000000746000000| Untracked 
|   9|0x0000000746100000, 0x0000000746200000, 0x0000000746200000|100%|HS|  |TAMS 0x0000000746200000, 0x0000000746100000| Complete 
|  10|0x0000000746200000, 0x0000000746300000, 0x0000000746300000|100%|HC|  |TAMS 0x0000000746300000, 0x0000000746200000| Complete 
|  11|0x0000000746300000, 0x0000000746400000, 0x0000000746400000|100%|HC|  |TAMS 0x0000000746400000, 0x0000000746300000| Complete 
|  12|0x0000000746400000, 0x0000000746500000, 0x0000000746500000|100%|HS|  |TAMS 0x0000000746500000, 0x0000000746400000| Complete 
|  13|0x0000000746500000, 0x0000000746600000, 0x0000000746600000|100%|HC|  |TAMS 0x0000000746600000, 0x0000000746500000| Complete 
|  14|0x0000000746600000, 0x0000000746700000, 0x0000000746700000|100%|HC|  |TAMS 0x0000000746700000, 0x0000000746600000| Complete 
|  15|0x0000000746700000, 0x0000000746800000, 0x0000000746800000|100%|HC|  |TAMS 0x0000000746800000, 0x0000000746700000| Complete 
|  16|0x0000000746800000, 0x0000000746900000, 0x0000000746900000|100%|HC|  |TAMS 0x0000000746900000, 0x0000000746800000| Complete 
|  17|0x0000000746900000, 0x0000000746a00000, 0x0000000746a00000|100%| O|  |TAMS 0x0000000746a00000, 0x0000000746900000| Untracked 
|  18|0x0000000746a00000, 0x0000000746b00000, 0x0000000746b00000|100%|HS|  |TAMS 0x0000000746b00000, 0x0000000746a00000| Complete 
|  19|0x0000000746b00000, 0x0000000746c00000, 0x0000000746c00000|100%|HS|  |TAMS 0x0000000746c00000, 0x0000000746b00000| Complete 
|  20|0x0000000746c00000, 0x0000000746d00000, 0x0000000746d00000|100%|HC|  |TAMS 0x0000000746d00000, 0x0000000746c00000| Complete 
|  21|0x0000000746d00000, 0x0000000746e00000, 0x0000000746e00000|100%| O|  |TAMS 0x0000000746e00000, 0x0000000746d00000| Untracked 
|  22|0x0000000746e00000, 0x0000000746f00000, 0x0000000746f00000|100%| O|  |TAMS 0x0000000746f00000, 0x0000000746e00000| Untracked 
|  23|0x0000000746f00000, 0x0000000747000000, 0x0000000747000000|100%| O|  |TAMS 0x0000000747000000, 0x0000000746f00000| Untracked 
|  24|0x0000000747000000, 0x0000000747100000, 0x0000000747100000|100%| O|  |TAMS 0x0000000747100000, 0x0000000747000000| Untracked 
|  25|0x0000000747100000, 0x0000000747200000, 0x0000000747200000|100%| O|  |TAMS 0x0000000747200000, 0x0000000747100000| Untracked 
|  26|0x0000000747200000, 0x0000000747300000, 0x0000000747300000|100%| O|  |TAMS 0x0000000747300000, 0x0000000747200000| Untracked 
|  27|0x0000000747300000, 0x0000000747400000, 0x0000000747400000|100%| O|  |TAMS 0x0000000747400000, 0x0000000747300000| Untracked 
|  28|0x0000000747400000, 0x0000000747400000, 0x0000000747500000|  0%| F|  |TAMS 0x0000000747400000, 0x0000000747400000| Untracked 
|  29|0x0000000747500000, 0x0000000747600000, 0x0000000747600000|100%| O|  |TAMS 0x0000000747600000, 0x0000000747500000| Untracked 
|  30|0x0000000747600000, 0x0000000747700000, 0x0000000747700000|100%| O|  |TAMS 0x0000000747700000, 0x0000000747600000| Untracked 
|  31|0x0000000747700000, 0x0000000747800000, 0x0000000747800000|100%| O|  |TAMS 0x0000000747800000, 0x0000000747700000| Untracked 
|  32|0x0000000747800000, 0x0000000747900000, 0x0000000747900000|100%| O|  |TAMS 0x0000000747900000, 0x0000000747800000| Untracked 
|  33|0x0000000747900000, 0x0000000747a00000, 0x0000000747a00000|100%| O|  |TAMS 0x0000000747a00000, 0x0000000747900000| Untracked 
|  34|0x0000000747a00000, 0x0000000747b00000, 0x0000000747b00000|100%| O|  |TAMS 0x0000000747b00000, 0x0000000747a00000| Untracked 
|  35|0x0000000747b00000, 0x0000000747c00000, 0x0000000747c00000|100%| O|  |TAMS 0x0000000747c00000, 0x0000000747b00000| Untracked 
|  36|0x0000000747c00000, 0x0000000747d00000, 0x0000000747d00000|100%| O|  |TAMS 0x0000000747d00000, 0x0000000747c00000| Untracked 
|  37|0x0000000747d00000, 0x0000000747e00000, 0x0000000747e00000|100%| O|  |TAMS 0x0000000747e00000, 0x0000000747d00000| Untracked 
|  38|0x0000000747e00000, 0x0000000747f00000, 0x0000000747f00000|100%| O|  |TAMS 0x0000000747f00000, 0x0000000747e00000| Untracked 
|  39|0x0000000747f00000, 0x0000000748000000, 0x0000000748000000|100%| O|  |TAMS 0x0000000748000000, 0x0000000747f00000| Untracked 
|  40|0x0000000748000000, 0x0000000748100000, 0x0000000748100000|100%| O|  |TAMS 0x0000000748100000, 0x0000000748000000| Untracked 
|  41|0x0000000748100000, 0x0000000748200000, 0x0000000748200000|100%| O|  |TAMS 0x0000000748200000, 0x0000000748100000| Untracked 
|  42|0x0000000748200000, 0x0000000748300000, 0x0000000748300000|100%| O|  |TAMS 0x0000000748300000, 0x0000000748200000| Untracked 
|  43|0x0000000748300000, 0x0000000748400000, 0x0000000748400000|100%| O|  |TAMS 0x0000000748400000, 0x0000000748300000| Untracked 
|  44|0x0000000748400000, 0x0000000748500000, 0x0000000748500000|100%| O|  |TAMS 0x0000000748500000, 0x0000000748400000| Untracked 
|  45|0x0000000748500000, 0x0000000748600000, 0x0000000748600000|100%| O|  |TAMS 0x0000000748600000, 0x0000000748500000| Untracked 
|  46|0x0000000748600000, 0x0000000748700000, 0x0000000748700000|100%| O|  |TAMS 0x0000000748700000, 0x0000000748600000| Untracked 
|  47|0x0000000748700000, 0x0000000748800000, 0x0000000748800000|100%| O|  |TAMS 0x0000000748800000, 0x0000000748700000| Untracked 
|  48|0x0000000748800000, 0x0000000748900000, 0x0000000748900000|100%| O|  |TAMS 0x0000000748900000, 0x0000000748800000| Untracked 
|  49|0x0000000748900000, 0x0000000748a00000, 0x0000000748a00000|100%| O|  |TAMS 0x0000000748a00000, 0x0000000748900000| Untracked 
|  50|0x0000000748a00000, 0x0000000748b00000, 0x0000000748b00000|100%| O|  |TAMS 0x0000000748b00000, 0x0000000748a00000| Untracked 
|  51|0x0000000748b00000, 0x0000000748c00000, 0x0000000748c00000|100%| O|  |TAMS 0x0000000748c00000, 0x0000000748b00000| Untracked 
|  52|0x0000000748c00000, 0x0000000748d00000, 0x0000000748d00000|100%| O|  |TAMS 0x0000000748d00000, 0x0000000748c00000| Untracked 
|  53|0x0000000748d00000, 0x0000000748e00000, 0x0000000748e00000|100%| O|  |TAMS 0x0000000748e00000, 0x0000000748d00000| Untracked 
|  54|0x0000000748e00000, 0x0000000748f00000, 0x0000000748f00000|100%| O|  |TAMS 0x0000000748f00000, 0x0000000748e00000| Untracked 
|  55|0x0000000748f00000, 0x0000000749000000, 0x0000000749000000|100%| O|  |TAMS 0x0000000749000000, 0x0000000748f00000| Untracked 
|  56|0x0000000749000000, 0x0000000749100000, 0x0000000749100000|100%| O|  |TAMS 0x0000000749080000, 0x0000000749000000| Untracked 
|  57|0x0000000749100000, 0x0000000749200000, 0x0000000749200000|100%|HS|  |TAMS 0x0000000749100000, 0x0000000749100000| Complete 
|  58|0x0000000749200000, 0x0000000749300000, 0x0000000749300000|100%|HC|  |TAMS 0x0000000749200000, 0x0000000749200000| Complete 
|  59|0x0000000749300000, 0x0000000749400000, 0x0000000749400000|100%| O|  |TAMS 0x0000000749300000, 0x0000000749300000| Untracked 
|  60|0x0000000749400000, 0x0000000749400000, 0x0000000749500000|  0%| F|  |TAMS 0x0000000749400000, 0x0000000749400000| Untracked 
|  61|0x0000000749500000, 0x0000000749500000, 0x0000000749600000|  0%| F|  |TAMS 0x0000000749500000, 0x0000000749500000| Untracked 
|  62|0x0000000749600000, 0x0000000749600000, 0x0000000749700000|  0%| F|  |TAMS 0x0000000749600000, 0x0000000749600000| Untracked 
|  63|0x0000000749700000, 0x0000000749700000, 0x0000000749800000|  0%| F|  |TAMS 0x0000000749700000, 0x0000000749700000| Untracked 
|  64|0x0000000749800000, 0x0000000749800000, 0x0000000749900000|  0%| F|  |TAMS 0x0000000749800000, 0x0000000749800000| Untracked 
|  65|0x0000000749900000, 0x0000000749900000, 0x0000000749a00000|  0%| F|  |TAMS 0x0000000749900000, 0x0000000749900000| Untracked 
|  66|0x0000000749a00000, 0x0000000749a00000, 0x0000000749b00000|  0%| F|  |TAMS 0x0000000749a00000, 0x0000000749a00000| Untracked 
|  67|0x0000000749b00000, 0x0000000749b00000, 0x0000000749c00000|  0%| F|  |TAMS 0x0000000749b00000, 0x0000000749b00000| Untracked 
|  68|0x0000000749c00000, 0x0000000749c00000, 0x0000000749d00000|  0%| F|  |TAMS 0x0000000749c00000, 0x0000000749c00000| Untracked 
|  69|0x0000000749d00000, 0x0000000749d00000, 0x0000000749e00000|  0%| F|  |TAMS 0x0000000749d00000, 0x0000000749d00000| Untracked 
|  70|0x0000000749e00000, 0x0000000749e00000, 0x0000000749f00000|  0%| F|  |TAMS 0x0000000749e00000, 0x0000000749e00000| Untracked 
|  71|0x0000000749f00000, 0x0000000749f00000, 0x000000074a000000|  0%| F|  |TAMS 0x0000000749f00000, 0x0000000749f00000| Untracked 
|  72|0x000000074a000000, 0x000000074a000000, 0x000000074a100000|  0%| F|  |TAMS 0x000000074a000000, 0x000000074a000000| Untracked 
|  73|0x000000074a100000, 0x000000074a100000, 0x000000074a200000|  0%| F|  |TAMS 0x000000074a100000, 0x000000074a100000| Untracked 
|  74|0x000000074a200000, 0x000000074a200000, 0x000000074a300000|  0%| F|  |TAMS 0x000000074a200000, 0x000000074a200000| Untracked 
|  75|0x000000074a300000, 0x000000074a300000, 0x000000074a400000|  0%| F|  |TAMS 0x000000074a300000, 0x000000074a300000| Untracked 
|  76|0x000000074a400000, 0x000000074a400000, 0x000000074a500000|  0%| F|  |TAMS 0x000000074a400000, 0x000000074a400000| Untracked 
|  77|0x000000074a500000, 0x000000074a500000, 0x000000074a600000|  0%| F|  |TAMS 0x000000074a500000, 0x000000074a500000| Untracked 
|  78|0x000000074a600000, 0x000000074a600000, 0x000000074a700000|  0%| F|  |TAMS 0x000000074a600000, 0x000000074a600000| Untracked 
|  79|0x000000074a700000, 0x000000074a700000, 0x000000074a800000|  0%| F|  |TAMS 0x000000074a700000, 0x000000074a700000| Untracked 
|  80|0x000000074a800000, 0x000000074a800000, 0x000000074a900000|  0%| F|  |TAMS 0x000000074a800000, 0x000000074a800000| Untracked 
|  81|0x000000074a900000, 0x000000074a900000, 0x000000074aa00000|  0%| F|  |TAMS 0x000000074a900000, 0x000000074a900000| Untracked 
|  82|0x000000074aa00000, 0x000000074aa00000, 0x000000074ab00000|  0%| F|  |TAMS 0x000000074aa00000, 0x000000074aa00000| Untracked 
|  83|0x000000074ab00000, 0x000000074ab00000, 0x000000074ac00000|  0%| F|  |TAMS 0x000000074ab00000, 0x000000074ab00000| Untracked 
|  84|0x000000074ac00000, 0x000000074ac00000, 0x000000074ad00000|  0%| F|  |TAMS 0x000000074ac00000, 0x000000074ac00000| Untracked 
|  85|0x000000074ad00000, 0x000000074ad00000, 0x000000074ae00000|  0%| F|  |TAMS 0x000000074ad00000, 0x000000074ad00000| Untracked 
|  86|0x000000074ae00000, 0x000000074ae00000, 0x000000074af00000|  0%| F|  |TAMS 0x000000074ae00000, 0x000000074ae00000| Untracked 
|  87|0x000000074af00000, 0x000000074af00000, 0x000000074b000000|  0%| F|  |TAMS 0x000000074af00000, 0x000000074af00000| Untracked 
|  88|0x000000074b000000, 0x000000074b100000, 0x000000074b100000|100%| S|CS|TAMS 0x000000074b000000, 0x000000074b000000| Complete 
|  89|0x000000074b100000, 0x000000074b200000, 0x000000074b200000|100%| S|CS|TAMS 0x000000074b100000, 0x000000074b100000| Complete 
|  90|0x000000074b200000, 0x000000074b300000, 0x000000074b300000|100%| S|CS|TAMS 0x000000074b200000, 0x000000074b200000| Complete 
|  91|0x000000074b300000, 0x000000074b300000, 0x000000074b400000|  0%| F|  |TAMS 0x000000074b300000, 0x000000074b300000| Untracked 
|  92|0x000000074b400000, 0x000000074b400000, 0x000000074b500000|  0%| F|  |TAMS 0x000000074b400000, 0x000000074b400000| Untracked 
|  93|0x000000074b500000, 0x000000074b500000, 0x000000074b600000|  0%| F|  |TAMS 0x000000074b500000, 0x000000074b500000| Untracked 
|  94|0x000000074b600000, 0x000000074b600000, 0x000000074b700000|  0%| F|  |TAMS 0x000000074b600000, 0x000000074b600000| Untracked 
|  95|0x000000074b700000, 0x000000074b700000, 0x000000074b800000|  0%| F|  |TAMS 0x000000074b700000, 0x000000074b700000| Untracked 
|  96|0x000000074b800000, 0x000000074b800000, 0x000000074b900000|  0%| F|  |TAMS 0x000000074b800000, 0x000000074b800000| Untracked 
|  97|0x000000074b900000, 0x000000074b900000, 0x000000074ba00000|  0%| F|  |TAMS 0x000000074b900000, 0x000000074b900000| Untracked 
|  98|0x000000074ba00000, 0x000000074ba00000, 0x000000074bb00000|  0%| F|  |TAMS 0x000000074ba00000, 0x000000074ba00000| Untracked 
|  99|0x000000074bb00000, 0x000000074bb00000, 0x000000074bc00000|  0%| F|  |TAMS 0x000000074bb00000, 0x000000074bb00000| Untracked 
| 100|0x000000074bc00000, 0x000000074bc00000, 0x000000074bd00000|  0%| F|  |TAMS 0x000000074bc00000, 0x000000074bc00000| Untracked 
| 101|0x000000074bd00000, 0x000000074bd00000, 0x000000074be00000|  0%| F|  |TAMS 0x000000074bd00000, 0x000000074bd00000| Untracked 
| 102|0x000000074be00000, 0x000000074be00000, 0x000000074bf00000|  0%| F|  |TAMS 0x000000074be00000, 0x000000074be00000| Untracked 
| 103|0x000000074bf00000, 0x000000074bf00000, 0x000000074c000000|  0%| F|  |TAMS 0x000000074bf00000, 0x000000074bf00000| Untracked 
| 104|0x000000074c000000, 0x000000074c000000, 0x000000074c100000|  0%| F|  |TAMS 0x000000074c000000, 0x000000074c000000| Untracked 
| 105|0x000000074c100000, 0x000000074c100000, 0x000000074c200000|  0%| F|  |TAMS 0x000000074c100000, 0x000000074c100000| Untracked 
| 106|0x000000074c200000, 0x000000074c200000, 0x000000074c300000|  0%| F|  |TAMS 0x000000074c200000, 0x000000074c200000| Untracked 
| 107|0x000000074c300000, 0x000000074c300000, 0x000000074c400000|  0%| F|  |TAMS 0x000000074c300000, 0x000000074c300000| Untracked 

Card table byte_map: [0x000001f831dd0000,0x000001f8323b0000] _byte_map_base: 0x000001f82e3a4000

Marking Bits (Prev, Next): (CMBitMap*) 0x000001f819dbd7d8, (CMBitMap*) 0x000001f819dbd810
 Prev Bits: [0x000001f832990000, 0x000001f835830000)
 Next Bits: [0x000001f835830000, 0x000001f8386d0000)

Polling page: 0x000001f817d00000

Metaspace:

Usage:
  Non-class:     14.42 MB capacity,    14.28 MB (>99%) used,   119.77 KB ( <1%) free+waste,    27.63 KB ( <1%) overhead. 
      Class:      1.66 MB capacity,     1.52 MB ( 92%) used,   123.92 KB (  7%) free+waste,    11.56 KB ( <1%) overhead. 
       Both:     16.08 MB capacity,    15.80 MB ( 98%) used,   243.70 KB (  1%) free+waste,    39.19 KB ( <1%) overhead. 

Virtual space:
  Non-class space:       16.00 MB reserved,      14.50 MB ( 91%) committed 
      Class space:        1.00 GB reserved,       1.75 MB ( <1%) committed 
             Both:        1.02 GB reserved,      16.25 MB (  2%) committed 

Chunk freelists:
   Non-Class:  14.00 KB
       Class:  0 bytes
        Both:  14.00 KB

MaxMetaspaceSize: 17179869184.00 GB
CompressedClassSpaceSize: 1.00 GB
Initial GC threshold: 20.80 MB
Current GC threshold: 27.09 MB
CDS: off

CodeHeap 'non-profiled nmethods': size=120000Kb used=1477Kb max_used=1477Kb free=118522Kb
 bounds [0x000001f829f90000, 0x000001f82a200000, 0x000001f8314c0000]
CodeHeap 'profiled nmethods': size=120000Kb used=6302Kb max_used=6302Kb free=113697Kb
 bounds [0x000001f822a60000, 0x000001f823090000, 0x000001f829f90000]
CodeHeap 'non-nmethods': size=5760Kb used=1193Kb max_used=1224Kb free=4566Kb
 bounds [0x000001f8224c0000, 0x000001f822730000, 0x000001f822a60000]
 total_blobs=2986 nmethods=2580 adapters=316
 compilation: enabled
              stopped_count=0, restarted_count=0
 full_count=0

Compilation events (20 events):
Event: 2.933 Thread 0x000001f83b1c0800 2594       3       java.util.HashMap::values (25 bytes)
Event: 2.933 Thread 0x000001f83b1c0800 nmethod 2594 0x000001f823083b90 code [0x000001f823083d60, 0x000001f8230840f8]
Event: 2.933 Thread 0x000001f83b1c0800 2595       3       java.util.HashMap$Values::iterator (12 bytes)
Event: 2.933 Thread 0x000001f83b1c0800 nmethod 2595 0x000001f823084210 code [0x000001f8230843e0, 0x000001f823084648]
Event: 2.933 Thread 0x000001f83b1c0800 2596       3       java.util.HashMap$ValueIterator::<init> (11 bytes)
Event: 2.933 Thread 0x000001f83b1c0800 nmethod 2596 0x000001f823084710 code [0x000001f8230848c0, 0x000001f823084a48]
Event: 2.934 Thread 0x000001f83b1c0800 2597       3       java.util.LinkedList::add (7 bytes)
Event: 2.934 Thread 0x000001f83b1c0800 nmethod 2597 0x000001f823084b10 code [0x000001f823084cc0, 0x000001f823084e08]
Event: 2.934 Thread 0x000001f83b1c0800 2598       3       java.util.LinkedList::linkLast (59 bytes)
Event: 2.934 Thread 0x000001f83b1c0800 nmethod 2598 0x000001f823084e90 code [0x000001f823085060, 0x000001f8230854f8]
Event: 2.936 Thread 0x000001f83b1c0800 2599       3       com.sun.tools.javac.jvm.ClassReader::indexPool (268 bytes)
Event: 2.937 Thread 0x000001f83b1c0800 nmethod 2599 0x000001f823085690 code [0x000001f8230858e0, 0x000001f823086568]
Event: 2.938 Thread 0x000001f83b1c0800 2600       3       com.sun.tools.javac.code.Scope$StarImportScope::isFilled (8 bytes)
Event: 2.939 Thread 0x000001f83b1c0800 nmethod 2600 0x000001f823086890 code [0x000001f823086a40, 0x000001f823086c18]
Event: 2.939 Thread 0x000001f83b1c0800 2601       3       com.sun.tools.javac.code.DeferredLintHandler::immediate (8 bytes)
Event: 2.939 Thread 0x000001f83b1c0800 nmethod 2601 0x000001f823086d10 code [0x000001f823086ec0, 0x000001f8230870b8]
Event: 2.939 Thread 0x000001f83b1c0800 2602       3       com.sun.tools.javac.comp.TypeEnter$ImportsPhase$$Lambda$104/0x000000080017dc40::get$Lambda (10 bytes)
Event: 2.939 Thread 0x000001f83b1c0800 nmethod 2602 0x000001f823087190 code [0x000001f823087360, 0x000001f823087638]
Event: 2.939 Thread 0x000001f83b1c0800 2603       3       com.sun.tools.javac.comp.TypeEnter$$Lambda$108/0x000000080017c040::run (4 bytes)
Event: 2.939 Thread 0x000001f83b1c0800 nmethod 2603 0x000001f823087710 code [0x000001f8230878c0, 0x000001f823087a18]

GC Heap History (20 events):
Event: 1.653 GC heap after
{Heap after GC invocations=30 (full 0):
 garbage-first heap   total 27648K, used 18219K [0x0000000745800000, 0x0000000800000000)
  region size 1024K, 1 young (1024K), 1 survivors (1024K)
 Metaspace       used 13788K, capacity 14068K, committed 14336K, reserved 1062912K
  class space    used 1409K, capacity 1503K, committed 1536K, reserved 1048576K
}
Event: 1.665 GC heap before
{Heap before GC invocations=30 (full 0):
 garbage-first heap   total 27648K, used 19243K [0x0000000745800000, 0x0000000800000000)
  region size 1024K, 3 young (3072K), 1 survivors (1024K)
 Metaspace       used 13788K, capacity 14068K, committed 14336K, reserved 1062912K
  class space    used 1409K, capacity 1503K, committed 1536K, reserved 1048576K
}
Event: 1.667 GC heap after
{Heap after GC invocations=31 (full 0):
 garbage-first heap   total 27648K, used 18521K [0x0000000745800000, 0x0000000800000000)
  region size 1024K, 1 young (1024K), 1 survivors (1024K)
 Metaspace       used 13788K, capacity 14068K, committed 14336K, reserved 1062912K
  class space    used 1409K, capacity 1503K, committed 1536K, reserved 1048576K
}
Event: 1.682 GC heap before
{Heap before GC invocations=32 (full 0):
 garbage-first heap   total 27648K, used 20569K [0x0000000745800000, 0x0000000800000000)
  region size 1024K, 3 young (3072K), 1 survivors (1024K)
 Metaspace       used 13788K, capacity 14068K, committed 14336K, reserved 1062912K
  class space    used 1409K, capacity 1503K, committed 1536K, reserved 1048576K
}
Event: 1.684 GC heap after
{Heap after GC invocations=33 (full 0):
 garbage-first heap   total 55296K, used 18564K [0x0000000745800000, 0x0000000800000000)
  region size 1024K, 1 young (1024K), 1 survivors (1024K)
 Metaspace       used 13788K, capacity 14068K, committed 14336K, reserved 1062912K
  class space    used 1409K, capacity 1503K, committed 1536K, reserved 1048576K
}
Event: 1.716 GC heap before
{Heap before GC invocations=33 (full 0):
 garbage-first heap   total 55296K, used 27780K [0x0000000745800000, 0x0000000800000000)
  region size 1024K, 6 young (6144K), 1 survivors (1024K)
 Metaspace       used 13788K, capacity 14068K, committed 14336K, reserved 1062912K
  class space    used 1409K, capacity 1503K, committed 1536K, reserved 1048576K
}
Event: 1.717 GC heap after
{Heap after GC invocations=34 (full 0):
 garbage-first heap   total 55296K, used 23973K [0x0000000745800000, 0x0000000800000000)
  region size 1024K, 1 young (1024K), 1 survivors (1024K)
 Metaspace       used 13788K, capacity 14068K, committed 14336K, reserved 1062912K
  class space    used 1409K, capacity 1503K, committed 1536K, reserved 1048576K
}
Event: 1.737 GC heap before
{Heap before GC invocations=35 (full 0):
 garbage-first heap   total 55296K, used 33189K [0x0000000745800000, 0x0000000800000000)
  region size 1024K, 2 young (2048K), 1 survivors (1024K)
 Metaspace       used 13788K, capacity 14068K, committed 14336K, reserved 1062912K
  class space    used 1409K, capacity 1503K, committed 1536K, reserved 1048576K
}
Event: 1.739 GC heap after
{Heap after GC invocations=36 (full 0):
 garbage-first heap   total 55296K, used 19040K [0x0000000745800000, 0x0000000800000000)
  region size 1024K, 1 young (1024K), 1 survivors (1024K)
 Metaspace       used 13788K, capacity 14068K, committed 14336K, reserved 1062912K
  class space    used 1409K, capacity 1503K, committed 1536K, reserved 1048576K
}
Event: 1.898 GC heap before
{Heap before GC invocations=37 (full 0):
 garbage-first heap   total 55296K, used 35424K [0x0000000745800000, 0x0000000800000000)
  region size 1024K, 13 young (13312K), 1 survivors (1024K)
 Metaspace       used 13884K, capacity 14197K, committed 14336K, reserved 1062912K
  class space    used 1409K, capacity 1503K, committed 1536K, reserved 1048576K
}
Event: 1.902 GC heap after
{Heap after GC invocations=38 (full 0):
 garbage-first heap   total 55296K, used 23974K [0x0000000745800000, 0x0000000800000000)
  region size 1024K, 2 young (2048K), 2 survivors (2048K)
 Metaspace       used 13884K, capacity 14197K, committed 14336K, reserved 1062912K
  class space    used 1409K, capacity 1503K, committed 1536K, reserved 1048576K
}
Event: 2.124 GC heap before
{Heap before GC invocations=38 (full 0):
 garbage-first heap   total 55296K, used 35238K [0x0000000745800000, 0x0000000800000000)
  region size 1024K, 12 young (12288K), 2 survivors (2048K)
 Metaspace       used 14890K, capacity 15205K, committed 15488K, reserved 1062912K
  class space    used 1491K, capacity 1604K, committed 1664K, reserved 1048576K
}
Event: 2.133 GC heap after
{Heap after GC invocations=39 (full 0):
 garbage-first heap   total 110592K, used 30419K [0x0000000745800000, 0x0000000800000000)
  region size 1024K, 2 young (2048K), 2 survivors (2048K)
 Metaspace       used 14890K, capacity 15205K, committed 15488K, reserved 1062912K
  class space    used 1491K, capacity 1604K, committed 1664K, reserved 1048576K
}
Event: 2.547 GC heap before
{Heap before GC invocations=39 (full 0):
 garbage-first heap   total 110592K, used 56019K [0x0000000745800000, 0x0000000800000000)
  region size 1024K, 26 young (26624K), 2 survivors (2048K)
 Metaspace       used 15809K, capacity 16180K, committed 16384K, reserved 1064960K
  class space    used 1553K, capacity 1692K, committed 1792K, reserved 1048576K
}
Event: 2.560 GC heap after
{Heap after GC invocations=40 (full 0):
 garbage-first heap   total 110592K, used 40612K [0x0000000745800000, 0x0000000800000000)
  region size 1024K, 4 young (4096K), 4 survivors (4096K)
 Metaspace       used 15809K, capacity 16180K, committed 16384K, reserved 1064960K
  class space    used 1553K, capacity 1692K, committed 1792K, reserved 1048576K
}
Event: 2.707 GC heap before
{Heap before GC invocations=40 (full 0):
 garbage-first heap   total 110592K, used 65188K [0x0000000745800000, 0x0000000800000000)
  region size 1024K, 29 young (29696K), 4 survivors (4096K)
 Metaspace       used 16051K, capacity 16389K, committed 16640K, reserved 1064960K
  class space    used 1560K, capacity 1696K, committed 1792K, reserved 1048576K
}
Event: 2.742 GC heap after
{Heap after GC invocations=41 (full 0):
 garbage-first heap   total 110592K, used 57344K [0x0000000745800000, 0x0000000800000000)
  region size 1024K, 4 young (4096K), 4 survivors (4096K)
 Metaspace       used 16051K, capacity 16389K, committed 16640K, reserved 1064960K
  class space    used 1560K, capacity 1696K, committed 1792K, reserved 1048576K
}
Event: 2.800 GC heap before
{Heap before GC invocations=41 (full 0):
 garbage-first heap   total 110592K, used 62464K [0x0000000745800000, 0x0000000800000000)
  region size 1024K, 10 young (10240K), 4 survivors (4096K)
 Metaspace       used 16116K, capacity 16397K, committed 16640K, reserved 1064960K
  class space    used 1560K, capacity 1696K, committed 1792K, reserved 1048576K
}
Event: 2.809 GC heap after
{Heap after GC invocations=42 (full 0):
 garbage-first heap   total 110592K, used 59271K [0x0000000745800000, 0x0000000800000000)
  region size 1024K, 2 young (2048K), 2 survivors (2048K)
 Metaspace       used 16116K, capacity 16397K, committed 16640K, reserved 1064960K
  class space    used 1560K, capacity 1696K, committed 1792K, reserved 1048576K
}
Event: 2.941 GC heap before
{Heap before GC invocations=43 (full 0):
 garbage-first heap   total 110592K, used 76679K [0x0000000745800000, 0x0000000800000000)
  region size 1024K, 17 young (17408K), 2 survivors (2048K)
 Metaspace       used 16183K, capacity 16466K, committed 16640K, reserved 1064960K
  class space    used 1560K, capacity 1696K, committed 1792K, reserved 1048576K
}

Deoptimization events (20 events):
Event: 2.603 Thread 0x000001f819d6e800 Uncommon trap: trap_request=0xffffffde fr.pc=0x000001f82a0d1a90 relative=0x0000000000000070
Event: 2.603 Thread 0x000001f819d6e800 Uncommon trap: reason=class_check action=maybe_recompile pc=0x000001f82a0d1a90 method=com.sun.tools.javac.comp.Annotate.annotateLater(Lcom/sun/tools/javac/util/List;Lcom/sun/tools/javac/comp/Env;Lcom/sun/tools/javac/code/Symbol;Lcom/sun/tools/javac/util/J
Event: 2.603 Thread 0x000001f819d6e800 DEOPT PACKING pc=0x000001f82a0d1a90 sp=0x0000004cf6ffe890
Event: 2.603 Thread 0x000001f819d6e800 DEOPT UNPACKING pc=0x000001f8224c85af sp=0x0000004cf6ffe828 mode 2
Event: 2.632 Thread 0x000001f819d6e800 Uncommon trap: trap_request=0xffffff4d fr.pc=0x000001f82a0c2c98 relative=0x0000000000000238
Event: 2.632 Thread 0x000001f819d6e800 Uncommon trap: reason=unstable_if action=reinterpret pc=0x000001f82a0c2c98 method=com.sun.tools.javac.code.Scope$ScopeImpl.getIndex(Lcom/sun/tools/javac/util/Name;)I @ 60 c2
Event: 2.632 Thread 0x000001f819d6e800 DEOPT PACKING pc=0x000001f82a0c2c98 sp=0x0000004cf6ffc930
Event: 2.632 Thread 0x000001f819d6e800 DEOPT UNPACKING pc=0x000001f8224c85af sp=0x0000004cf6ffc848 mode 2
Event: 2.663 Thread 0x000001f819d6e800 Uncommon trap: trap_request=0xffffff4d fr.pc=0x000001f82a0e4d84 relative=0x0000000000000064
Event: 2.663 Thread 0x000001f819d6e800 Uncommon trap: reason=unstable_if action=reinterpret pc=0x000001f82a0e4d84 method=com.sun.tools.javac.jvm.Code.width(I)I @ 1 c2
Event: 2.663 Thread 0x000001f819d6e800 DEOPT PACKING pc=0x000001f82a0e4d84 sp=0x0000004cf6ffd820
Event: 2.663 Thread 0x000001f819d6e800 DEOPT UNPACKING pc=0x000001f8224c85af sp=0x0000004cf6ffd7a8 mode 2
Event: 2.758 Thread 0x000001f819d6e800 Uncommon trap: trap_request=0xffffff4d fr.pc=0x000001f82a0ed3fc relative=0x0000000000000f9c
Event: 2.758 Thread 0x000001f819d6e800 Uncommon trap: reason=unstable_if action=reinterpret pc=0x000001f82a0ed3fc method=com.sun.tools.javac.jvm.ClassReader.readPool(I)Ljava/lang/Object; @ 36 c2
Event: 2.758 Thread 0x000001f819d6e800 DEOPT PACKING pc=0x000001f82a0ed3fc sp=0x0000004cf6ffc5a0
Event: 2.758 Thread 0x000001f819d6e800 DEOPT UNPACKING pc=0x000001f8224c85af sp=0x0000004cf6ffc578 mode 2
Event: 2.852 Thread 0x000001f819d6e800 DEOPT PACKING pc=0x000001f822f4f478 sp=0x0000004cf6ffd560
Event: 2.852 Thread 0x000001f819d6e800 DEOPT UNPACKING pc=0x000001f822509d0e sp=0x0000004cf6ffca48 mode 0
Event: 2.936 Thread 0x000001f819d6e800 DEOPT PACKING pc=0x000001f823035d8f sp=0x0000004cf6ffd740
Event: 2.936 Thread 0x000001f819d6e800 DEOPT UNPACKING pc=0x000001f822509d0e sp=0x0000004cf6ffcc00 mode 0

Classes redefined (0 events):
No events

Internal exceptions (13 events):
Event: 0.533 Thread 0x000001f819d6e800 Exception <a 'sun/nio/fs/WindowsException'{0x0000000745fc0c20}> (0x0000000745fc0c20) thrown at [./src/hotspot/share/prims/jni.cpp, line 617]
Event: 0.534 Thread 0x000001f819d6e800 Exception <a 'sun/nio/fs/WindowsException'{0x0000000745fc1cf8}> (0x0000000745fc1cf8) thrown at [./src/hotspot/share/prims/jni.cpp, line 617]
Event: 0.534 Thread 0x000001f819d6e800 Exception <a 'sun/nio/fs/WindowsException'{0x0000000745fc20b8}> (0x0000000745fc20b8) thrown at [./src/hotspot/share/prims/jni.cpp, line 617]
Event: 0.534 Thread 0x000001f819d6e800 Exception <a 'sun/nio/fs/WindowsException'{0x0000000745fc4bc8}> (0x0000000745fc4bc8) thrown at [./src/hotspot/share/prims/jni.cpp, line 617]
Event: 0.534 Thread 0x000001f819d6e800 Exception <a 'sun/nio/fs/WindowsException'{0x0000000745fc4e80}> (0x0000000745fc4e80) thrown at [./src/hotspot/share/prims/jni.cpp, line 617]
Event: 0.535 Thread 0x000001f819d6e800 Exception <a 'java/lang/NoSuchMethodError'{0x0000000745fcf460}: 'int java.lang.invoke.DirectMethodHandle$Holder.invokeVirtual(java.lang.Object, java.lang.Object, java.lang.Object)'> (0x0000000745fcf460) thrown at [./src/hotspot/share/interpreter/linkResolver.cpp, line 773]
Event: 0.611 Thread 0x000001f819d6e800 Exception <a 'java/lang/NoSuchMethodError'{0x0000000745ff6950}: 'int java.lang.invoke.DirectMethodHandle$Holder.invokeStaticInit(java.lang.Object, java.lang.Object)'> (0x0000000745ff6950) thrown at [./src/hotspot/share/interpreter/linkResolver.cpp, line 773]
Event: 0.713 Thread 0x000001f819d6e800 Exception <a 'java/lang/NoSuchMethodError'{0x0000000745fca110}: 'int java.lang.invoke.DirectMethodHandle$Holder.invokeVirtual(java.lang.Object, java.lang.Object)'> (0x0000000745fca110) thrown at [./src/hotspot/share/interpreter/linkResolver.cpp, line 773]
Event: 0.728 Thread 0x000001f819d6e800 Exception <a 'java/lang/NoSuchMethodError'{0x0000000745ffb398}: 'java.lang.Object java.lang.invoke.Invokers$Holder.linkToTargetMethod(java.lang.Object, java.lang.Object, java.lang.Object, java.lang.Object, java.lang.Object, java.lang.Object)'> (0x0000000745ffb398) thrown at [./src/hotspot/share/interpreter/linkResolver.cpp, line 773]
Event: 1.341 Thread 0x000001f819d6e800 Exception <a 'java/lang/NoSuchMethodError'{0x00000007460288b0}: 'int java.lang.invoke.DirectMethodHandle$Holder.invokeSpecialIFC(java.lang.Object, java.lang.Object, int)'> (0x00000007460288b0) thrown at [./src/hotspot/share/interpreter/linkResolver.cpp, line 773]
Event: 2.169 Thread 0x000001f819d6e800 Implicit null exception at 0x000001f82a054fac to 0x000001f82a0550da
Event: 2.257 Thread 0x000001f819d6e800 Implicit null exception at 0x000001f82a07d115 to 0x000001f82a07ec54
Event: 2.363 Thread 0x000001f819d6e800 Exception <a 'java/lang/NoSuchMethodError'{0x000000074bb5ebe8}: 'int java.lang.invoke.DirectMethodHandle$Holder.invokeSpecial(java.lang.Object, java.lang.Object, java.lang.Object, java.lang.Object, java.lang.Object)'> (0x000000074bb5ebe8) thrown at [./src/hotspot/share/interpreter/linkResolver.cpp, line 773]

Events (20 events):
Event: 2.593 loading class com/sun/tools/javac/comp/Check done
Event: 2.602 loading class com/sun/tools/javac/code/Symbol
Event: 2.602 loading class com/sun/tools/javac/code/Symbol done
Event: 2.602 loading class com/sun/tools/javac/comp/Annotate
Event: 2.602 loading class com/sun/tools/javac/comp/Annotate done
Event: 2.603 loading class com/sun/tools/javac/comp/Env
Event: 2.603 loading class com/sun/tools/javac/comp/Env done
Event: 2.603 loading class com/sun/tools/javac/comp/Annotate
Event: 2.603 loading class com/sun/tools/javac/comp/Annotate done
Event: 2.632 loading class java/lang/Long$LongCache
Event: 2.632 loading class java/lang/Long$LongCache done
Event: 2.707 Executing VM operation: G1CollectForAllocation
Event: 2.742 Executing VM operation: G1CollectForAllocation done
Event: 2.800 Executing VM operation: G1CollectForAllocation
Event: 2.809 Executing VM operation: G1CollectForAllocation done
Event: 2.856 Executing VM operation: CGC_Operation
Event: 2.859 Executing VM operation: CGC_Operation done
Event: 2.893 Executing VM operation: CGC_Operation
Event: 2.894 Executing VM operation: CGC_Operation done
Event: 2.940 Executing VM operation: G1CollectForAllocation


Dynamic libraries:
0x00007ff656260000 - 0x00007ff656267000 	C:\Program Files\Microsoft\jdk-11.0.16.101-hotspot\bin\javac.exe
0x00007fff88e10000 - 0x00007fff89024000 	C:\WINDOWS\SYSTEM32\ntdll.dll
0x00007fff87410000 - 0x00007fff874d4000 	C:\WINDOWS\System32\KERNEL32.DLL
0x00007fff86700000 - 0x00007fff86aa4000 	C:\WINDOWS\System32\KERNELBASE.dll
0x00007fff863b0000 - 0x00007fff864c1000 	C:\WINDOWS\System32\ucrtbase.dll
0x00007fff83040000 - 0x00007fff83057000 	C:\Program Files\Microsoft\jdk-11.0.16.101-hotspot\bin\jli.dll
0x00007fff82fe0000 - 0x00007fff82ff5000 	C:\Program Files\Microsoft\jdk-11.0.16.101-hotspot\bin\VCRUNTIME140.dll
0x00007fff88ba0000 - 0x00007fff88d4a000 	C:\WINDOWS\System32\USER32.dll
0x00007fff5ed10000 - 0x00007fff5ef9f000 	C:\WINDOWS\WinSxS\amd64_microsoft.windows.common-controls_6595b64144ccf1df_6.0.22621.2070_none_2713e6537381f706\COMCTL32.dll
0x00007fff86290000 - 0x00007fff862b6000 	C:\WINDOWS\System32\win32u.dll
0x00007fff88880000 - 0x00007fff888a9000 	C:\WINDOWS\System32\GDI32.dll
0x00007fff87690000 - 0x00007fff87737000 	C:\WINDOWS\System32\msvcrt.dll
0x00007fff86ab0000 - 0x00007fff86bc9000 	C:\WINDOWS\System32\gdi32full.dll
0x00007fff861f0000 - 0x00007fff8628a000 	C:\WINDOWS\System32\msvcp_win.dll
0x00007fff88680000 - 0x00007fff886b1000 	C:\WINDOWS\System32\IMM32.DLL
0x00007fff51b40000 - 0x00007fff51bdb000 	C:\Program Files\Microsoft\jdk-11.0.16.101-hotspot\bin\msvcp140.dll
0x00007ffed4400000 - 0x00007ffed4f8a000 	C:\Program Files\Microsoft\jdk-11.0.16.101-hotspot\bin\server\jvm.dll
0x00007fff875e0000 - 0x00007fff87690000 	C:\WINDOWS\System32\ADVAPI32.dll
0x00007fff889d0000 - 0x00007fff88a76000 	C:\WINDOWS\System32\sechost.dll
0x00007fff888b0000 - 0x00007fff889c7000 	C:\WINDOWS\System32\RPCRT4.dll
0x00007fff86cc0000 - 0x00007fff86cc8000 	C:\WINDOWS\System32\PSAPI.DLL
0x00007fff7d650000 - 0x00007fff7d684000 	C:\WINDOWS\SYSTEM32\WINMM.dll
0x00007fff49930000 - 0x00007fff49939000 	C:\WINDOWS\SYSTEM32\WSOCK32.dll
0x00007fff86c30000 - 0x00007fff86ca1000 	C:\WINDOWS\System32\WS2_32.dll
0x00007fff7c870000 - 0x00007fff7c87a000 	C:\WINDOWS\SYSTEM32\VERSION.dll
0x00007fff851e0000 - 0x00007fff851f8000 	C:\WINDOWS\SYSTEM32\kernel.appcore.dll
0x00007fff83030000 - 0x00007fff83040000 	C:\Program Files\Microsoft\jdk-11.0.16.101-hotspot\bin\verify.dll
0x00007fff83a90000 - 0x00007fff83cbe000 	C:\WINDOWS\SYSTEM32\DBGHELP.DLL
0x00007fff87f60000 - 0x00007fff882ea000 	C:\WINDOWS\System32\combase.dll
0x00007fff88310000 - 0x00007fff883e7000 	C:\WINDOWS\System32\OLEAUT32.dll
0x00007fff4f6e0000 - 0x00007fff4f712000 	C:\WINDOWS\SYSTEM32\dbgcore.DLL
0x00007fff862c0000 - 0x00007fff8633a000 	C:\WINDOWS\System32\bcryptPrimitives.dll
0x00007fff584f0000 - 0x00007fff58518000 	C:\Program Files\Microsoft\jdk-11.0.16.101-hotspot\bin\java.dll
0x00007fff81310000 - 0x00007fff8131a000 	C:\Program Files\Microsoft\jdk-11.0.16.101-hotspot\bin\jimage.dll
0x00007fff584d0000 - 0x00007fff584e8000 	C:\Program Files\Microsoft\jdk-11.0.16.101-hotspot\bin\zip.dll
0x00007fff87740000 - 0x00007fff87f56000 	C:\WINDOWS\System32\SHELL32.dll
0x00007fff84170000 - 0x00007fff84a5a000 	C:\WINDOWS\SYSTEM32\windows.storage.dll
0x00007fff84030000 - 0x00007fff8416e000 	C:\WINDOWS\SYSTEM32\wintypes.dll
0x00007fff874e0000 - 0x00007fff875d3000 	C:\WINDOWS\System32\SHCORE.dll
0x00007fff88d70000 - 0x00007fff88dce000 	C:\WINDOWS\System32\shlwapi.dll
0x00007fff86120000 - 0x00007fff86146000 	C:\WINDOWS\SYSTEM32\profapi.dll
0x00007fff584b0000 - 0x00007fff584c9000 	C:\Program Files\Microsoft\jdk-11.0.16.101-hotspot\bin\net.dll
0x00007fff7fdc0000 - 0x00007fff7fef7000 	C:\WINDOWS\SYSTEM32\WINHTTP.dll
0x00007fff856b0000 - 0x00007fff85719000 	C:\WINDOWS\system32\mswsock.dll
0x00007fff58490000 - 0x00007fff584a3000 	C:\Program Files\Microsoft\jdk-11.0.16.101-hotspot\bin\nio.dll

dbghelp: loaded successfully - version: 4.0.5 - missing functions: none
symbol engine: initialized successfully - sym options: 0x614 - pdb path: .;C:\Program Files\Microsoft\jdk-11.0.16.101-hotspot\bin;C:\WINDOWS\SYSTEM32;C:\WINDOWS\WinSxS\amd64_microsoft.windows.common-controls_6595b64144ccf1df_6.0.22621.2070_none_2713e6537381f706;C:\Program Files\Microsoft\jdk-11.0.16.101-hotspot\bin\server

VM Arguments:
jvm_args: -Dapplication.home=C:\Program Files\Microsoft\jdk-11.0.16.101-hotspot --add-modules=ALL-DEFAULT -Xms8m -Dfile.encoding=UTF8 -Djdk.module.main=jdk.compiler 
java_command: jdk.compiler/com.sun.tools.javac.Main @C:\Users\Luis F\AppData\Local\Temp\tmpB596.tmp -target 1.8 -source 1.8
java_class_path (initial): <not set>
Launcher Type: SUN_STANDARD

[Global flags]
     intx CICompilerCount                          = 4                                         {product} {ergonomic}
     uint ConcGCThreads                            = 2                                         {product} {ergonomic}
     uint G1ConcRefinementThreads                  = 8                                         {product} {ergonomic}
   size_t G1HeapRegionSize                         = 1048576                                   {product} {ergonomic}
    uintx GCDrainStackTargetSize                   = 64                                        {product} {ergonomic}
   size_t InitialHeapSize                          = 8388608                                   {product} {command line}
   size_t MarkStackSize                            = 4194304                                   {product} {ergonomic}
   size_t MaxHeapSize                              = 3128950784                                {product} {ergonomic}
   size_t MaxNewSize                               = 1876951040                                {product} {ergonomic}
   size_t MinHeapDeltaBytes                        = 1048576                                   {product} {ergonomic}
    uintx NonNMethodCodeHeapSize                   = 5836300                                {pd product} {ergonomic}
    uintx NonProfiledCodeHeapSize                  = 122910970                              {pd product} {ergonomic}
    uintx ProfiledCodeHeapSize                     = 122910970                              {pd product} {ergonomic}
    uintx ReservedCodeCacheSize                    = 251658240                              {pd product} {ergonomic}
     bool SegmentedCodeCache                       = true                                      {product} {ergonomic}
     bool UseCompressedClassPointers               = true                                 {lp64_product} {ergonomic}
     bool UseCompressedOops                        = true                                 {lp64_product} {ergonomic}
     bool UseG1GC                                  = true                                      {product} {ergonomic}
     bool UseLargePagesIndividualAllocation        = false                                  {pd product} {ergonomic}

Logging:
Log output configuration:
 #0: stdout all=warning uptime,level,tags
 #1: stderr all=off uptime,level,tags

Environment Variables:
PATH=C:\Program Files\Microsoft MPI\Bin\;C:\Program Files\Microsoft\jdk-11.0.16.101-hotspot\bin;C:\WINDOWS\system32;C:\WINDOWS;C:\WINDOWS\System32\Wbem;C:\WINDOWS\System32\WindowsPowerShell\v1.0\;C:\WINDOWS\System32\OpenSSH\;C:\ProgramData\chocolatey\bin;C:\Program Files (x86)\Microsoft SQL Server\160\Tools\Binn\;C:\Program Files\Microsoft SQL Server\160\Tools\Binn\;C:\Program Files\Microsoft SQL Server\Client SDK\ODBC\170\Tools\Binn\;C:\Program Files\Microsoft SQL Server\160\DTS\Binn\;C:\Program Files\Microsoft SQL Server\150\Tools\Binn\;C:\Program Files\dotnet\;C:\Program Files\Git\cmd;C:\Program Files\nodejs\;C:\Program Files (x86)\Microsoft SQL Server\160\DTS\Binn\;C:\Program Files\Azure Data Studio\bin;C:\Users\Luis F\AppData\Local\Programs\Python\Python312\Scripts\;C:\Users\Luis F\AppData\Local\Programs\Python\Python312\;C:\Users\Luis F\AppData\Local\Microsoft\WindowsApps;C:\Users\Luis F\AppData\Local\Programs\Microsoft VS Code\bin;C:\Program Files\Azure Data Studio\bin;C:\Users\Luis F\.dotnet\tools;C:\Users\Luis F\AppData\Local\GitHubDesktop\bin;C:\Users\Luis F\AppData\Roaming\npm;;C:\Program Files\Azure Data Studio\bin
USERNAME=Luis F
OS=Windows_NT
PROCESSOR_IDENTIFIER=Intel64 Family 6 Model 140 Stepping 1, GenuineIntel
TMP=C:\Users\LUISF~1\AppData\Local\Temp
TEMP=C:\Users\LUISF~1\AppData\Local\Temp



---------------  S Y S T E M  ---------------

OS: Windows 11 , 64 bit Build 22621 (10.0.22621.2070)
OS uptime: 0 days 0:51 hours
Hyper-V role detected

CPU:total 8 (initial active 8) (4 cores per cpu, 2 threads per core) family 6 model 140 stepping 1 microcode 0xaa, cmov, cx8, fxsr, mmx, sse, sse2, sse3, ssse3, sse4.1, sse4.2, popcnt, avx, avx2, aes, clmul, erms, 3dnowpref, lzcnt, ht, tsc, tscinvbit, bmi1, bmi2, adx, evex, sha, fma

Memory: 4k page, system-wide physical 11930M (616M free)
TotalPageFile size 18074M (AvailPageFile size 67M)
current process WorkingSet (physical memory assigned to process): 197M, peak: 198M
current process commit charge ("private bytes"): 251M, peak: 391M

vm_info: OpenJDK 64-Bit Server VM (11.0.16.1+1-LTS) for windows-amd64 JRE (11.0.16.1+1-LTS), built on Aug 20 2022 20:09:04 by "" with MS VC++ 15.9 (VS2017)

END.
